"C:/Users/USC-VR-Ilab/Documents/GitHub/BallSplice/BallSpliceFolder/BallSpliceFolder.uproject" 1
"../../../Engine/Plugins/2D/Paper2D/Paper2D.uplugin" 2
"../../../Engine/Plugins/Blendables/LightPropagationVolume/LightPropagationVolume.uplugin" 3
"../../../Engine/Plugins/Developer/BlankPlugin/BlankPlugin.uplugin" 4
"../../../Engine/Plugins/Developer/CodeLiteSourceCodeAccess/CodeLiteSourceCodeAccess.uplugin" 5
"../../../Engine/Plugins/Developer/GitSourceControl/GitSourceControl.uplugin" 6
"../../../Engine/Plugins/Developer/KDevelopSourceCodeAccess/KDevelopSourceCodeAccess.uplugin" 7
"../../../Engine/Plugins/Developer/NullSourceCodeAccess/NullSourceCodeAccess.uplugin" 8
"../../../Engine/Plugins/Developer/OneSkyLocalizationService/OneSkyLocalizationService.uplugin" 9
"../../../Engine/Plugins/Developer/PerforceSourceControl/PerforceSourceControl.uplugin" 10
"../../../Engine/Plugins/Developer/SubversionSourceControl/SubversionSourceControl.uplugin" 11
"../../../Engine/Plugins/Developer/UObjectPlugin/UObjectPlugin.uplugin" 12
"../../../Engine/Plugins/Developer/VisualStudioSourceCodeAccess/VisualStudioSourceCodeAccess.uplugin" 13
"../../../Engine/Plugins/Developer/XCodeSourceCodeAccess/XCodeSourceCodeAccess.uplugin" 14
"../../../Engine/Plugins/Editor/AudioCapture/AudioCapture.uplugin" 15
"../../../Engine/Plugins/Editor/EpicSurvey/EpicSurvey.uplugin" 16
"../../../Engine/Plugins/Editor/MacGraphicsSwitching/MacGraphicsSwitching.uplugin" 17
"../../../Engine/Plugins/Editor/MobileLauncherProfileWizard/MobileLauncherProfileWizard.uplugin" 18
"../../../Engine/Plugins/Editor/PluginBrowser/PluginBrowser.uplugin" 19
"../../../Engine/Plugins/Editor/SpeedTreeImporter/SpeedTreeImporter.uplugin" 20
"../../../Engine/Plugins/Editor/SuperSearchEditor/SuperSearchEditor.uplugin" 21
"../../../Engine/Plugins/Experimental/AlembicImporter/AlembicImporter.uplugin" 22
"../../../Engine/Plugins/Experimental/BlueprintStats/BlueprintStats.uplugin" 23
"../../../Engine/Plugins/Experimental/CharacterAI/CharacterAI.uplugin" 24
"../../../Engine/Plugins/Experimental/CodeEditor/CodeEditor.uplugin" 25
"../../../Engine/Plugins/Experimental/CodeView/CodeView.uplugin" 26
"../../../Engine/Plugins/Experimental/HTML5Networking/HTML5Networking.uplugin" 27
"../../../Engine/Plugins/Experimental/OSVR/OSVR.uplugin" 28
"../../../Engine/Plugins/Experimental/Phya/Phya.uplugin" 29
"../../../Engine/Plugins/Experimental/SignificanceManager/SignificanceManager.uplugin" 30
"../../../Engine/Plugins/Experimental/SimpleHMD/SimpleHMD.uplugin" 31
"../../../Engine/Plugins/Experimental/StereoPanorama/StereoPanorama.uplugin" 32
"../../../Engine/Plugins/Experimental/StructBox/StructBox.uplugin" 33
"../../../Engine/Plugins/Media/AndroidMedia/AndroidMedia.uplugin" 34
"../../../Engine/Plugins/Media/AvfMedia/AvfMedia.uplugin" 35
"../../../Engine/Plugins/Media/MediaPlayerEditor/MediaPlayerEditor.uplugin" 36
"../../../Engine/Plugins/Media/WmfMedia/WmfMedia.uplugin" 37
"../../../Engine/Plugins/Messaging/MessagingDebugger/MessagingDebugger.uplugin" 38
"../../../Engine/Plugins/Messaging/TcpMessaging/TcpMessaging.uplugin" 39
"../../../Engine/Plugins/Messaging/UdpMessaging/UdpMessaging.uplugin" 40
"../../../Engine/Plugins/MovieScene/LevelSequenceEditor/LevelSequenceEditor.uplugin" 41
"../../../Engine/Plugins/MovieScene/MatineeToLevelSequence/MatineeToLevelSequence.uplugin" 42
"../../../Engine/Plugins/NetcodeUnitTest/NetcodeUnitTest/NetcodeUnitTest.uplugin" 43
"../../../Engine/Plugins/NetcodeUnitTest/NUTUnrealEngine4/NUTUnrealEngine4.uplugin" 44
"../../../Engine/Plugins/Online/Android/OnlineSubsystemGameCircle/OnlineSubsystemGameCircle.uplugin" 45
"../../../Engine/Plugins/Online/Android/OnlineSubsystemGooglePlay/OnlineSubsystemGooglePlay.uplugin" 46
"../../../Engine/Plugins/Online/IOS/OnlineSubsystemIOS/OnlineSubsystemIOS.uplugin" 47
"../../../Engine/Plugins/Online/OnlineFramework/OnlineFramework.uplugin" 48
"../../../Engine/Plugins/Online/OnlineSubsystem/OnlineSubsystem.uplugin" 49
"../../../Engine/Plugins/Online/OnlineSubsystemAmazon/OnlineSubsystemAmazon.uplugin" 50
"../../../Engine/Plugins/Online/OnlineSubsystemFacebook/OnlineSubsystemFacebook.uplugin" 51
"../../../Engine/Plugins/Online/OnlineSubsystemNull/OnlineSubsystemNull.uplugin" 52
"../../../Engine/Plugins/Online/OnlineSubsystemOculus/OnlineSubsystemOculus.uplugin" 53
"../../../Engine/Plugins/Online/OnlineSubsystemSteam/OnlineSubsystemSteam.uplugin" 54
"../../../Engine/Plugins/Online/OnlineSubsystemUtils/OnlineSubsystemUtils.uplugin" 55
"../../../Engine/Plugins/Runtime/Advertising/IOSTapJoy/IOSTapJoy.uplugin" 56
"../../../Engine/Plugins/Runtime/Analytics/AnalyticsBlueprintLibrary/AnalyticsBlueprintLibrary.uplugin" 57
"../../../Engine/Plugins/Runtime/Analytics/AnalyticsMulticast/AnalyticsMulticast.uplugin" 58
"../../../Engine/Plugins/Runtime/Analytics/Apsalar/Apsalar.uplugin" 59
"../../../Engine/Plugins/Runtime/Analytics/FileLogging/FileLogging.uplugin" 60
"../../../Engine/Plugins/Runtime/Analytics/Flurry/Flurry.uplugin" 61
"../../../Engine/Plugins/Runtime/AndroidDeviceProfileSelector/AndroidDeviceProfileSelector.uplugin" 62
"../../../Engine/Plugins/Runtime/AndroidMoviePlayer/AndroidMoviePlayer.uplugin" 63
"../../../Engine/Plugins/Runtime/AppleMoviePlayer/AppleMoviePlayer.uplugin" 64
"../../../Engine/Plugins/Runtime/ArchVisCharacter/ArchVisCharacter.uplugin" 65
"../../../Engine/Plugins/Runtime/CableComponent/CableComponent.uplugin" 66
"../../../Engine/Plugins/Runtime/CustomMeshComponent/CustomMeshComponent.uplugin" 67
"../../../Engine/Plugins/Runtime/ExampleDeviceProfileSelector/ExampleDeviceProfileSelector.uplugin" 68
"../../../Engine/Plugins/Runtime/GearVR/GearVR.uplugin" 69
"../../../Engine/Plugins/Runtime/GoogleVR/GoogleVRController/GoogleVRController.uplugin" 70
"../../../Engine/Plugins/Runtime/GoogleVR/GoogleVRHMD/GoogleVRHMD.uplugin" 71
"../../../Engine/Plugins/Runtime/IOSDeviceProfileSelector/IOSDeviceProfileSelector.uplugin" 72
"../../../Engine/Plugins/Runtime/LeapMotion/LeapMotion.uplugin" 73
"../../../Engine/Plugins/Runtime/LinuxDeviceProfileSelector/LinuxDeviceProfileSelector.uplugin" 74
"../../../Engine/Plugins/Runtime/MIDIDevice/MIDIDevice.uplugin" 75
"../../../Engine/Plugins/Runtime/MobilePatchingUtils/MobilePatchingUtils.uplugin" 76
"../../../Engine/Plugins/Runtime/Nvidia/Ansel/Ansel.uplugin" 77
"../../../Engine/Plugins/Runtime/OculusAudio/OculusAudio.uplugin" 78
"../../../Engine/Plugins/Runtime/OculusInput/OculusInput.uplugin" 79
"../../../Engine/Plugins/Runtime/OculusLibrary/OculusLibrary.uplugin" 80
"../../../Engine/Plugins/Runtime/OculusRift/OculusRift.uplugin" 81
"../../../Engine/Plugins/Runtime/PacketHandlers/CompressionComponents/Oodle/Oodle.uplugin" 82
"../../../Engine/Plugins/Runtime/ProceduralMeshComponent/ProceduralMeshComponent.uplugin" 83
"../../../Engine/Plugins/Runtime/SoundMod/SoundMod.uplugin" 84
"../../../Engine/Plugins/Runtime/SoundVisualizations/SoundVisualizations.uplugin" 85
"../../../Engine/Plugins/Runtime/Steam/SteamController/SteamController.uplugin" 86
"../../../Engine/Plugins/Runtime/Steam/SteamVR/SteamVR.uplugin" 87
"../../../Engine/Plugins/Runtime/WebBrowserWidget/WebBrowserWidget.uplugin" 88
"../../../Engine/Plugins/Runtime/WindowsDeviceProfileSelector/WindowsDeviceProfileSelector.uplugin" 89
"../../../Engine/Plugins/Runtime/WindowsMoviePlayer/WindowsMoviePlayer.uplugin" 90
"../../../Engine/Plugins/ScriptPlugin/ScriptPlugin.uplugin" 91
"../../../Engine/Plugins/Slate/SlateRemote/SlateRemote.uplugin" 92
"../../../Engine/Plugins/Tests/EditorTests/EditorTests.uplugin" 93
"../../../Engine/Plugins/Tests/FbxAutomationTestBuilder/FbxAutomationTestBuilder.uplugin" 94
"../../../Engine/Plugins/Tests/FunctionalTestingEditor/FunctionalTestingEditor.uplugin" 95
"../../../Engine/Plugins/Tests/RuntimeTests/RuntimeTests.uplugin" 96
"../../../Engine/Plugins/Tests/ScreenshotTools/ScreenshotTools.uplugin" 97
"..\..\..\Engine\Content\Internationalization\icudt53l\cnvalias.icu" 98
"..\..\..\Engine\Content\Internationalization\icudt53l\res_index.res" 99
"..\..\..\Engine\Content\Internationalization\icudt53l\plurals.res" 100
"..\..\..\Engine\Content\Internationalization\icudt53l\lang\en.res" 101
"..\..\..\Engine\Content\Internationalization\icudt53l\lang\pool.res" 102
"..\..\..\Engine\Content\Internationalization\icudt53l\lang\root.res" 103
"..\..\..\Engine\Content\Internationalization\icudt53l\region\en.res" 104
"..\..\..\Engine\Content\Internationalization\icudt53l\region\pool.res" 105
"..\..\..\Engine\Content\Internationalization\icudt53l\region\root.res" 106
"..\..\..\Engine\Content\Internationalization\icudt53l\windowsZones.res" 107
"..\..\..\Engine\Content\Internationalization\icudt53l\zoneinfo64.res" 108
"..\..\..\Engine\Content\Internationalization\icudt53l\keyTypeData.res" 109
"..\..\..\Engine\Content\Internationalization\icudt53l\timezoneTypes.res" 110
"..\..\..\Engine\Content\Internationalization\icudt53l\en_US.res" 111
"..\..\..\Engine\Content\Internationalization\icudt53l\pool.res" 112
"..\..\..\Engine\Content\Internationalization\icudt53l\en.res" 113
"..\..\..\Engine\Content\Internationalization\icudt53l\root.res" 114
"C:/Users/USC-VR-Ilab/AppData/Local/UnrealEngine/4.14/Saved/Config/Windows/Manifest.ini" 115
"../../../Engine/Config/Base.ini" 116
"../../../Engine/Config/BaseEngine.ini" 117
"C:/Users/USC-VR-Ilab/Documents/GitHub/BallSplice/BallSpliceFolder/Config/DefaultEngine.ini" 118
"../../../Engine/Config/Windows/WindowsEngine.ini" 119
"C:/Users/USC-VR-Ilab/Documents/GitHub/BallSplice/BallSpliceFolder/Saved/Config/Windows/Engine.ini" 120
"../../../../../../Users/USC-VR-Ilab/Documents/GitHub/BallSplice/BallSpliceFolder/Intermediate/Config/CoalescedSourceConfigs/Engine.ini" 121
"../../../Engine/Config/BaseGame.ini" 122
"C:/Users/USC-VR-Ilab/Documents/GitHub/BallSplice/BallSpliceFolder/Config/DefaultGame.ini" 123
"C:/Users/USC-VR-Ilab/Documents/GitHub/BallSplice/BallSpliceFolder/Saved/Config/Windows/Game.ini" 124
"../../../../../../Users/USC-VR-Ilab/Documents/GitHub/BallSplice/BallSpliceFolder/Intermediate/Config/CoalescedSourceConfigs/Game.ini" 125
"../../../Engine/Config/BaseInput.ini" 126
"C:/Users/USC-VR-Ilab/Documents/GitHub/BallSplice/BallSpliceFolder/Config/DefaultInput.ini" 127
"C:/Users/USC-VR-Ilab/Documents/GitHub/BallSplice/BallSpliceFolder/Saved/Config/Windows/Input.ini" 128
"../../../../../../Users/USC-VR-Ilab/Documents/GitHub/BallSplice/BallSpliceFolder/Intermediate/Config/CoalescedSourceConfigs/Input.ini" 129
"../../../Engine/Config/BaseEditor.ini" 130
"C:/Users/USC-VR-Ilab/Documents/GitHub/BallSplice/BallSpliceFolder/Config/DefaultEditor.ini" 131
"C:/Users/USC-VR-Ilab/Documents/GitHub/BallSplice/BallSpliceFolder/Saved/Config/Windows/Editor.ini" 132
"../../../../../../Users/USC-VR-Ilab/Documents/GitHub/BallSplice/BallSpliceFolder/Intermediate/Config/CoalescedSourceConfigs/Editor.ini" 133
"../../../Engine/Config/BaseEditorPerProjectUserSettings.ini" 134
"C:/Users/USC-VR-Ilab/Documents/GitHub/BallSplice/BallSpliceFolder/Saved/Config/Windows/EditorPerProjectUserSettings.ini" 135
"../../../../../../Users/USC-VR-Ilab/Documents/GitHub/BallSplice/BallSpliceFolder/Intermediate/Config/CoalescedSourceConfigs/EditorPerProjectUserSettings.ini" 136
"../../../Engine/Config/BaseEditorSettings.ini" 137
"C:/Users/USC-VR-Ilab/AppData/Local/UnrealEngine/4.14/Saved/Config/Windows/EditorSettings.ini" 138
"../../../../../../Users/USC-VR-Ilab/Documents/GitHub/BallSplice/BallSpliceFolder/Intermediate/Config/CoalescedSourceConfigs/EditorSettings.ini" 139
"../../../Engine/Config/BaseEditorLayout.ini" 140
"C:/Users/USC-VR-Ilab/AppData/Local/UnrealEngine/4.14/Saved/Config/Windows/EditorLayout.ini" 141
"../../../../../../Users/USC-VR-Ilab/Documents/GitHub/BallSplice/BallSpliceFolder/Intermediate/Config/CoalescedSourceConfigs/EditorLayout.ini" 142
"../../../Engine/Config/BaseEditorKeyBindings.ini" 143
"C:/Users/USC-VR-Ilab/AppData/Local/UnrealEngine/4.14/Saved/Config/Windows/EditorKeyBindings.ini" 144
"../../../../../../Users/USC-VR-Ilab/Documents/GitHub/BallSplice/BallSpliceFolder/Intermediate/Config/CoalescedSourceConfigs/EditorKeyBindings.ini" 145
"../../../Engine/Config/BaseCompat.ini" 146
"C:/Users/USC-VR-Ilab/Documents/GitHub/BallSplice/BallSpliceFolder/Saved/Config/Windows/Compat.ini" 147
"../../../../../../Users/USC-VR-Ilab/Documents/GitHub/BallSplice/BallSpliceFolder/Intermediate/Config/CoalescedSourceConfigs/Compat.ini" 148
"../../../Engine/Config/BaseLightmass.ini" 149
"C:/Users/USC-VR-Ilab/Documents/GitHub/BallSplice/BallSpliceFolder/Saved/Config/Windows/Lightmass.ini" 150
"../../../../../../Users/USC-VR-Ilab/Documents/GitHub/BallSplice/BallSpliceFolder/Intermediate/Config/CoalescedSourceConfigs/Lightmass.ini" 151
"../../../Engine/Config/BaseScalability.ini" 152
"C:/Users/USC-VR-Ilab/Documents/GitHub/BallSplice/BallSpliceFolder/Saved/Config/Windows/Scalability.ini" 153
"../../../../../../Users/USC-VR-Ilab/Documents/GitHub/BallSplice/BallSpliceFolder/Intermediate/Config/CoalescedSourceConfigs/Scalability.ini" 154
"../../../Engine/Config/BaseHardware.ini" 155
"C:/Users/USC-VR-Ilab/Documents/GitHub/BallSplice/BallSpliceFolder/Saved/Config/Windows/Hardware.ini" 156
"../../../../../../Users/USC-VR-Ilab/Documents/GitHub/BallSplice/BallSpliceFolder/Intermediate/Config/CoalescedSourceConfigs/Hardware.ini" 157
"C:/Users/USC-VR-Ilab/Documents/GitHub/BallSplice/BallSpliceFolder/Saved/Config/Windows/GameUserSettings.ini" 158
"../../../../../../Users/USC-VR-Ilab/Documents/GitHub/BallSplice/BallSpliceFolder/Intermediate/Config/CoalescedSourceConfigs/GameUserSettings.ini" 159
"../../../Engine/Config/BaseDeviceProfiles.ini" 160
"C:/Users/USC-VR-Ilab/Documents/GitHub/BallSplice/BallSpliceFolder/Saved/Config/Windows/DeviceProfiles.ini" 161
"../../../../../../Users/USC-VR-Ilab/Documents/GitHub/BallSplice/BallSpliceFolder/Intermediate/Config/CoalescedSourceConfigs/DeviceProfiles.ini" 162
"../../../Engine/Config/ConsoleVariables.ini" 163
"..\..\..\Engine\Content\Internationalization\icudt53l\lang\ar.res" 164
"..\..\..\Engine\Content\Internationalization\icudt53l\lang\es.res" 165
"..\..\..\Engine\Content\Internationalization\icudt53l\lang\ja.res" 166
"..\..\..\Engine\Content\Internationalization\icudt53l\lang\ko.res" 167
"..\..\..\Engine\Content\Internationalization\icudt53l\lang\pt.res" 168
"..\..\..\Engine\Content\Internationalization\icudt53l\region\pt.res" 169
"..\..\..\Engine\Content\Internationalization\icudt53l\lang\zh_CN.res" 170
"..\..\..\Engine\Content\Internationalization\icudt53l\lang\zh_Hans_CN.res" 171
"..\..\..\Engine\Content\Internationalization\icudt53l\lang\zh_Hans.res" 172
"..\..\..\Engine\Content\Internationalization\icudt53l\lang\zh.res" 173
"..\..\..\Engine\Content\Internationalization\icudt53l\region\zh_CN.res" 174
"..\..\..\Engine\Content\Internationalization\icudt53l\region\zh_Hans_CN.res" 175
"..\..\..\Engine\Content\Internationalization\icudt53l\region\zh_Hans.res" 176
"..\..\..\Engine\Content\Internationalization\icudt53l\region\zh.res" 177
"C:/Program Files (x86)/Epic Games/4.14/Engine/Content/Localization/Editor/en/Editor.locres" 178
"C:/Program Files (x86)/Epic Games/4.14/Engine/Content/Localization/EditorTutorials/en/EditorTutorials.locres" 179
"C:/Program Files (x86)/Epic Games/4.14/Engine/Content/Localization/Keywords/en/Keywords.locres" 180
"C:/Program Files (x86)/Epic Games/4.14/Engine/Content/Localization/Category/en/Category.locres" 181
"C:/Program Files (x86)/Epic Games/4.14/Engine/Content/Localization/ToolTips/en/ToolTips.locres" 182
"C:/Program Files (x86)/Epic Games/4.14/Engine/Content/Localization/PropertyNames/en/PropertyNames.locres" 183
"C:/Program Files (x86)/Epic Games/4.14/Engine/Content/Localization/Engine/en/Engine.locres" 184
"../../../Engine/Content/Slate/Fonts/Roboto-Regular.ttf" 185
"../../../Engine/Content/Slate/Fonts/DroidSansMono.ttf" 186
"../../../Engine/Content/Slate/Fonts/Roboto-Bold.ttf" 187
"../../../Engine/Content/Slate/Fonts/Roboto-Light.ttf" 188
"..\..\..\Engine\Content\Internationalization\icudt53l\lang\af.res" 189
"..\..\..\Engine\Content\Internationalization\icudt53l\region\af.res" 190
"..\..\..\Engine\Content\Internationalization\icudt53l\lang\agq.res" 191
"..\..\..\Engine\Content\Internationalization\icudt53l\region\agq.res" 192
"..\..\..\Engine\Content\Internationalization\icudt53l\lang\ak.res" 193
"..\..\..\Engine\Content\Internationalization\icudt53l\region\ak.res" 194
"..\..\..\Engine\Content\Internationalization\icudt53l\lang\am.res" 195
"..\..\..\Engine\Content\Internationalization\icudt53l\region\am.res" 196
"..\..\..\Engine\Content\Internationalization\icudt53l\region\ar.res" 197
"..\..\..\Engine\Content\Internationalization\icudt53l\lang\ar_EG.res" 198
"..\..\..\Engine\Content\Internationalization\icudt53l\lang\ar_LB.res" 199
"..\..\..\Engine\Content\Internationalization\icudt53l\lang\as.res" 200
"..\..\..\Engine\Content\Internationalization\icudt53l\region\as.res" 201
"..\..\..\Engine\Content\Internationalization\icudt53l\lang\asa.res" 202
"..\..\..\Engine\Content\Internationalization\icudt53l\region\asa.res" 203
"..\..\..\Engine\Content\Internationalization\icudt53l\lang\az.res" 204
"..\..\..\Engine\Content\Internationalization\icudt53l\lang\az_Cyrl.res" 205
"..\..\..\Engine\Content\Internationalization\icudt53l\lang\az_AZ.res" 206
"..\..\..\Engine\Content\Internationalization\icudt53l\lang\az_Latn_AZ.res" 207
"..\..\..\Engine\Content\Internationalization\icudt53l\lang\az_Latn.res" 208
"..\..\..\Engine\Content\Internationalization\icudt53l\region\az_AZ.res" 209
"..\..\..\Engine\Content\Internationalization\icudt53l\region\az_Latn_AZ.res" 210
"..\..\..\Engine\Content\Internationalization\icudt53l\region\az_Latn.res" 211
"..\..\..\Engine\Content\Internationalization\icudt53l\region\az.res" 212
"..\..\..\Engine\Content\Internationalization\icudt53l\region\az_Cyrl.res" 213
"..\..\..\Engine\Content\Internationalization\icudt53l\lang\bas.res" 214
"..\..\..\Engine\Content\Internationalization\icudt53l\region\bas.res" 215
"..\..\..\Engine\Content\Internationalization\icudt53l\lang\be.res" 216
"..\..\..\Engine\Content\Internationalization\icudt53l\region\be.res" 217
"..\..\..\Engine\Content\Internationalization\icudt53l\lang\bem.res" 218
"..\..\..\Engine\Content\Internationalization\icudt53l\region\bem.res" 219
"..\..\..\Engine\Content\Internationalization\icudt53l\lang\bez.res" 220
"..\..\..\Engine\Content\Internationalization\icudt53l\region\bez.res" 221
"..\..\..\Engine\Content\Internationalization\icudt53l\lang\bg.res" 222
"..\..\..\Engine\Content\Internationalization\icudt53l\region\bg.res" 223
"..\..\..\Engine\Content\Internationalization\icudt53l\lang\bm.res" 224
"..\..\..\Engine\Content\Internationalization\icudt53l\region\bm.res" 225
"..\..\..\Engine\Content\Internationalization\icudt53l\lang\bn.res" 226
"..\..\..\Engine\Content\Internationalization\icudt53l\region\bn.res" 227
"..\..\..\Engine\Content\Internationalization\icudt53l\lang\bn_IN.res" 228
"..\..\..\Engine\Content\Internationalization\icudt53l\region\bn_IN.res" 229
"..\..\..\Engine\Content\Internationalization\icudt53l\lang\bo.res" 230
"..\..\..\Engine\Content\Internationalization\icudt53l\region\bo.res" 231
"..\..\..\Engine\Content\Internationalization\icudt53l\region\bo_IN.res" 232
"..\..\..\Engine\Content\Internationalization\icudt53l\lang\br.res" 233
"..\..\..\Engine\Content\Internationalization\icudt53l\region\br.res" 234
"..\..\..\Engine\Content\Internationalization\icudt53l\lang\brx.res" 235
"..\..\..\Engine\Content\Internationalization\icudt53l\region\brx.res" 236
"..\..\..\Engine\Content\Internationalization\icudt53l\lang\bs.res" 237
"..\..\..\Engine\Content\Internationalization\icudt53l\lang\bs_Cyrl.res" 238
"..\..\..\Engine\Content\Internationalization\icudt53l\lang\bs_BA.res" 239
"..\..\..\Engine\Content\Internationalization\icudt53l\lang\bs_Latn_BA.res" 240
"..\..\..\Engine\Content\Internationalization\icudt53l\lang\bs_Latn.res" 241
"..\..\..\Engine\Content\Internationalization\icudt53l\region\bs_BA.res" 242
"..\..\..\Engine\Content\Internationalization\icudt53l\region\bs_Latn_BA.res" 243
"..\..\..\Engine\Content\Internationalization\icudt53l\region\bs_Latn.res" 244
"..\..\..\Engine\Content\Internationalization\icudt53l\region\bs.res" 245
"..\..\..\Engine\Content\Internationalization\icudt53l\region\bs_Cyrl.res" 246
"..\..\..\Engine\Content\Internationalization\icudt53l\lang\ca.res" 247
"..\..\..\Engine\Content\Internationalization\icudt53l\region\ca.res" 248
"..\..\..\Engine\Content\Internationalization\icudt53l\lang\cgg.res" 249
"..\..\..\Engine\Content\Internationalization\icudt53l\region\cgg.res" 250
"..\..\..\Engine\Content\Internationalization\icudt53l\lang\chr.res" 251
"..\..\..\Engine\Content\Internationalization\icudt53l\region\chr.res" 252
"..\..\..\Engine\Content\Internationalization\icudt53l\lang\cs.res" 253
"..\..\..\Engine\Content\Internationalization\icudt53l\region\cs.res" 254
"..\..\..\Engine\Content\Internationalization\icudt53l\lang\cy.res" 255
"..\..\..\Engine\Content\Internationalization\icudt53l\region\cy.res" 256
"..\..\..\Engine\Content\Internationalization\icudt53l\lang\da.res" 257
"..\..\..\Engine\Content\Internationalization\icudt53l\region\da.res" 258
"..\..\..\Engine\Content\Internationalization\icudt53l\lang\dav.res" 259
"..\..\..\Engine\Content\Internationalization\icudt53l\region\dav.res" 260
"..\..\..\Engine\Content\Internationalization\icudt53l\lang\de.res" 261
"..\..\..\Engine\Content\Internationalization\icudt53l\region\de.res" 262
"..\..\..\Engine\Content\Internationalization\icudt53l\lang\de_CH.res" 263
"..\..\..\Engine\Content\Internationalization\icudt53l\region\de_CH.res" 264
"..\..\..\Engine\Content\Internationalization\icudt53l\lang\dje.res" 265
"..\..\..\Engine\Content\Internationalization\icudt53l\region\dje.res" 266
"..\..\..\Engine\Content\Internationalization\icudt53l\lang\dua.res" 267
"..\..\..\Engine\Content\Internationalization\icudt53l\region\dua.res" 268
"..\..\..\Engine\Content\Internationalization\icudt53l\lang\dyo.res" 269
"..\..\..\Engine\Content\Internationalization\icudt53l\region\dyo.res" 270
"..\..\..\Engine\Content\Internationalization\icudt53l\lang\dz.res" 271
"..\..\..\Engine\Content\Internationalization\icudt53l\region\dz.res" 272
"..\..\..\Engine\Content\Internationalization\icudt53l\lang\ebu.res" 273
"..\..\..\Engine\Content\Internationalization\icudt53l\region\ebu.res" 274
"..\..\..\Engine\Content\Internationalization\icudt53l\lang\ee.res" 275
"..\..\..\Engine\Content\Internationalization\icudt53l\region\ee.res" 276
"..\..\..\Engine\Content\Internationalization\icudt53l\lang\el.res" 277
"..\..\..\Engine\Content\Internationalization\icudt53l\region\el.res" 278
"..\..\..\Engine\Content\Internationalization\icudt53l\lang\en_150.res" 279
"..\..\..\Engine\Content\Internationalization\icudt53l\lang\en_GB.res" 280
"..\..\..\Engine\Content\Internationalization\icudt53l\region\en_150.res" 281
"..\..\..\Engine\Content\Internationalization\icudt53l\region\en_GB.res" 282
"..\..\..\Engine\Content\Internationalization\icudt53l\lang\en_AG.res" 283
"..\..\..\Engine\Content\Internationalization\icudt53l\region\en_AG.res" 284
"..\..\..\Engine\Content\Internationalization\icudt53l\lang\en_AI.res" 285
"..\..\..\Engine\Content\Internationalization\icudt53l\region\en_AI.res" 286
"..\..\..\Engine\Content\Internationalization\icudt53l\lang\en_AU.res" 287
"..\..\..\Engine\Content\Internationalization\icudt53l\region\en_AU.res" 288
"..\..\..\Engine\Content\Internationalization\icudt53l\lang\en_BB.res" 289
"..\..\..\Engine\Content\Internationalization\icudt53l\region\en_BB.res" 290
"..\..\..\Engine\Content\Internationalization\icudt53l\lang\en_BE.res" 291
"..\..\..\Engine\Content\Internationalization\icudt53l\region\en_BE.res" 292
"..\..\..\Engine\Content\Internationalization\icudt53l\lang\en_BM.res" 293
"..\..\..\Engine\Content\Internationalization\icudt53l\region\en_BM.res" 294
"..\..\..\Engine\Content\Internationalization\icudt53l\lang\en_BS.res" 295
"..\..\..\Engine\Content\Internationalization\icudt53l\region\en_BS.res" 296
"..\..\..\Engine\Content\Internationalization\icudt53l\lang\en_BW.res" 297
"..\..\..\Engine\Content\Internationalization\icudt53l\region\en_BW.res" 298
"..\..\..\Engine\Content\Internationalization\icudt53l\lang\en_BZ.res" 299
"..\..\..\Engine\Content\Internationalization\icudt53l\region\en_BZ.res" 300
"..\..\..\Engine\Content\Internationalization\icudt53l\lang\en_CC.res" 301
"..\..\..\Engine\Content\Internationalization\icudt53l\region\en_CC.res" 302
"..\..\..\Engine\Content\Internationalization\icudt53l\lang\en_CK.res" 303
"..\..\..\Engine\Content\Internationalization\icudt53l\region\en_CK.res" 304
"..\..\..\Engine\Content\Internationalization\icudt53l\lang\en_CM.res" 305
"..\..\..\Engine\Content\Internationalization\icudt53l\region\en_CM.res" 306
"..\..\..\Engine\Content\Internationalization\icudt53l\lang\en_CX.res" 307
"..\..\..\Engine\Content\Internationalization\icudt53l\region\en_CX.res" 308
"..\..\..\Engine\Content\Internationalization\icudt53l\lang\en_DG.res" 309
"..\..\..\Engine\Content\Internationalization\icudt53l\region\en_DG.res" 310
"..\..\..\Engine\Content\Internationalization\icudt53l\lang\en_DM.res" 311
"..\..\..\Engine\Content\Internationalization\icudt53l\region\en_DM.res" 312
"..\..\..\Engine\Content\Internationalization\icudt53l\lang\en_ER.res" 313
"..\..\..\Engine\Content\Internationalization\icudt53l\region\en_ER.res" 314
"..\..\..\Engine\Content\Internationalization\icudt53l\lang\en_FJ.res" 315
"..\..\..\Engine\Content\Internationalization\icudt53l\region\en_FJ.res" 316
"..\..\..\Engine\Content\Internationalization\icudt53l\lang\en_FK.res" 317
"..\..\..\Engine\Content\Internationalization\icudt53l\region\en_FK.res" 318
"..\..\..\Engine\Content\Internationalization\icudt53l\lang\en_FM.res" 319
"..\..\..\Engine\Content\Internationalization\icudt53l\region\en_FM.res" 320
"..\..\..\Engine\Content\Internationalization\icudt53l\lang\en_GD.res" 321
"..\..\..\Engine\Content\Internationalization\icudt53l\region\en_GD.res" 322
"..\..\..\Engine\Content\Internationalization\icudt53l\lang\en_GG.res" 323
"..\..\..\Engine\Content\Internationalization\icudt53l\region\en_GG.res" 324
"..\..\..\Engine\Content\Internationalization\icudt53l\lang\en_GH.res" 325
"..\..\..\Engine\Content\Internationalization\icudt53l\region\en_GH.res" 326
"..\..\..\Engine\Content\Internationalization\icudt53l\lang\en_GI.res" 327
"..\..\..\Engine\Content\Internationalization\icudt53l\region\en_GI.res" 328
"..\..\..\Engine\Content\Internationalization\icudt53l\lang\en_GM.res" 329
"..\..\..\Engine\Content\Internationalization\icudt53l\region\en_GM.res" 330
"..\..\..\Engine\Content\Internationalization\icudt53l\lang\en_GY.res" 331
"..\..\..\Engine\Content\Internationalization\icudt53l\region\en_GY.res" 332
"..\..\..\Engine\Content\Internationalization\icudt53l\lang\en_HK.res" 333
"..\..\..\Engine\Content\Internationalization\icudt53l\region\en_HK.res" 334
"..\..\..\Engine\Content\Internationalization\icudt53l\lang\en_IE.res" 335
"..\..\..\Engine\Content\Internationalization\icudt53l\region\en_IE.res" 336
"..\..\..\Engine\Content\Internationalization\icudt53l\lang\en_IM.res" 337
"..\..\..\Engine\Content\Internationalization\icudt53l\region\en_IM.res" 338
"..\..\..\Engine\Content\Internationalization\icudt53l\lang\en_IN.res" 339
"..\..\..\Engine\Content\Internationalization\icudt53l\region\en_IN.res" 340
"..\..\..\Engine\Content\Internationalization\icudt53l\lang\en_IO.res" 341
"..\..\..\Engine\Content\Internationalization\icudt53l\region\en_IO.res" 342
"..\..\..\Engine\Content\Internationalization\icudt53l\lang\en_JE.res" 343
"..\..\..\Engine\Content\Internationalization\icudt53l\region\en_JE.res" 344
"..\..\..\Engine\Content\Internationalization\icudt53l\lang\en_JM.res" 345
"..\..\..\Engine\Content\Internationalization\icudt53l\region\en_JM.res" 346
"..\..\..\Engine\Content\Internationalization\icudt53l\lang\en_KE.res" 347
"..\..\..\Engine\Content\Internationalization\icudt53l\region\en_KE.res" 348
"..\..\..\Engine\Content\Internationalization\icudt53l\lang\en_KI.res" 349
"..\..\..\Engine\Content\Internationalization\icudt53l\region\en_KI.res" 350
"..\..\..\Engine\Content\Internationalization\icudt53l\lang\en_KN.res" 351
"..\..\..\Engine\Content\Internationalization\icudt53l\region\en_KN.res" 352
"..\..\..\Engine\Content\Internationalization\icudt53l\lang\en_KY.res" 353
"..\..\..\Engine\Content\Internationalization\icudt53l\region\en_KY.res" 354
"..\..\..\Engine\Content\Internationalization\icudt53l\lang\en_LC.res" 355
"..\..\..\Engine\Content\Internationalization\icudt53l\region\en_LC.res" 356
"..\..\..\Engine\Content\Internationalization\icudt53l\lang\en_LR.res" 357
"..\..\..\Engine\Content\Internationalization\icudt53l\region\en_LR.res" 358
"..\..\..\Engine\Content\Internationalization\icudt53l\lang\en_LS.res" 359
"..\..\..\Engine\Content\Internationalization\icudt53l\region\en_LS.res" 360
"..\..\..\Engine\Content\Internationalization\icudt53l\lang\en_MG.res" 361
"..\..\..\Engine\Content\Internationalization\icudt53l\region\en_MG.res" 362
"..\..\..\Engine\Content\Internationalization\icudt53l\lang\en_MO.res" 363
"..\..\..\Engine\Content\Internationalization\icudt53l\region\en_MO.res" 364
"..\..\..\Engine\Content\Internationalization\icudt53l\lang\en_MS.res" 365
"..\..\..\Engine\Content\Internationalization\icudt53l\region\en_MS.res" 366
"..\..\..\Engine\Content\Internationalization\icudt53l\lang\en_MT.res" 367
"..\..\..\Engine\Content\Internationalization\icudt53l\region\en_MT.res" 368
"..\..\..\Engine\Content\Internationalization\icudt53l\lang\en_MU.res" 369
"..\..\..\Engine\Content\Internationalization\icudt53l\region\en_MU.res" 370
"..\..\..\Engine\Content\Internationalization\icudt53l\lang\en_MW.res" 371
"..\..\..\Engine\Content\Internationalization\icudt53l\region\en_MW.res" 372
"..\..\..\Engine\Content\Internationalization\icudt53l\lang\en_NA.res" 373
"..\..\..\Engine\Content\Internationalization\icudt53l\region\en_NA.res" 374
"..\..\..\Engine\Content\Internationalization\icudt53l\lang\en_NF.res" 375
"..\..\..\Engine\Content\Internationalization\icudt53l\region\en_NF.res" 376
"..\..\..\Engine\Content\Internationalization\icudt53l\lang\en_NG.res" 377
"..\..\..\Engine\Content\Internationalization\icudt53l\region\en_NG.res" 378
"..\..\..\Engine\Content\Internationalization\icudt53l\lang\en_NR.res" 379
"..\..\..\Engine\Content\Internationalization\icudt53l\region\en_NR.res" 380
"..\..\..\Engine\Content\Internationalization\icudt53l\lang\en_NU.res" 381
"..\..\..\Engine\Content\Internationalization\icudt53l\region\en_NU.res" 382
"..\..\..\Engine\Content\Internationalization\icudt53l\lang\en_NZ.res" 383
"..\..\..\Engine\Content\Internationalization\icudt53l\region\en_NZ.res" 384
"..\..\..\Engine\Content\Internationalization\icudt53l\lang\en_PG.res" 385
"..\..\..\Engine\Content\Internationalization\icudt53l\region\en_PG.res" 386
"..\..\..\Engine\Content\Internationalization\icudt53l\lang\en_PH.res" 387
"..\..\..\Engine\Content\Internationalization\icudt53l\region\en_PH.res" 388
"..\..\..\Engine\Content\Internationalization\icudt53l\lang\en_PK.res" 389
"..\..\..\Engine\Content\Internationalization\icudt53l\region\en_PK.res" 390
"..\..\..\Engine\Content\Internationalization\icudt53l\lang\en_PN.res" 391
"..\..\..\Engine\Content\Internationalization\icudt53l\region\en_PN.res" 392
"..\..\..\Engine\Content\Internationalization\icudt53l\lang\en_PW.res" 393
"..\..\..\Engine\Content\Internationalization\icudt53l\region\en_PW.res" 394
"..\..\..\Engine\Content\Internationalization\icudt53l\lang\en_RW.res" 395
"..\..\..\Engine\Content\Internationalization\icudt53l\region\en_RW.res" 396
"..\..\..\Engine\Content\Internationalization\icudt53l\lang\en_SB.res" 397
"..\..\..\Engine\Content\Internationalization\icudt53l\region\en_SB.res" 398
"..\..\..\Engine\Content\Internationalization\icudt53l\lang\en_SC.res" 399
"..\..\..\Engine\Content\Internationalization\icudt53l\region\en_SC.res" 400
"..\..\..\Engine\Content\Internationalization\icudt53l\lang\en_SD.res" 401
"..\..\..\Engine\Content\Internationalization\icudt53l\region\en_SD.res" 402
"..\..\..\Engine\Content\Internationalization\icudt53l\lang\en_SG.res" 403
"..\..\..\Engine\Content\Internationalization\icudt53l\region\en_SG.res" 404
"..\..\..\Engine\Content\Internationalization\icudt53l\lang\en_SH.res" 405
"..\..\..\Engine\Content\Internationalization\icudt53l\region\en_SH.res" 406
"..\..\..\Engine\Content\Internationalization\icudt53l\lang\en_SL.res" 407
"..\..\..\Engine\Content\Internationalization\icudt53l\region\en_SL.res" 408
"..\..\..\Engine\Content\Internationalization\icudt53l\lang\en_SS.res" 409
"..\..\..\Engine\Content\Internationalization\icudt53l\region\en_SS.res" 410
"..\..\..\Engine\Content\Internationalization\icudt53l\lang\en_SX.res" 411
"..\..\..\Engine\Content\Internationalization\icudt53l\region\en_SX.res" 412
"..\..\..\Engine\Content\Internationalization\icudt53l\lang\en_SZ.res" 413
"..\..\..\Engine\Content\Internationalization\icudt53l\region\en_SZ.res" 414
"..\..\..\Engine\Content\Internationalization\icudt53l\lang\en_TC.res" 415
"..\..\..\Engine\Content\Internationalization\icudt53l\region\en_TC.res" 416
"..\..\..\Engine\Content\Internationalization\icudt53l\lang\en_TK.res" 417
"..\..\..\Engine\Content\Internationalization\icudt53l\region\en_TK.res" 418
"..\..\..\Engine\Content\Internationalization\icudt53l\lang\en_TO.res" 419
"..\..\..\Engine\Content\Internationalization\icudt53l\region\en_TO.res" 420
"..\..\..\Engine\Content\Internationalization\icudt53l\lang\en_TT.res" 421
"..\..\..\Engine\Content\Internationalization\icudt53l\region\en_TT.res" 422
"..\..\..\Engine\Content\Internationalization\icudt53l\lang\en_TV.res" 423
"..\..\..\Engine\Content\Internationalization\icudt53l\region\en_TV.res" 424
"..\..\..\Engine\Content\Internationalization\icudt53l\lang\en_TZ.res" 425
"..\..\..\Engine\Content\Internationalization\icudt53l\region\en_TZ.res" 426
"..\..\..\Engine\Content\Internationalization\icudt53l\lang\en_UG.res" 427
"..\..\..\Engine\Content\Internationalization\icudt53l\region\en_UG.res" 428
"..\..\..\Engine\Content\Internationalization\icudt53l\lang\en_VC.res" 429
"..\..\..\Engine\Content\Internationalization\icudt53l\region\en_VC.res" 430
"..\..\..\Engine\Content\Internationalization\icudt53l\lang\en_VG.res" 431
"..\..\..\Engine\Content\Internationalization\icudt53l\region\en_VG.res" 432
"..\..\..\Engine\Content\Internationalization\icudt53l\lang\en_VU.res" 433
"..\..\..\Engine\Content\Internationalization\icudt53l\region\en_VU.res" 434
"..\..\..\Engine\Content\Internationalization\icudt53l\lang\en_WS.res" 435
"..\..\..\Engine\Content\Internationalization\icudt53l\region\en_WS.res" 436
"..\..\..\Engine\Content\Internationalization\icudt53l\lang\en_ZA.res" 437
"..\..\..\Engine\Content\Internationalization\icudt53l\region\en_ZA.res" 438
"..\..\..\Engine\Content\Internationalization\icudt53l\lang\en_ZM.res" 439
"..\..\..\Engine\Content\Internationalization\icudt53l\region\en_ZM.res" 440
"..\..\..\Engine\Content\Internationalization\icudt53l\lang\en_ZW.res" 441
"..\..\..\Engine\Content\Internationalization\icudt53l\region\en_ZW.res" 442
"..\..\..\Engine\Content\Internationalization\icudt53l\lang\eo.res" 443
"..\..\..\Engine\Content\Internationalization\icudt53l\lang\es_419.res" 444
"..\..\..\Engine\Content\Internationalization\icudt53l\region\es.res" 445
"..\..\..\Engine\Content\Internationalization\icudt53l\lang\es_AR.res" 446
"..\..\..\Engine\Content\Internationalization\icudt53l\region\es_AR.res" 447
"..\..\..\Engine\Content\Internationalization\icudt53l\lang\es_BO.res" 448
"..\..\..\Engine\Content\Internationalization\icudt53l\region\es_BO.res" 449
"..\..\..\Engine\Content\Internationalization\icudt53l\lang\es_CL.res" 450
"..\..\..\Engine\Content\Internationalization\icudt53l\region\es_CL.res" 451
"..\..\..\Engine\Content\Internationalization\icudt53l\lang\es_CO.res" 452
"..\..\..\Engine\Content\Internationalization\icudt53l\region\es_CO.res" 453
"..\..\..\Engine\Content\Internationalization\icudt53l\lang\es_CR.res" 454
"..\..\..\Engine\Content\Internationalization\icudt53l\region\es_CR.res" 455
"..\..\..\Engine\Content\Internationalization\icudt53l\lang\es_CU.res" 456
"..\..\..\Engine\Content\Internationalization\icudt53l\region\es_CU.res" 457
"..\..\..\Engine\Content\Internationalization\icudt53l\lang\es_DO.res" 458
"..\..\..\Engine\Content\Internationalization\icudt53l\region\es_DO.res" 459
"..\..\..\Engine\Content\Internationalization\icudt53l\lang\es_EC.res" 460
"..\..\..\Engine\Content\Internationalization\icudt53l\region\es_EC.res" 461
"..\..\..\Engine\Content\Internationalization\icudt53l\lang\es_GT.res" 462
"..\..\..\Engine\Content\Internationalization\icudt53l\region\es_GT.res" 463
"..\..\..\Engine\Content\Internationalization\icudt53l\lang\es_HN.res" 464
"..\..\..\Engine\Content\Internationalization\icudt53l\region\es_HN.res" 465
"..\..\..\Engine\Content\Internationalization\icudt53l\lang\es_MX.res" 466
"..\..\..\Engine\Content\Internationalization\icudt53l\region\es_MX.res" 467
"..\..\..\Engine\Content\Internationalization\icudt53l\lang\es_NI.res" 468
"..\..\..\Engine\Content\Internationalization\icudt53l\region\es_NI.res" 469
"..\..\..\Engine\Content\Internationalization\icudt53l\lang\es_PA.res" 470
"..\..\..\Engine\Content\Internationalization\icudt53l\region\es_PA.res" 471
"..\..\..\Engine\Content\Internationalization\icudt53l\lang\es_PE.res" 472
"..\..\..\Engine\Content\Internationalization\icudt53l\region\es_PE.res" 473
"..\..\..\Engine\Content\Internationalization\icudt53l\lang\es_PR.res" 474
"..\..\..\Engine\Content\Internationalization\icudt53l\region\es_PR.res" 475
"..\..\..\Engine\Content\Internationalization\icudt53l\lang\es_PY.res" 476
"..\..\..\Engine\Content\Internationalization\icudt53l\region\es_PY.res" 477
"..\..\..\Engine\Content\Internationalization\icudt53l\lang\es_SV.res" 478
"..\..\..\Engine\Content\Internationalization\icudt53l\region\es_SV.res" 479
"..\..\..\Engine\Content\Internationalization\icudt53l\lang\es_US.res" 480
"..\..\..\Engine\Content\Internationalization\icudt53l\region\es_US.res" 481
"..\..\..\Engine\Content\Internationalization\icudt53l\lang\es_UY.res" 482
"..\..\..\Engine\Content\Internationalization\icudt53l\region\es_UY.res" 483
"..\..\..\Engine\Content\Internationalization\icudt53l\lang\es_VE.res" 484
"..\..\..\Engine\Content\Internationalization\icudt53l\region\es_VE.res" 485
"..\..\..\Engine\Content\Internationalization\icudt53l\lang\et.res" 486
"..\..\..\Engine\Content\Internationalization\icudt53l\region\et.res" 487
"..\..\..\Engine\Content\Internationalization\icudt53l\lang\eu.res" 488
"..\..\..\Engine\Content\Internationalization\icudt53l\region\eu.res" 489
"..\..\..\Engine\Content\Internationalization\icudt53l\lang\ewo.res" 490
"..\..\..\Engine\Content\Internationalization\icudt53l\region\ewo.res" 491
"..\..\..\Engine\Content\Internationalization\icudt53l\lang\fa.res" 492
"..\..\..\Engine\Content\Internationalization\icudt53l\lang\fa_AF.res" 493
"..\..\..\Engine\Content\Internationalization\icudt53l\region\fa_AF.res" 494
"..\..\..\Engine\Content\Internationalization\icudt53l\region\fa.res" 495
"..\..\..\Engine\Content\Internationalization\icudt53l\lang\ff.res" 496
"..\..\..\Engine\Content\Internationalization\icudt53l\region\ff.res" 497
"..\..\..\Engine\Content\Internationalization\icudt53l\lang\fi.res" 498
"..\..\..\Engine\Content\Internationalization\icudt53l\region\fi.res" 499
"..\..\..\Engine\Content\Internationalization\icudt53l\lang\fil.res" 500
"..\..\..\Engine\Content\Internationalization\icudt53l\lang\fil_PH.res" 501
"..\..\..\Engine\Content\Internationalization\icudt53l\region\fil_PH.res" 502
"..\..\..\Engine\Content\Internationalization\icudt53l\region\fil.res" 503
"..\..\..\Engine\Content\Internationalization\icudt53l\lang\fo.res" 504
"..\..\..\Engine\Content\Internationalization\icudt53l\region\fo.res" 505
"..\..\..\Engine\Content\Internationalization\icudt53l\lang\fr.res" 506
"..\..\..\Engine\Content\Internationalization\icudt53l\region\fr.res" 507
"..\..\..\Engine\Content\Internationalization\icudt53l\lang\fr_CA.res" 508
"..\..\..\Engine\Content\Internationalization\icudt53l\region\fr_CA.res" 509
"..\..\..\Engine\Content\Internationalization\icudt53l\lang\ga.res" 510
"..\..\..\Engine\Content\Internationalization\icudt53l\region\ga.res" 511
"..\..\..\Engine\Content\Internationalization\icudt53l\lang\gl.res" 512
"..\..\..\Engine\Content\Internationalization\icudt53l\region\gl.res" 513
"..\..\..\Engine\Content\Internationalization\icudt53l\lang\gsw.res" 514
"..\..\..\Engine\Content\Internationalization\icudt53l\region\gsw.res" 515
"..\..\..\Engine\Content\Internationalization\icudt53l\lang\gu.res" 516
"..\..\..\Engine\Content\Internationalization\icudt53l\region\gu.res" 517
"..\..\..\Engine\Content\Internationalization\icudt53l\lang\guz.res" 518
"..\..\..\Engine\Content\Internationalization\icudt53l\region\guz.res" 519
"..\..\..\Engine\Content\Internationalization\icudt53l\lang\gv.res" 520
"..\..\..\Engine\Content\Internationalization\icudt53l\region\gv.res" 521
"..\..\..\Engine\Content\Internationalization\icudt53l\lang\ha.res" 522
"..\..\..\Engine\Content\Internationalization\icudt53l\lang\ha_Latn.res" 523
"..\..\..\Engine\Content\Internationalization\icudt53l\lang\ha_GH.res" 524
"..\..\..\Engine\Content\Internationalization\icudt53l\lang\ha_Latn_GH.res" 525
"..\..\..\Engine\Content\Internationalization\icudt53l\region\ha_GH.res" 526
"..\..\..\Engine\Content\Internationalization\icudt53l\region\ha_Latn_GH.res" 527
"..\..\..\Engine\Content\Internationalization\icudt53l\region\ha_Latn.res" 528
"..\..\..\Engine\Content\Internationalization\icudt53l\region\ha.res" 529
"..\..\..\Engine\Content\Internationalization\icudt53l\lang\ha_NE.res" 530
"..\..\..\Engine\Content\Internationalization\icudt53l\lang\ha_Latn_NE.res" 531
"..\..\..\Engine\Content\Internationalization\icudt53l\region\ha_NE.res" 532
"..\..\..\Engine\Content\Internationalization\icudt53l\region\ha_Latn_NE.res" 533
"..\..\..\Engine\Content\Internationalization\icudt53l\lang\ha_NG.res" 534
"..\..\..\Engine\Content\Internationalization\icudt53l\lang\ha_Latn_NG.res" 535
"..\..\..\Engine\Content\Internationalization\icudt53l\region\ha_NG.res" 536
"..\..\..\Engine\Content\Internationalization\icudt53l\region\ha_Latn_NG.res" 537
"..\..\..\Engine\Content\Internationalization\icudt53l\lang\haw.res" 538
"..\..\..\Engine\Content\Internationalization\icudt53l\region\haw.res" 539
"..\..\..\Engine\Content\Internationalization\icudt53l\lang\he.res" 540
"..\..\..\Engine\Content\Internationalization\icudt53l\lang\he_IL.res" 541
"..\..\..\Engine\Content\Internationalization\icudt53l\region\he_IL.res" 542
"..\..\..\Engine\Content\Internationalization\icudt53l\region\he.res" 543
"..\..\..\Engine\Content\Internationalization\icudt53l\lang\hi.res" 544
"..\..\..\Engine\Content\Internationalization\icudt53l\region\hi.res" 545
"..\..\..\Engine\Content\Internationalization\icudt53l\lang\hr.res" 546
"..\..\..\Engine\Content\Internationalization\icudt53l\region\hr.res" 547
"..\..\..\Engine\Content\Internationalization\icudt53l\lang\hu.res" 548
"..\..\..\Engine\Content\Internationalization\icudt53l\region\hu.res" 549
"..\..\..\Engine\Content\Internationalization\icudt53l\lang\hy.res" 550
"..\..\..\Engine\Content\Internationalization\icudt53l\region\hy.res" 551
"..\..\..\Engine\Content\Internationalization\icudt53l\lang\id.res" 552
"..\..\..\Engine\Content\Internationalization\icudt53l\lang\id_ID.res" 553
"..\..\..\Engine\Content\Internationalization\icudt53l\region\id_ID.res" 554
"..\..\..\Engine\Content\Internationalization\icudt53l\region\id.res" 555
"..\..\..\Engine\Content\Internationalization\icudt53l\lang\ig.res" 556
"..\..\..\Engine\Content\Internationalization\icudt53l\region\ig.res" 557
"..\..\..\Engine\Content\Internationalization\icudt53l\lang\ii.res" 558
"..\..\..\Engine\Content\Internationalization\icudt53l\region\ii.res" 559
"..\..\..\Engine\Content\Internationalization\icudt53l\lang\is.res" 560
"..\..\..\Engine\Content\Internationalization\icudt53l\region\is.res" 561
"..\..\..\Engine\Content\Internationalization\icudt53l\lang\it.res" 562
"..\..\..\Engine\Content\Internationalization\icudt53l\region\it.res" 563
"..\..\..\Engine\Content\Internationalization\icudt53l\lang\ja_JP.res" 564
"..\..\..\Engine\Content\Internationalization\icudt53l\region\ja_JP.res" 565
"..\..\..\Engine\Content\Internationalization\icudt53l\region\ja.res" 566
"..\..\..\Engine\Content\Internationalization\icudt53l\lang\jgo.res" 567
"..\..\..\Engine\Content\Internationalization\icudt53l\region\jgo.res" 568
"..\..\..\Engine\Content\Internationalization\icudt53l\lang\jmc.res" 569
"..\..\..\Engine\Content\Internationalization\icudt53l\region\jmc.res" 570
"..\..\..\Engine\Content\Internationalization\icudt53l\lang\ka.res" 571
"..\..\..\Engine\Content\Internationalization\icudt53l\region\ka.res" 572
"..\..\..\Engine\Content\Internationalization\icudt53l\lang\kab.res" 573
"..\..\..\Engine\Content\Internationalization\icudt53l\region\kab.res" 574
"..\..\..\Engine\Content\Internationalization\icudt53l\lang\kam.res" 575
"..\..\..\Engine\Content\Internationalization\icudt53l\region\kam.res" 576
"..\..\..\Engine\Content\Internationalization\icudt53l\lang\kde.res" 577
"..\..\..\Engine\Content\Internationalization\icudt53l\region\kde.res" 578
"..\..\..\Engine\Content\Internationalization\icudt53l\lang\kea.res" 579
"..\..\..\Engine\Content\Internationalization\icudt53l\region\kea.res" 580
"..\..\..\Engine\Content\Internationalization\icudt53l\lang\khq.res" 581
"..\..\..\Engine\Content\Internationalization\icudt53l\region\khq.res" 582
"..\..\..\Engine\Content\Internationalization\icudt53l\lang\ki.res" 583
"..\..\..\Engine\Content\Internationalization\icudt53l\region\ki.res" 584
"..\..\..\Engine\Content\Internationalization\icudt53l\lang\kk.res" 585
"..\..\..\Engine\Content\Internationalization\icudt53l\lang\kk_Cyrl.res" 586
"..\..\..\Engine\Content\Internationalization\icudt53l\lang\kk_KZ.res" 587
"..\..\..\Engine\Content\Internationalization\icudt53l\lang\kk_Cyrl_KZ.res" 588
"..\..\..\Engine\Content\Internationalization\icudt53l\region\kk_KZ.res" 589
"..\..\..\Engine\Content\Internationalization\icudt53l\region\kk_Cyrl_KZ.res" 590
"..\..\..\Engine\Content\Internationalization\icudt53l\region\kk_Cyrl.res" 591
"..\..\..\Engine\Content\Internationalization\icudt53l\region\kk.res" 592
"..\..\..\Engine\Content\Internationalization\icudt53l\lang\kkj.res" 593
"..\..\..\Engine\Content\Internationalization\icudt53l\region\kkj.res" 594
"..\..\..\Engine\Content\Internationalization\icudt53l\lang\kl.res" 595
"..\..\..\Engine\Content\Internationalization\icudt53l\region\kl.res" 596
"..\..\..\Engine\Content\Internationalization\icudt53l\lang\kln.res" 597
"..\..\..\Engine\Content\Internationalization\icudt53l\region\kln.res" 598
"..\..\..\Engine\Content\Internationalization\icudt53l\lang\km.res" 599
"..\..\..\Engine\Content\Internationalization\icudt53l\region\km.res" 600
"..\..\..\Engine\Content\Internationalization\icudt53l\lang\kn.res" 601
"..\..\..\Engine\Content\Internationalization\icudt53l\region\kn.res" 602
"..\..\..\Engine\Content\Internationalization\icudt53l\region\ko.res" 603
"..\..\..\Engine\Content\Internationalization\icudt53l\lang\kok.res" 604
"..\..\..\Engine\Content\Internationalization\icudt53l\region\kok.res" 605
"..\..\..\Engine\Content\Internationalization\icudt53l\lang\ks.res" 606
"..\..\..\Engine\Content\Internationalization\icudt53l\lang\ks_Arab.res" 607
"..\..\..\Engine\Content\Internationalization\icudt53l\lang\ks_IN.res" 608
"..\..\..\Engine\Content\Internationalization\icudt53l\lang\ks_Arab_IN.res" 609
"..\..\..\Engine\Content\Internationalization\icudt53l\region\ks_IN.res" 610
"..\..\..\Engine\Content\Internationalization\icudt53l\region\ks_Arab_IN.res" 611
"..\..\..\Engine\Content\Internationalization\icudt53l\region\ks_Arab.res" 612
"..\..\..\Engine\Content\Internationalization\icudt53l\region\ks.res" 613
"..\..\..\Engine\Content\Internationalization\icudt53l\lang\ksb.res" 614
"..\..\..\Engine\Content\Internationalization\icudt53l\region\ksb.res" 615
"..\..\..\Engine\Content\Internationalization\icudt53l\lang\ksf.res" 616
"..\..\..\Engine\Content\Internationalization\icudt53l\region\ksf.res" 617
"..\..\..\Engine\Content\Internationalization\icudt53l\lang\kw.res" 618
"..\..\..\Engine\Content\Internationalization\icudt53l\region\kw.res" 619
"..\..\..\Engine\Content\Internationalization\icudt53l\lang\ky.res" 620
"..\..\..\Engine\Content\Internationalization\icudt53l\lang\ky_Cyrl.res" 621
"..\..\..\Engine\Content\Internationalization\icudt53l\lang\ky_KG.res" 622
"..\..\..\Engine\Content\Internationalization\icudt53l\lang\ky_Cyrl_KG.res" 623
"..\..\..\Engine\Content\Internationalization\icudt53l\region\ky_KG.res" 624
"..\..\..\Engine\Content\Internationalization\icudt53l\region\ky_Cyrl_KG.res" 625
"..\..\..\Engine\Content\Internationalization\icudt53l\region\ky_Cyrl.res" 626
"..\..\..\Engine\Content\Internationalization\icudt53l\region\ky.res" 627
"..\..\..\Engine\Content\Internationalization\icudt53l\lang\lag.res" 628
"..\..\..\Engine\Content\Internationalization\icudt53l\region\lag.res" 629
"..\..\..\Engine\Content\Internationalization\icudt53l\lang\leet.res" 630
"..\..\..\Engine\Content\Internationalization\icudt53l\lang\lg.res" 631
"..\..\..\Engine\Content\Internationalization\icudt53l\region\lg.res" 632
"..\..\..\Engine\Content\Internationalization\icudt53l\lang\lkt.res" 633
"..\..\..\Engine\Content\Internationalization\icudt53l\region\lkt.res" 634
"..\..\..\Engine\Content\Internationalization\icudt53l\lang\ln.res" 635
"..\..\..\Engine\Content\Internationalization\icudt53l\region\ln.res" 636
"..\..\..\Engine\Content\Internationalization\icudt53l\lang\lo.res" 637
"..\..\..\Engine\Content\Internationalization\icudt53l\region\lo.res" 638
"..\..\..\Engine\Content\Internationalization\icudt53l\lang\lt.res" 639
"..\..\..\Engine\Content\Internationalization\icudt53l\region\lt.res" 640
"..\..\..\Engine\Content\Internationalization\icudt53l\lang\lu.res" 641
"..\..\..\Engine\Content\Internationalization\icudt53l\region\lu.res" 642
"..\..\..\Engine\Content\Internationalization\icudt53l\lang\luo.res" 643
"..\..\..\Engine\Content\Internationalization\icudt53l\region\luo.res" 644
"..\..\..\Engine\Content\Internationalization\icudt53l\lang\luy.res" 645
"..\..\..\Engine\Content\Internationalization\icudt53l\region\luy.res" 646
"..\..\..\Engine\Content\Internationalization\icudt53l\lang\lv.res" 647
"..\..\..\Engine\Content\Internationalization\icudt53l\region\lv.res" 648
"..\..\..\Engine\Content\Internationalization\icudt53l\lang\mas.res" 649
"..\..\..\Engine\Content\Internationalization\icudt53l\region\mas.res" 650
"..\..\..\Engine\Content\Internationalization\icudt53l\lang\mer.res" 651
"..\..\..\Engine\Content\Internationalization\icudt53l\region\mer.res" 652
"..\..\..\Engine\Content\Internationalization\icudt53l\lang\mfe.res" 653
"..\..\..\Engine\Content\Internationalization\icudt53l\region\mfe.res" 654
"..\..\..\Engine\Content\Internationalization\icudt53l\lang\mg.res" 655
"..\..\..\Engine\Content\Internationalization\icudt53l\region\mg.res" 656
"..\..\..\Engine\Content\Internationalization\icudt53l\lang\mgh.res" 657
"..\..\..\Engine\Content\Internationalization\icudt53l\region\mgh.res" 658
"..\..\..\Engine\Content\Internationalization\icudt53l\lang\mgo.res" 659
"..\..\..\Engine\Content\Internationalization\icudt53l\region\mgo.res" 660
"..\..\..\Engine\Content\Internationalization\icudt53l\lang\mk.res" 661
"..\..\..\Engine\Content\Internationalization\icudt53l\region\mk.res" 662
"..\..\..\Engine\Content\Internationalization\icudt53l\lang\ml.res" 663
"..\..\..\Engine\Content\Internationalization\icudt53l\region\ml.res" 664
"..\..\..\Engine\Content\Internationalization\icudt53l\lang\mn.res" 665
"..\..\..\Engine\Content\Internationalization\icudt53l\lang\mn_Cyrl.res" 666
"..\..\..\Engine\Content\Internationalization\icudt53l\lang\mn_MN.res" 667
"..\..\..\Engine\Content\Internationalization\icudt53l\lang\mn_Cyrl_MN.res" 668
"..\..\..\Engine\Content\Internationalization\icudt53l\region\mn_MN.res" 669
"..\..\..\Engine\Content\Internationalization\icudt53l\region\mn_Cyrl_MN.res" 670
"..\..\..\Engine\Content\Internationalization\icudt53l\region\mn_Cyrl.res" 671
"..\..\..\Engine\Content\Internationalization\icudt53l\region\mn.res" 672
"..\..\..\Engine\Content\Internationalization\icudt53l\lang\mr.res" 673
"..\..\..\Engine\Content\Internationalization\icudt53l\region\mr.res" 674
"..\..\..\Engine\Content\Internationalization\icudt53l\lang\ms.res" 675
"..\..\..\Engine\Content\Internationalization\icudt53l\lang\ms_Latn.res" 676
"..\..\..\Engine\Content\Internationalization\icudt53l\lang\ms_BN.res" 677
"..\..\..\Engine\Content\Internationalization\icudt53l\lang\ms_Latn_BN.res" 678
"..\..\..\Engine\Content\Internationalization\icudt53l\region\ms_BN.res" 679
"..\..\..\Engine\Content\Internationalization\icudt53l\region\ms_Latn_BN.res" 680
"..\..\..\Engine\Content\Internationalization\icudt53l\region\ms_Latn.res" 681
"..\..\..\Engine\Content\Internationalization\icudt53l\region\ms.res" 682
"..\..\..\Engine\Content\Internationalization\icudt53l\lang\ms_MY.res" 683
"..\..\..\Engine\Content\Internationalization\icudt53l\lang\ms_Latn_MY.res" 684
"..\..\..\Engine\Content\Internationalization\icudt53l\region\ms_MY.res" 685
"..\..\..\Engine\Content\Internationalization\icudt53l\region\ms_Latn_MY.res" 686
"..\..\..\Engine\Content\Internationalization\icudt53l\lang\ms_SG.res" 687
"..\..\..\Engine\Content\Internationalization\icudt53l\lang\ms_Latn_SG.res" 688
"..\..\..\Engine\Content\Internationalization\icudt53l\region\ms_SG.res" 689
"..\..\..\Engine\Content\Internationalization\icudt53l\region\ms_Latn_SG.res" 690
"..\..\..\Engine\Content\Internationalization\icudt53l\lang\mt.res" 691
"..\..\..\Engine\Content\Internationalization\icudt53l\region\mt.res" 692
"..\..\..\Engine\Content\Internationalization\icudt53l\lang\mua.res" 693
"..\..\..\Engine\Content\Internationalization\icudt53l\region\mua.res" 694
"..\..\..\Engine\Content\Internationalization\icudt53l\lang\my.res" 695
"..\..\..\Engine\Content\Internationalization\icudt53l\region\my.res" 696
"..\..\..\Engine\Content\Internationalization\icudt53l\lang\naq.res" 697
"..\..\..\Engine\Content\Internationalization\icudt53l\region\naq.res" 698
"..\..\..\Engine\Content\Internationalization\icudt53l\lang\nb.res" 699
"..\..\..\Engine\Content\Internationalization\icudt53l\lang\nb_NO.res" 700
"..\..\..\Engine\Content\Internationalization\icudt53l\region\nb_NO.res" 701
"..\..\..\Engine\Content\Internationalization\icudt53l\region\nb.res" 702
"..\..\..\Engine\Content\Internationalization\icudt53l\lang\nd.res" 703
"..\..\..\Engine\Content\Internationalization\icudt53l\region\nd.res" 704
"..\..\..\Engine\Content\Internationalization\icudt53l\lang\ne.res" 705
"..\..\..\Engine\Content\Internationalization\icudt53l\region\ne.res" 706
"..\..\..\Engine\Content\Internationalization\icudt53l\lang\nl.res" 707
"..\..\..\Engine\Content\Internationalization\icudt53l\region\nl.res" 708
"..\..\..\Engine\Content\Internationalization\icudt53l\lang\nl_BE.res" 709
"..\..\..\Engine\Content\Internationalization\icudt53l\region\nl_BE.res" 710
"..\..\..\Engine\Content\Internationalization\icudt53l\lang\nmg.res" 711
"..\..\..\Engine\Content\Internationalization\icudt53l\region\nmg.res" 712
"..\..\..\Engine\Content\Internationalization\icudt53l\lang\nn.res" 713
"..\..\..\Engine\Content\Internationalization\icudt53l\lang\nn_NO.res" 714
"..\..\..\Engine\Content\Internationalization\icudt53l\region\nn_NO.res" 715
"..\..\..\Engine\Content\Internationalization\icudt53l\region\nn.res" 716
"..\..\..\Engine\Content\Internationalization\icudt53l\lang\nnh.res" 717
"..\..\..\Engine\Content\Internationalization\icudt53l\region\nnh.res" 718
"..\..\..\Engine\Content\Internationalization\icudt53l\lang\nus.res" 719
"..\..\..\Engine\Content\Internationalization\icudt53l\region\nus.res" 720
"..\..\..\Engine\Content\Internationalization\icudt53l\lang\nyn.res" 721
"..\..\..\Engine\Content\Internationalization\icudt53l\region\nyn.res" 722
"..\..\..\Engine\Content\Internationalization\icudt53l\lang\om.res" 723
"..\..\..\Engine\Content\Internationalization\icudt53l\region\om.res" 724
"..\..\..\Engine\Content\Internationalization\icudt53l\lang\or.res" 725
"..\..\..\Engine\Content\Internationalization\icudt53l\region\or.res" 726
"..\..\..\Engine\Content\Internationalization\icudt53l\lang\pa.res" 727
"..\..\..\Engine\Content\Internationalization\icudt53l\lang\pa_Arab.res" 728
"..\..\..\Engine\Content\Internationalization\icudt53l\lang\pa_PK.res" 729
"..\..\..\Engine\Content\Internationalization\icudt53l\lang\pa_Arab_PK.res" 730
"..\..\..\Engine\Content\Internationalization\icudt53l\region\pa_PK.res" 731
"..\..\..\Engine\Content\Internationalization\icudt53l\region\pa_Arab_PK.res" 732
"..\..\..\Engine\Content\Internationalization\icudt53l\region\pa_Arab.res" 733
"..\..\..\Engine\Content\Internationalization\icudt53l\lang\pa_Guru.res" 734
"..\..\..\Engine\Content\Internationalization\icudt53l\lang\pa_IN.res" 735
"..\..\..\Engine\Content\Internationalization\icudt53l\lang\pa_Guru_IN.res" 736
"..\..\..\Engine\Content\Internationalization\icudt53l\region\pa_IN.res" 737
"..\..\..\Engine\Content\Internationalization\icudt53l\region\pa_Guru_IN.res" 738
"..\..\..\Engine\Content\Internationalization\icudt53l\region\pa_Guru.res" 739
"..\..\..\Engine\Content\Internationalization\icudt53l\region\pa.res" 740
"..\..\..\Engine\Content\Internationalization\icudt53l\lang\pl.res" 741
"..\..\..\Engine\Content\Internationalization\icudt53l\region\pl.res" 742
"..\..\..\Engine\Content\Internationalization\icudt53l\lang\ps.res" 743
"..\..\..\Engine\Content\Internationalization\icudt53l\region\ps.res" 744
"..\..\..\Engine\Content\Internationalization\icudt53l\lang\pt_AO.res" 745
"..\..\..\Engine\Content\Internationalization\icudt53l\lang\pt_PT.res" 746
"..\..\..\Engine\Content\Internationalization\icudt53l\region\pt_AO.res" 747
"..\..\..\Engine\Content\Internationalization\icudt53l\region\pt_PT.res" 748
"..\..\..\Engine\Content\Internationalization\icudt53l\lang\pt_CV.res" 749
"..\..\..\Engine\Content\Internationalization\icudt53l\region\pt_CV.res" 750
"..\..\..\Engine\Content\Internationalization\icudt53l\lang\pt_GW.res" 751
"..\..\..\Engine\Content\Internationalization\icudt53l\region\pt_GW.res" 752
"..\..\..\Engine\Content\Internationalization\icudt53l\lang\pt_MO.res" 753
"..\..\..\Engine\Content\Internationalization\icudt53l\region\pt_MO.res" 754
"..\..\..\Engine\Content\Internationalization\icudt53l\lang\pt_MZ.res" 755
"..\..\..\Engine\Content\Internationalization\icudt53l\region\pt_MZ.res" 756
"..\..\..\Engine\Content\Internationalization\icudt53l\lang\pt_ST.res" 757
"..\..\..\Engine\Content\Internationalization\icudt53l\region\pt_ST.res" 758
"..\..\..\Engine\Content\Internationalization\icudt53l\lang\pt_TL.res" 759
"..\..\..\Engine\Content\Internationalization\icudt53l\region\pt_TL.res" 760
"..\..\..\Engine\Content\Internationalization\icudt53l\lang\rm.res" 761
"..\..\..\Engine\Content\Internationalization\icudt53l\region\rm.res" 762
"..\..\..\Engine\Content\Internationalization\icudt53l\lang\rn.res" 763
"..\..\..\Engine\Content\Internationalization\icudt53l\region\rn.res" 764
"..\..\..\Engine\Content\Internationalization\icudt53l\lang\ro.res" 765
"..\..\..\Engine\Content\Internationalization\icudt53l\lang\ro_MD.res" 766
"..\..\..\Engine\Content\Internationalization\icudt53l\region\ro_MD.res" 767
"..\..\..\Engine\Content\Internationalization\icudt53l\region\ro.res" 768
"..\..\..\Engine\Content\Internationalization\icudt53l\lang\rof.res" 769
"..\..\..\Engine\Content\Internationalization\icudt53l\region\rof.res" 770
"..\..\..\Engine\Content\Internationalization\icudt53l\lang\ru.res" 771
"..\..\..\Engine\Content\Internationalization\icudt53l\region\ru.res" 772
"..\..\..\Engine\Content\Internationalization\icudt53l\lang\ru_UA.res" 773
"..\..\..\Engine\Content\Internationalization\icudt53l\lang\rw.res" 774
"..\..\..\Engine\Content\Internationalization\icudt53l\region\rw.res" 775
"..\..\..\Engine\Content\Internationalization\icudt53l\lang\rwk.res" 776
"..\..\..\Engine\Content\Internationalization\icudt53l\region\rwk.res" 777
"..\..\..\Engine\Content\Internationalization\icudt53l\lang\saq.res" 778
"..\..\..\Engine\Content\Internationalization\icudt53l\region\saq.res" 779
"..\..\..\Engine\Content\Internationalization\icudt53l\lang\sbp.res" 780
"..\..\..\Engine\Content\Internationalization\icudt53l\region\sbp.res" 781
"..\..\..\Engine\Content\Internationalization\icudt53l\lang\seh.res" 782
"..\..\..\Engine\Content\Internationalization\icudt53l\region\seh.res" 783
"..\..\..\Engine\Content\Internationalization\icudt53l\lang\ses.res" 784
"..\..\..\Engine\Content\Internationalization\icudt53l\region\ses.res" 785
"..\..\..\Engine\Content\Internationalization\icudt53l\lang\sg.res" 786
"..\..\..\Engine\Content\Internationalization\icudt53l\region\sg.res" 787
"..\..\..\Engine\Content\Internationalization\icudt53l\lang\shi.res" 788
"..\..\..\Engine\Content\Internationalization\icudt53l\lang\shi_Latn.res" 789
"..\..\..\Engine\Content\Internationalization\icudt53l\lang\shi_MA.res" 790
"..\..\..\Engine\Content\Internationalization\icudt53l\lang\shi_Tfng_MA.res" 791
"..\..\..\Engine\Content\Internationalization\icudt53l\lang\shi_Tfng.res" 792
"..\..\..\Engine\Content\Internationalization\icudt53l\region\shi_MA.res" 793
"..\..\..\Engine\Content\Internationalization\icudt53l\region\shi_Tfng_MA.res" 794
"..\..\..\Engine\Content\Internationalization\icudt53l\region\shi_Tfng.res" 795
"..\..\..\Engine\Content\Internationalization\icudt53l\region\shi.res" 796
"..\..\..\Engine\Content\Internationalization\icudt53l\region\shi_Latn.res" 797
"..\..\..\Engine\Content\Internationalization\icudt53l\lang\si.res" 798
"..\..\..\Engine\Content\Internationalization\icudt53l\region\si.res" 799
"..\..\..\Engine\Content\Internationalization\icudt53l\lang\sk.res" 800
"..\..\..\Engine\Content\Internationalization\icudt53l\region\sk.res" 801
"..\..\..\Engine\Content\Internationalization\icudt53l\lang\sl.res" 802
"..\..\..\Engine\Content\Internationalization\icudt53l\region\sl.res" 803
"..\..\..\Engine\Content\Internationalization\icudt53l\lang\sn.res" 804
"..\..\..\Engine\Content\Internationalization\icudt53l\region\sn.res" 805
"..\..\..\Engine\Content\Internationalization\icudt53l\lang\so.res" 806
"..\..\..\Engine\Content\Internationalization\icudt53l\region\so.res" 807
"..\..\..\Engine\Content\Internationalization\icudt53l\lang\sq.res" 808
"..\..\..\Engine\Content\Internationalization\icudt53l\region\sq.res" 809
"..\..\..\Engine\Content\Internationalization\icudt53l\lang\sr.res" 810
"..\..\..\Engine\Content\Internationalization\icudt53l\lang\sr_Cyrl.res" 811
"..\..\..\Engine\Content\Internationalization\icudt53l\lang\sr_BA.res" 812
"..\..\..\Engine\Content\Internationalization\icudt53l\lang\sr_Cyrl_BA.res" 813
"..\..\..\Engine\Content\Internationalization\icudt53l\region\sr_BA.res" 814
"..\..\..\Engine\Content\Internationalization\icudt53l\region\sr_Cyrl_BA.res" 815
"..\..\..\Engine\Content\Internationalization\icudt53l\region\sr_Cyrl.res" 816
"..\..\..\Engine\Content\Internationalization\icudt53l\region\sr.res" 817
"..\..\..\Engine\Content\Internationalization\icudt53l\lang\sr_ME.res" 818
"..\..\..\Engine\Content\Internationalization\icudt53l\lang\sr_Latn_ME.res" 819
"..\..\..\Engine\Content\Internationalization\icudt53l\lang\sr_Latn.res" 820
"..\..\..\Engine\Content\Internationalization\icudt53l\region\sr_ME.res" 821
"..\..\..\Engine\Content\Internationalization\icudt53l\region\sr_Latn_ME.res" 822
"..\..\..\Engine\Content\Internationalization\icudt53l\region\sr_Latn.res" 823
"..\..\..\Engine\Content\Internationalization\icudt53l\lang\sr_RS.res" 824
"..\..\..\Engine\Content\Internationalization\icudt53l\lang\sr_Cyrl_RS.res" 825
"..\..\..\Engine\Content\Internationalization\icudt53l\region\sr_RS.res" 826
"..\..\..\Engine\Content\Internationalization\icudt53l\region\sr_Cyrl_RS.res" 827
"..\..\..\Engine\Content\Internationalization\icudt53l\lang\sr_XK.res" 828
"..\..\..\Engine\Content\Internationalization\icudt53l\lang\sr_Cyrl_XK.res" 829
"..\..\..\Engine\Content\Internationalization\icudt53l\region\sr_XK.res" 830
"..\..\..\Engine\Content\Internationalization\icudt53l\region\sr_Cyrl_XK.res" 831
"..\..\..\Engine\Content\Internationalization\icudt53l\lang\sr_Latn_BA.res" 832
"..\..\..\Engine\Content\Internationalization\icudt53l\region\sr_Latn_BA.res" 833
"..\..\..\Engine\Content\Internationalization\icudt53l\lang\sr_Latn_RS.res" 834
"..\..\..\Engine\Content\Internationalization\icudt53l\region\sr_Latn_RS.res" 835
"..\..\..\Engine\Content\Internationalization\icudt53l\lang\sv.res" 836
"..\..\..\Engine\Content\Internationalization\icudt53l\region\sv.res" 837
"..\..\..\Engine\Content\Internationalization\icudt53l\lang\sv_FI.res" 838
"..\..\..\Engine\Content\Internationalization\icudt53l\region\sv_FI.res" 839
"..\..\..\Engine\Content\Internationalization\icudt53l\lang\sw.res" 840
"..\..\..\Engine\Content\Internationalization\icudt53l\region\sw.res" 841
"..\..\..\Engine\Content\Internationalization\icudt53l\lang\swc.res" 842
"..\..\..\Engine\Content\Internationalization\icudt53l\region\swc.res" 843
"..\..\..\Engine\Content\Internationalization\icudt53l\lang\ta.res" 844
"..\..\..\Engine\Content\Internationalization\icudt53l\region\ta.res" 845
"..\..\..\Engine\Content\Internationalization\icudt53l\lang\te.res" 846
"..\..\..\Engine\Content\Internationalization\icudt53l\region\te.res" 847
"..\..\..\Engine\Content\Internationalization\icudt53l\lang\teo.res" 848
"..\..\..\Engine\Content\Internationalization\icudt53l\region\teo.res" 849
"..\..\..\Engine\Content\Internationalization\icudt53l\lang\th.res" 850
"..\..\..\Engine\Content\Internationalization\icudt53l\lang\th_TH.res" 851
"..\..\..\Engine\Content\Internationalization\icudt53l\region\th_TH.res" 852
"..\..\..\Engine\Content\Internationalization\icudt53l\region\th.res" 853
"..\..\..\Engine\Content\Internationalization\icudt53l\lang\ti.res" 854
"..\..\..\Engine\Content\Internationalization\icudt53l\region\ti.res" 855
"..\..\..\Engine\Content\Internationalization\icudt53l\lang\to.res" 856
"..\..\..\Engine\Content\Internationalization\icudt53l\region\to.res" 857
"..\..\..\Engine\Content\Internationalization\icudt53l\lang\tr.res" 858
"..\..\..\Engine\Content\Internationalization\icudt53l\region\tr.res" 859
"..\..\..\Engine\Content\Internationalization\icudt53l\lang\twq.res" 860
"..\..\..\Engine\Content\Internationalization\icudt53l\region\twq.res" 861
"..\..\..\Engine\Content\Internationalization\icudt53l\lang\tzm.res" 862
"..\..\..\Engine\Content\Internationalization\icudt53l\lang\tzm_Latn.res" 863
"..\..\..\Engine\Content\Internationalization\icudt53l\lang\tzm_MA.res" 864
"..\..\..\Engine\Content\Internationalization\icudt53l\lang\tzm_Latn_MA.res" 865
"..\..\..\Engine\Content\Internationalization\icudt53l\region\tzm_MA.res" 866
"..\..\..\Engine\Content\Internationalization\icudt53l\region\tzm_Latn_MA.res" 867
"..\..\..\Engine\Content\Internationalization\icudt53l\region\tzm_Latn.res" 868
"..\..\..\Engine\Content\Internationalization\icudt53l\region\tzm.res" 869
"..\..\..\Engine\Content\Internationalization\icudt53l\lang\ug.res" 870
"..\..\..\Engine\Content\Internationalization\icudt53l\lang\ug_Arab.res" 871
"..\..\..\Engine\Content\Internationalization\icudt53l\lang\ug_CN.res" 872
"..\..\..\Engine\Content\Internationalization\icudt53l\lang\ug_Arab_CN.res" 873
"..\..\..\Engine\Content\Internationalization\icudt53l\region\ug_CN.res" 874
"..\..\..\Engine\Content\Internationalization\icudt53l\region\ug_Arab_CN.res" 875
"..\..\..\Engine\Content\Internationalization\icudt53l\region\ug_Arab.res" 876
"..\..\..\Engine\Content\Internationalization\icudt53l\region\ug.res" 877
"..\..\..\Engine\Content\Internationalization\icudt53l\lang\uk.res" 878
"..\..\..\Engine\Content\Internationalization\icudt53l\region\uk.res" 879
"..\..\..\Engine\Content\Internationalization\icudt53l\lang\ur.res" 880
"..\..\..\Engine\Content\Internationalization\icudt53l\region\ur.res" 881
"..\..\..\Engine\Content\Internationalization\icudt53l\lang\uz.res" 882
"..\..\..\Engine\Content\Internationalization\icudt53l\lang\uz_Arab.res" 883
"..\..\..\Engine\Content\Internationalization\icudt53l\lang\uz_AF.res" 884
"..\..\..\Engine\Content\Internationalization\icudt53l\lang\uz_Arab_AF.res" 885
"..\..\..\Engine\Content\Internationalization\icudt53l\region\uz_AF.res" 886
"..\..\..\Engine\Content\Internationalization\icudt53l\region\uz_Arab_AF.res" 887
"..\..\..\Engine\Content\Internationalization\icudt53l\region\uz_Arab.res" 888
"..\..\..\Engine\Content\Internationalization\icudt53l\lang\uz_Cyrl.res" 889
"..\..\..\Engine\Content\Internationalization\icudt53l\lang\uz_UZ.res" 890
"..\..\..\Engine\Content\Internationalization\icudt53l\lang\uz_Latn_UZ.res" 891
"..\..\..\Engine\Content\Internationalization\icudt53l\lang\uz_Latn.res" 892
"..\..\..\Engine\Content\Internationalization\icudt53l\region\uz_UZ.res" 893
"..\..\..\Engine\Content\Internationalization\icudt53l\region\uz_Latn_UZ.res" 894
"..\..\..\Engine\Content\Internationalization\icudt53l\region\uz_Latn.res" 895
"..\..\..\Engine\Content\Internationalization\icudt53l\region\uz.res" 896
"..\..\..\Engine\Content\Internationalization\icudt53l\region\uz_Cyrl.res" 897
"..\..\..\Engine\Content\Internationalization\icudt53l\lang\vai.res" 898
"..\..\..\Engine\Content\Internationalization\icudt53l\lang\vai_Latn.res" 899
"..\..\..\Engine\Content\Internationalization\icudt53l\lang\vai_LR.res" 900
"..\..\..\Engine\Content\Internationalization\icudt53l\lang\vai_Vaii_LR.res" 901
"..\..\..\Engine\Content\Internationalization\icudt53l\lang\vai_Vaii.res" 902
"..\..\..\Engine\Content\Internationalization\icudt53l\region\vai_LR.res" 903
"..\..\..\Engine\Content\Internationalization\icudt53l\region\vai_Vaii_LR.res" 904
"..\..\..\Engine\Content\Internationalization\icudt53l\region\vai_Vaii.res" 905
"..\..\..\Engine\Content\Internationalization\icudt53l\region\vai.res" 906
"..\..\..\Engine\Content\Internationalization\icudt53l\region\vai_Latn.res" 907
"..\..\..\Engine\Content\Internationalization\icudt53l\lang\vi.res" 908
"..\..\..\Engine\Content\Internationalization\icudt53l\region\vi.res" 909
"..\..\..\Engine\Content\Internationalization\icudt53l\lang\vun.res" 910
"..\..\..\Engine\Content\Internationalization\icudt53l\region\vun.res" 911
"..\..\..\Engine\Content\Internationalization\icudt53l\lang\xog.res" 912
"..\..\..\Engine\Content\Internationalization\icudt53l\region\xog.res" 913
"..\..\..\Engine\Content\Internationalization\icudt53l\lang\yav.res" 914
"..\..\..\Engine\Content\Internationalization\icudt53l\region\yav.res" 915
"..\..\..\Engine\Content\Internationalization\icudt53l\lang\yo.res" 916
"..\..\..\Engine\Content\Internationalization\icudt53l\lang\yo_BJ.res" 917
"..\..\..\Engine\Content\Internationalization\icudt53l\region\yo_BJ.res" 918
"..\..\..\Engine\Content\Internationalization\icudt53l\region\yo.res" 919
"..\..\..\Engine\Content\Internationalization\icudt53l\lang\zgh.res" 920
"..\..\..\Engine\Content\Internationalization\icudt53l\region\zgh.res" 921
"..\..\..\Engine\Content\Internationalization\icudt53l\lang\zh_HK.res" 922
"..\..\..\Engine\Content\Internationalization\icudt53l\lang\zh_Hant_HK.res" 923
"..\..\..\Engine\Content\Internationalization\icudt53l\lang\zh_Hant.res" 924
"..\..\..\Engine\Content\Internationalization\icudt53l\region\zh_HK.res" 925
"..\..\..\Engine\Content\Internationalization\icudt53l\region\zh_Hant_HK.res" 926
"..\..\..\Engine\Content\Internationalization\icudt53l\region\zh_Hant.res" 927
"..\..\..\Engine\Content\Internationalization\icudt53l\lang\zh_Hans_HK.res" 928
"..\..\..\Engine\Content\Internationalization\icudt53l\region\zh_Hans_HK.res" 929
"..\..\..\Engine\Content\Internationalization\icudt53l\lang\zh_MO.res" 930
"..\..\..\Engine\Content\Internationalization\icudt53l\lang\zh_Hant_MO.res" 931
"..\..\..\Engine\Content\Internationalization\icudt53l\region\zh_MO.res" 932
"..\..\..\Engine\Content\Internationalization\icudt53l\region\zh_Hant_MO.res" 933
"..\..\..\Engine\Content\Internationalization\icudt53l\lang\zh_Hans_MO.res" 934
"..\..\..\Engine\Content\Internationalization\icudt53l\region\zh_Hans_MO.res" 935
"..\..\..\Engine\Content\Internationalization\icudt53l\lang\zh_SG.res" 936
"..\..\..\Engine\Content\Internationalization\icudt53l\lang\zh_Hans_SG.res" 937
"..\..\..\Engine\Content\Internationalization\icudt53l\region\zh_SG.res" 938
"..\..\..\Engine\Content\Internationalization\icudt53l\region\zh_Hans_SG.res" 939
"..\..\..\Engine\Content\Internationalization\icudt53l\lang\zh_TW.res" 940
"..\..\..\Engine\Content\Internationalization\icudt53l\lang\zh_Hant_TW.res" 941
"..\..\..\Engine\Content\Internationalization\icudt53l\region\zh_TW.res" 942
"..\..\..\Engine\Content\Internationalization\icudt53l\region\zh_Hant_TW.res" 943
"..\..\..\Engine\Content\Internationalization\icudt53l\lang\zu.res" 944
"..\..\..\Engine\Content\Internationalization\icudt53l\region\zu.res" 945
