Log file open, 12/18/16 16:35:46
LogInit:Display: Running engine for game: BallSpliceFolder
LogPlatformFile: Not using cached read wrapper
LogInit:Display: RandInit(-1729131016) SRandInit(-1729131016).
LogTaskGraph: Started task graph with 5 named threads and 6 total threads with 1 sets of task threads.
LogStats: Stats thread started at 0.068773
LogPluginManager: Loaded Plugin Paper2D, From C:/Program Files (x86)/Epic Games/4.14/Engine/Plugins/2D/Paper2D/Paper2D.uplugin
LogPluginManager: Loaded Plugin LightPropagationVolume, From C:/Program Files (x86)/Epic Games/4.14/Engine/Plugins/Blendables/LightPropagationVolume/LightPropagationVolume.uplugin
LogPluginManager: Loaded Plugin BlankPlugin, From C:/Program Files (x86)/Epic Games/4.14/Engine/Plugins/Developer/BlankPlugin/BlankPlugin.uplugin
LogPluginManager: Loaded Plugin CodeLiteSourceCodeAccess, From C:/Program Files (x86)/Epic Games/4.14/Engine/Plugins/Developer/CodeLiteSourceCodeAccess/CodeLiteSourceCodeAccess.uplugin
LogPluginManager: Loaded Plugin GitSourceControl, From C:/Program Files (x86)/Epic Games/4.14/Engine/Plugins/Developer/GitSourceControl/GitSourceControl.uplugin
LogPluginManager: Loaded Plugin KDevelopSourceCodeAccess, From C:/Program Files (x86)/Epic Games/4.14/Engine/Plugins/Developer/KDevelopSourceCodeAccess/KDevelopSourceCodeAccess.uplugin
LogPluginManager: Loaded Plugin NullSourceCodeAccess, From C:/Program Files (x86)/Epic Games/4.14/Engine/Plugins/Developer/NullSourceCodeAccess/NullSourceCodeAccess.uplugin
LogPluginManager: Loaded Plugin OneSkyLocalizationService, From C:/Program Files (x86)/Epic Games/4.14/Engine/Plugins/Developer/OneSkyLocalizationService/OneSkyLocalizationService.uplugin
LogPluginManager: Loaded Plugin PerforceSourceControl, From C:/Program Files (x86)/Epic Games/4.14/Engine/Plugins/Developer/PerforceSourceControl/PerforceSourceControl.uplugin
LogPluginManager: Loaded Plugin SubversionSourceControl, From C:/Program Files (x86)/Epic Games/4.14/Engine/Plugins/Developer/SubversionSourceControl/SubversionSourceControl.uplugin
LogPluginManager: Loaded Plugin UObjectPlugin, From C:/Program Files (x86)/Epic Games/4.14/Engine/Plugins/Developer/UObjectPlugin/UObjectPlugin.uplugin
LogPluginManager: Loaded Plugin VisualStudioSourceCodeAccess, From C:/Program Files (x86)/Epic Games/4.14/Engine/Plugins/Developer/VisualStudioSourceCodeAccess/VisualStudioSourceCodeAccess.uplugin
LogPluginManager: Loaded Plugin XCodeSourceCodeAccess, From C:/Program Files (x86)/Epic Games/4.14/Engine/Plugins/Developer/XCodeSourceCodeAccess/XCodeSourceCodeAccess.uplugin
LogPluginManager: Loaded Plugin AudioCapture, From C:/Program Files (x86)/Epic Games/4.14/Engine/Plugins/Editor/AudioCapture/AudioCapture.uplugin
LogPluginManager: Loaded Plugin EpicSurvey, From C:/Program Files (x86)/Epic Games/4.14/Engine/Plugins/Editor/EpicSurvey/EpicSurvey.uplugin
LogPluginManager: Loaded Plugin MacGraphicsSwitching, From C:/Program Files (x86)/Epic Games/4.14/Engine/Plugins/Editor/MacGraphicsSwitching/MacGraphicsSwitching.uplugin
LogPluginManager: Loaded Plugin MobileLauncherProfileWizard, From C:/Program Files (x86)/Epic Games/4.14/Engine/Plugins/Editor/MobileLauncherProfileWizard/MobileLauncherProfileWizard.uplugin
LogPluginManager: Loaded Plugin PluginBrowser, From C:/Program Files (x86)/Epic Games/4.14/Engine/Plugins/Editor/PluginBrowser/PluginBrowser.uplugin
LogPluginManager: Loaded Plugin SpeedTreeImporter, From C:/Program Files (x86)/Epic Games/4.14/Engine/Plugins/Editor/SpeedTreeImporter/SpeedTreeImporter.uplugin
LogPluginManager: Loaded Plugin SuperSearchEditor, From C:/Program Files (x86)/Epic Games/4.14/Engine/Plugins/Editor/SuperSearchEditor/SuperSearchEditor.uplugin
LogPluginManager: Loaded Plugin AlembicImporter, From C:/Program Files (x86)/Epic Games/4.14/Engine/Plugins/Experimental/AlembicImporter/AlembicImporter.uplugin
LogPluginManager: Loaded Plugin BlueprintStats, From C:/Program Files (x86)/Epic Games/4.14/Engine/Plugins/Experimental/BlueprintStats/BlueprintStats.uplugin
LogPluginManager: Loaded Plugin CharacterAI, From C:/Program Files (x86)/Epic Games/4.14/Engine/Plugins/Experimental/CharacterAI/CharacterAI.uplugin
LogPluginManager: Loaded Plugin CodeEditor, From C:/Program Files (x86)/Epic Games/4.14/Engine/Plugins/Experimental/CodeEditor/CodeEditor.uplugin
LogPluginManager: Loaded Plugin CodeView, From C:/Program Files (x86)/Epic Games/4.14/Engine/Plugins/Experimental/CodeView/CodeView.uplugin
LogPluginManager: Loaded Plugin HTML5Networking, From C:/Program Files (x86)/Epic Games/4.14/Engine/Plugins/Experimental/HTML5Networking/HTML5Networking.uplugin
LogPluginManager: Loaded Plugin OSVR, From C:/Program Files (x86)/Epic Games/4.14/Engine/Plugins/Experimental/OSVR/OSVR.uplugin
LogPluginManager: Loaded Plugin Phya, From C:/Program Files (x86)/Epic Games/4.14/Engine/Plugins/Experimental/Phya/Phya.uplugin
LogPluginManager: Loaded Plugin SignificanceManager, From C:/Program Files (x86)/Epic Games/4.14/Engine/Plugins/Experimental/SignificanceManager/SignificanceManager.uplugin
LogPluginManager: Loaded Plugin SimpleHMD, From C:/Program Files (x86)/Epic Games/4.14/Engine/Plugins/Experimental/SimpleHMD/SimpleHMD.uplugin
LogPluginManager: Loaded Plugin StereoPanorama, From C:/Program Files (x86)/Epic Games/4.14/Engine/Plugins/Experimental/StereoPanorama/StereoPanorama.uplugin
LogPluginManager: Loaded Plugin StructBox, From C:/Program Files (x86)/Epic Games/4.14/Engine/Plugins/Experimental/StructBox/StructBox.uplugin
LogPluginManager: Loaded Plugin AndroidMedia, From C:/Program Files (x86)/Epic Games/4.14/Engine/Plugins/Media/AndroidMedia/AndroidMedia.uplugin
LogPluginManager: Loaded Plugin AvfMedia, From C:/Program Files (x86)/Epic Games/4.14/Engine/Plugins/Media/AvfMedia/AvfMedia.uplugin
LogPluginManager: Loaded Plugin MediaPlayerEditor, From C:/Program Files (x86)/Epic Games/4.14/Engine/Plugins/Media/MediaPlayerEditor/MediaPlayerEditor.uplugin
LogPluginManager: Loaded Plugin WmfMedia, From C:/Program Files (x86)/Epic Games/4.14/Engine/Plugins/Media/WmfMedia/WmfMedia.uplugin
LogPluginManager: Loaded Plugin MessagingDebugger, From C:/Program Files (x86)/Epic Games/4.14/Engine/Plugins/Messaging/MessagingDebugger/MessagingDebugger.uplugin
LogPluginManager: Loaded Plugin TcpMessaging, From C:/Program Files (x86)/Epic Games/4.14/Engine/Plugins/Messaging/TcpMessaging/TcpMessaging.uplugin
LogPluginManager: Loaded Plugin UdpMessaging, From C:/Program Files (x86)/Epic Games/4.14/Engine/Plugins/Messaging/UdpMessaging/UdpMessaging.uplugin
LogPluginManager: Loaded Plugin LevelSequenceEditor, From C:/Program Files (x86)/Epic Games/4.14/Engine/Plugins/MovieScene/LevelSequenceEditor/LevelSequenceEditor.uplugin
LogPluginManager: Loaded Plugin MatineeToLevelSequence, From C:/Program Files (x86)/Epic Games/4.14/Engine/Plugins/MovieScene/MatineeToLevelSequence/MatineeToLevelSequence.uplugin
LogPluginManager: Loaded Plugin NetcodeUnitTest, From C:/Program Files (x86)/Epic Games/4.14/Engine/Plugins/NetcodeUnitTest/NetcodeUnitTest/NetcodeUnitTest.uplugin
LogPluginManager: Loaded Plugin NUTUnrealEngine4, From C:/Program Files (x86)/Epic Games/4.14/Engine/Plugins/NetcodeUnitTest/NUTUnrealEngine4/NUTUnrealEngine4.uplugin
LogPluginManager: Loaded Plugin OnlineSubsystemGameCircle, From C:/Program Files (x86)/Epic Games/4.14/Engine/Plugins/Online/Android/OnlineSubsystemGameCircle/OnlineSubsystemGameCircle.uplugin
LogPluginManager: Loaded Plugin OnlineSubsystemGooglePlay, From C:/Program Files (x86)/Epic Games/4.14/Engine/Plugins/Online/Android/OnlineSubsystemGooglePlay/OnlineSubsystemGooglePlay.uplugin
LogPluginManager: Loaded Plugin OnlineSubsystemIOS, From C:/Program Files (x86)/Epic Games/4.14/Engine/Plugins/Online/IOS/OnlineSubsystemIOS/OnlineSubsystemIOS.uplugin
LogPluginManager: Loaded Plugin OnlineFramework, From C:/Program Files (x86)/Epic Games/4.14/Engine/Plugins/Online/OnlineFramework/OnlineFramework.uplugin
LogPluginManager: Loaded Plugin OnlineSubsystem, From C:/Program Files (x86)/Epic Games/4.14/Engine/Plugins/Online/OnlineSubsystem/OnlineSubsystem.uplugin
LogPluginManager: Loaded Plugin OnlineSubsystemAmazon, From C:/Program Files (x86)/Epic Games/4.14/Engine/Plugins/Online/OnlineSubsystemAmazon/OnlineSubsystemAmazon.uplugin
LogPluginManager: Loaded Plugin OnlineSubsystemFacebook, From C:/Program Files (x86)/Epic Games/4.14/Engine/Plugins/Online/OnlineSubsystemFacebook/OnlineSubsystemFacebook.uplugin
LogPluginManager: Loaded Plugin OnlineSubsystemNull, From C:/Program Files (x86)/Epic Games/4.14/Engine/Plugins/Online/OnlineSubsystemNull/OnlineSubsystemNull.uplugin
LogPluginManager: Loaded Plugin OnlineSubsystemOculus, From C:/Program Files (x86)/Epic Games/4.14/Engine/Plugins/Online/OnlineSubsystemOculus/OnlineSubsystemOculus.uplugin
LogPluginManager: Loaded Plugin OnlineSubsystemSteam, From C:/Program Files (x86)/Epic Games/4.14/Engine/Plugins/Online/OnlineSubsystemSteam/OnlineSubsystemSteam.uplugin
LogPluginManager: Loaded Plugin OnlineSubsystemUtils, From C:/Program Files (x86)/Epic Games/4.14/Engine/Plugins/Online/OnlineSubsystemUtils/OnlineSubsystemUtils.uplugin
LogPluginManager: Loaded Plugin IOSTapJoy, From C:/Program Files (x86)/Epic Games/4.14/Engine/Plugins/Runtime/Advertising/IOSTapJoy/IOSTapJoy.uplugin
LogPluginManager: Loaded Plugin AnalyticsBlueprintLibrary, From C:/Program Files (x86)/Epic Games/4.14/Engine/Plugins/Runtime/Analytics/AnalyticsBlueprintLibrary/AnalyticsBlueprintLibrary.uplugin
LogPluginManager: Loaded Plugin AnalyticsMulticast, From C:/Program Files (x86)/Epic Games/4.14/Engine/Plugins/Runtime/Analytics/AnalyticsMulticast/AnalyticsMulticast.uplugin
LogPluginManager: Loaded Plugin Apsalar, From C:/Program Files (x86)/Epic Games/4.14/Engine/Plugins/Runtime/Analytics/Apsalar/Apsalar.uplugin
LogPluginManager: Loaded Plugin FileLogging, From C:/Program Files (x86)/Epic Games/4.14/Engine/Plugins/Runtime/Analytics/FileLogging/FileLogging.uplugin
LogPluginManager: Loaded Plugin Flurry, From C:/Program Files (x86)/Epic Games/4.14/Engine/Plugins/Runtime/Analytics/Flurry/Flurry.uplugin
LogPluginManager: Loaded Plugin AndroidDeviceProfileSelector, From C:/Program Files (x86)/Epic Games/4.14/Engine/Plugins/Runtime/AndroidDeviceProfileSelector/AndroidDeviceProfileSelector.uplugin
LogPluginManager: Loaded Plugin AndroidMoviePlayer, From C:/Program Files (x86)/Epic Games/4.14/Engine/Plugins/Runtime/AndroidMoviePlayer/AndroidMoviePlayer.uplugin
LogPluginManager: Loaded Plugin AppleMoviePlayer, From C:/Program Files (x86)/Epic Games/4.14/Engine/Plugins/Runtime/AppleMoviePlayer/AppleMoviePlayer.uplugin
LogPluginManager: Loaded Plugin ArchVisCharacter, From C:/Program Files (x86)/Epic Games/4.14/Engine/Plugins/Runtime/ArchVisCharacter/ArchVisCharacter.uplugin
LogPluginManager: Loaded Plugin CableComponent, From C:/Program Files (x86)/Epic Games/4.14/Engine/Plugins/Runtime/CableComponent/CableComponent.uplugin
LogPluginManager: Loaded Plugin CustomMeshComponent, From C:/Program Files (x86)/Epic Games/4.14/Engine/Plugins/Runtime/CustomMeshComponent/CustomMeshComponent.uplugin
LogPluginManager: Loaded Plugin ExampleDeviceProfileSelector, From C:/Program Files (x86)/Epic Games/4.14/Engine/Plugins/Runtime/ExampleDeviceProfileSelector/ExampleDeviceProfileSelector.uplugin
LogPluginManager: Loaded Plugin GearVR, From C:/Program Files (x86)/Epic Games/4.14/Engine/Plugins/Runtime/GearVR/GearVR.uplugin
LogPluginManager: Loaded Plugin GoogleVRController, From C:/Program Files (x86)/Epic Games/4.14/Engine/Plugins/Runtime/GoogleVR/GoogleVRController/GoogleVRController.uplugin
LogPluginManager: Loaded Plugin GoogleVRHMD, From C:/Program Files (x86)/Epic Games/4.14/Engine/Plugins/Runtime/GoogleVR/GoogleVRHMD/GoogleVRHMD.uplugin
LogPluginManager: Loaded Plugin IOSDeviceProfileSelector, From C:/Program Files (x86)/Epic Games/4.14/Engine/Plugins/Runtime/IOSDeviceProfileSelector/IOSDeviceProfileSelector.uplugin
LogPluginManager: Loaded Plugin LeapMotion, From C:/Program Files (x86)/Epic Games/4.14/Engine/Plugins/Runtime/LeapMotion/LeapMotion.uplugin
LogPluginManager: Loaded Plugin LinuxDeviceProfileSelector, From C:/Program Files (x86)/Epic Games/4.14/Engine/Plugins/Runtime/LinuxDeviceProfileSelector/LinuxDeviceProfileSelector.uplugin
LogPluginManager: Loaded Plugin MIDIDevice, From C:/Program Files (x86)/Epic Games/4.14/Engine/Plugins/Runtime/MIDIDevice/MIDIDevice.uplugin
LogPluginManager: Loaded Plugin MobilePatchingUtils, From C:/Program Files (x86)/Epic Games/4.14/Engine/Plugins/Runtime/MobilePatchingUtils/MobilePatchingUtils.uplugin
LogPluginManager: Loaded Plugin Ansel, From C:/Program Files (x86)/Epic Games/4.14/Engine/Plugins/Runtime/Nvidia/Ansel/Ansel.uplugin
LogPluginManager: Loaded Plugin OculusAudio, From C:/Program Files (x86)/Epic Games/4.14/Engine/Plugins/Runtime/OculusAudio/OculusAudio.uplugin
LogPluginManager: Loaded Plugin OculusInput, From C:/Program Files (x86)/Epic Games/4.14/Engine/Plugins/Runtime/OculusInput/OculusInput.uplugin
LogPluginManager: Loaded Plugin OculusLibrary, From C:/Program Files (x86)/Epic Games/4.14/Engine/Plugins/Runtime/OculusLibrary/OculusLibrary.uplugin
LogPluginManager: Loaded Plugin OculusRift, From C:/Program Files (x86)/Epic Games/4.14/Engine/Plugins/Runtime/OculusRift/OculusRift.uplugin
LogPluginManager: Loaded Plugin Oodle, From C:/Program Files (x86)/Epic Games/4.14/Engine/Plugins/Runtime/PacketHandlers/CompressionComponents/Oodle/Oodle.uplugin
LogPluginManager: Loaded Plugin ProceduralMeshComponent, From C:/Program Files (x86)/Epic Games/4.14/Engine/Plugins/Runtime/ProceduralMeshComponent/ProceduralMeshComponent.uplugin
LogPluginManager: Loaded Plugin SoundMod, From C:/Program Files (x86)/Epic Games/4.14/Engine/Plugins/Runtime/SoundMod/SoundMod.uplugin
LogPluginManager: Loaded Plugin SoundVisualizations, From C:/Program Files (x86)/Epic Games/4.14/Engine/Plugins/Runtime/SoundVisualizations/SoundVisualizations.uplugin
LogPluginManager: Loaded Plugin SteamController, From C:/Program Files (x86)/Epic Games/4.14/Engine/Plugins/Runtime/Steam/SteamController/SteamController.uplugin
LogPluginManager: Loaded Plugin SteamVR, From C:/Program Files (x86)/Epic Games/4.14/Engine/Plugins/Runtime/Steam/SteamVR/SteamVR.uplugin
LogPluginManager: Loaded Plugin WebBrowserWidget, From C:/Program Files (x86)/Epic Games/4.14/Engine/Plugins/Runtime/WebBrowserWidget/WebBrowserWidget.uplugin
LogPluginManager: Loaded Plugin WindowsDeviceProfileSelector, From C:/Program Files (x86)/Epic Games/4.14/Engine/Plugins/Runtime/WindowsDeviceProfileSelector/WindowsDeviceProfileSelector.uplugin
LogPluginManager: Loaded Plugin WindowsMoviePlayer, From C:/Program Files (x86)/Epic Games/4.14/Engine/Plugins/Runtime/WindowsMoviePlayer/WindowsMoviePlayer.uplugin
LogPluginManager: Loaded Plugin ScriptPlugin, From C:/Program Files (x86)/Epic Games/4.14/Engine/Plugins/ScriptPlugin/ScriptPlugin.uplugin
LogPluginManager: Loaded Plugin SlateRemote, From C:/Program Files (x86)/Epic Games/4.14/Engine/Plugins/Slate/SlateRemote/SlateRemote.uplugin
LogPluginManager: Loaded Plugin EditorTests, From C:/Program Files (x86)/Epic Games/4.14/Engine/Plugins/Tests/EditorTests/EditorTests.uplugin
LogPluginManager: Loaded Plugin FbxAutomationTestBuilder, From C:/Program Files (x86)/Epic Games/4.14/Engine/Plugins/Tests/FbxAutomationTestBuilder/FbxAutomationTestBuilder.uplugin
LogPluginManager: Loaded Plugin FunctionalTestingEditor, From C:/Program Files (x86)/Epic Games/4.14/Engine/Plugins/Tests/FunctionalTestingEditor/FunctionalTestingEditor.uplugin
LogPluginManager: Loaded Plugin RuntimeTests, From C:/Program Files (x86)/Epic Games/4.14/Engine/Plugins/Tests/RuntimeTests/RuntimeTests.uplugin
LogPluginManager: Loaded Plugin ScreenshotTools, From C:/Program Files (x86)/Epic Games/4.14/Engine/Plugins/Tests/ScreenshotTools/ScreenshotTools.uplugin
LogInit: Using libcurl 7.47.1
LogInit:  - built for x86_64-pc-win32
LogInit:  - supports SSL with OpenSSL/1.0.2g
LogInit:  - supports HTTP deflate (compression) using libz 1.2.8
LogInit:  - other features:
LogInit:      CURL_VERSION_SSL
LogInit:      CURL_VERSION_LIBZ
LogInit:      CURL_VERSION_IPV6
LogInit:      CURL_VERSION_ASYNCHDNS
LogInit:      CURL_VERSION_LARGEFILE
LogInit:      CURL_VERSION_IDN
LogInit:  CurlRequestOptions (configurable via config and command line):
LogInit:  - bVerifyPeer = false  - Libcurl will NOT verify peer certificate
LogInit:  - bUseHttpProxy = false  - Libcurl will NOT use HTTP proxy
LogInit:  - bDontReuseConnections = false  - Libcurl will reuse connections
LogInit:  - CertBundlePath = nullptr  - Libcurl will use whatever was configured at build time.
LogInit: Build: ++UE4+Release-4.14-CL-3224400
LogInit: Engine Version: 4.14.1-3224400+++UE4+Release-4.14
LogInit: Compatible Engine Version: 4.14.0-3195953+++UE4+Release-4.14
LogInit: Net CL: 3195953
LogDevObjectVersion: Number of dev versions registered: 13
LogDevObjectVersion:   Dev-Blueprints (B0D832E4-1F89-4F0D-ACCF-7EB736FD4AA2): 7
LogDevObjectVersion:   Dev-Build (E1C64328-A22C-4D53-A36C-8E866417BD8C): 0
LogDevObjectVersion:   Dev-Core (375EC13C-06E4-48FB-B500-84F0262A717E): 1
LogDevObjectVersion:   Dev-Editor (E4B068ED-F494-42E9-A231-DA0B2E46BB41): 8
LogDevObjectVersion:   Dev-Framework (CFFC743F-43B0-4480-9391-14DF171D2073): 17
LogDevObjectVersion:   Dev-Mobile (B02B49B5-BB20-44E9-A304-32B752E40360): 0
LogDevObjectVersion:   Dev-Networking (A4E4105C-59A1-49B5-A7C5-40C4547EDFEE): 0
LogDevObjectVersion:   Dev-Online (39C831C9-5AE6-47DC-9A44-9C173E1C8E7C): 0
LogDevObjectVersion:   Dev-Physics (78F01B33-EBEA-4F98-B9B4-84EACCB95AA2): 0
LogDevObjectVersion:   Dev-Platform (6631380F-2D4D-43E0-8009-CF276956A95A): 0
LogDevObjectVersion:   Dev-Rendering (12F88B9F-8875-4AFC-A67C-D90C383ABD29): 12
LogDevObjectVersion:   Dev-Sequencer (7B5AE74C-D270-4C10-A958-57980B212A5A): 1
LogDevObjectVersion:   Dev-VR (D7296918-1DD6-4BDD-9DE2-64A83CC13884): 0
LogInit: Compiled (64-bit): Dec  7 2016 02:14:32
LogInit: Compiled with Visual C++: 19.00.23026.00
LogInit: Build Configuration: Development
LogInit: Branch Name: ++UE4+Release-4.14
LogInit: Command line:  
LogInit: Base directory: C:/Program Files (x86)/Epic Games/4.14/Engine/Binaries/Win64/
LogInit: Installed Engine Build: 1
LogInit: Presizing for max 8388607 objects, including 0 objects not considered by GC, pre-allocating 0 bytes for permanent pool.
LogInit: Object subsystem initialized
[2016.12.18-22.35.46:889][  0]LogInit: Selected Device Profile: [Windows]
[2016.12.18-22.35.46:889][  0]LogInit: Applying CVar settings loaded from the selected device profile: [Windows]
[2016.12.18-22.35.46:943][  0]LogInit: Computer: DESKTOP-2OQ91SR
[2016.12.18-22.35.46:943][  0]LogInit: User: MariaPC
[2016.12.18-22.35.46:943][  0]LogInit: CPU Page size=65536, Cores=2
[2016.12.18-22.35.46:943][  0]LogInit: High frequency timer resolution =2.648436 MHz
[2016.12.18-22.35.46:944][  0]LogMemory: Memory total: Physical=7.9GB (8GB approx)
[2016.12.18-22.35.46:944][  0]LogMemory: Platform Memory Stats for Windows
[2016.12.18-22.35.46:944][  0]LogMemory: Process Physical Memory: 262.66 MB used, 262.66 MB peak
[2016.12.18-22.35.46:944][  0]LogMemory: Process Virtual Memory: 262.28 MB used, 262.28 MB peak
[2016.12.18-22.35.46:944][  0]LogMemory: Physical Memory: 4889.54 MB used,  3200.19 MB free, 8089.73 MB total
[2016.12.18-22.35.46:944][  0]LogMemory: Virtual Memory: 674.25 MB used,  3200.19 MB free, 134217728.00 MB total
[2016.12.18-22.35.46:970][  0]LogTextLocalizationManager: No specific translations for ('en-US') exist, so ('en') translations will be used.
[2016.12.18-22.35.52:966][  0]LogD3D11RHI: D3D11 adapters:
[2016.12.18-22.35.52:981][  0]LogD3D11RHI:    0. 'Intel(R) HD Graphics 620' (Feature Level 11_0)
[2016.12.18-22.35.52:981][  0]LogD3D11RHI:       128/0/4044 MB DedicatedVideo/DedicatedSystem/SharedSystem, Outputs:1, VendorId:0x8086
[2016.12.18-22.35.52:984][  0]LogD3D11RHI:    1. 'Microsoft Basic Render Driver' (Feature Level 11_0)
[2016.12.18-22.35.52:984][  0]LogD3D11RHI:       0/0/4044 MB DedicatedVideo/DedicatedSystem/SharedSystem, Outputs:0, VendorId:0x1414
[2016.12.18-22.35.52:984][  0]LogD3D11RHI: Chosen D3D11 Adapter: 0
[2016.12.18-22.35.52:996][  0]LogD3D11RHI: Creating new Direct3DDevice
[2016.12.18-22.35.52:996][  0]LogD3D11RHI:     GPU DeviceId: 0x5916 (for the marketing name, search the web for "GPU Device Id")
[2016.12.18-22.35.52:996][  0]LogWindows: EnumDisplayDevices:
[2016.12.18-22.35.52:996][  0]LogWindows:    0. 'Intel(R) HD Graphics 620' (P:1 D:1)
[2016.12.18-22.35.52:997][  0]LogWindows:    1. 'Intel(R) HD Graphics 620' (P:0 D:0)
[2016.12.18-22.35.52:997][  0]LogWindows:    2. 'Intel(R) HD Graphics 620' (P:0 D:0)
[2016.12.18-22.35.52:997][  0]LogWindows: DebugString: FoundDriverCount:3 
[2016.12.18-22.35.52:997][  0]LogD3D11RHI:     Adapter Name: Intel(R) HD Graphics 620
[2016.12.18-22.35.52:997][  0]LogD3D11RHI:   Driver Version: 21.20.16.4526 (internal:21.20.16.4526, unified:21.20.16.4526)
[2016.12.18-22.35.52:997][  0]LogD3D11RHI:      Driver Date: 9-23-2016
[2016.12.18-22.35.52:997][  0]LogRHI: Texture pool is 1361 MB (70% of 1945 MB)
[2016.12.18-22.35.53:003][  0]LogD3D11RHI: Async texture creation enabled
[2016.12.18-22.35.53:013][  0]LogD3D11RHI: GPU Timing Frequency: 12.000000 (Debug: 2 0)
[2016.12.18-22.35.53:013][  0]LogShaderCompilers: Guid format shader working directory is -29 characters bigger than the processId version (../../../../../../Users/MariaPC/Documents/GitHub/BallSplice/BallSpliceFolder/Intermediate/Shaders/WorkingDirectory/16788/).
[2016.12.18-22.35.53:014][  0]LogShaderCompilers: Cleaned the shader compiler working directory 'C:/Users/MariaPC/AppData/Local/Temp/UnrealShaderWorkingDir/72D9A8094C8AA62B5030A7BC33790E59/'.
[2016.12.18-22.35.53:014][  0]LogShaderCompilers:Display: Using Local Shader Compiler.
[2016.12.18-22.35.54:897][  0]LogTemp:Display: Loaded TP AllDesktopTargetPlatform
[2016.12.18-22.35.55:008][  0]LogTemp:Display: Loaded TP MacClientTargetPlatform
[2016.12.18-22.35.55:117][  0]LogTemp:Display: Loaded TP MacNoEditorTargetPlatform
[2016.12.18-22.35.55:206][  0]LogTemp:Display: Loaded TP MacServerTargetPlatform
[2016.12.18-22.35.55:366][  0]LogTemp:Display: Loaded TP MacTargetPlatform
[2016.12.18-22.35.55:455][  0]LogTemp:Display: Loaded TP WindowsClientTargetPlatform
[2016.12.18-22.35.55:545][  0]LogTemp:Display: Loaded TP WindowsNoEditorTargetPlatform
[2016.12.18-22.35.55:639][  0]LogTemp:Display: Loaded TP WindowsServerTargetPlatform
[2016.12.18-22.35.55:717][  0]LogTemp:Display: Loaded TP WindowsTargetPlatform
[2016.12.18-22.35.55:961][  0]LogTemp:Display: Loaded TP AndroidTargetPlatform
[2016.12.18-22.35.56:043][  0]LogTemp:Display: Loaded TP Android_ASTCTargetPlatform
[2016.12.18-22.35.56:135][  0]LogTemp:Display: Loaded TP Android_ATCTargetPlatform
[2016.12.18-22.35.56:236][  0]LogTemp:Display: Loaded TP Android_DXTTargetPlatform
[2016.12.18-22.35.56:333][  0]LogTemp:Display: Loaded TP Android_ETC1TargetPlatform
[2016.12.18-22.35.56:425][  0]LogTemp:Display: Loaded TP Android_ETC2TargetPlatform
[2016.12.18-22.35.56:606][  0]LogTemp:Display: Loaded TP Android_MultiTargetPlatform
[2016.12.18-22.35.56:606][  0]LogTemp:Display: Loaded TP Android_PVRTCTargetPlatform
[2016.12.18-22.35.56:669][  0]LogTemp:Display: Loaded TP HTML5TargetPlatform
[2016.12.18-22.35.56:919][  0]LogTemp:Display: Loaded TP IOSTargetPlatform
[2016.12.18-22.35.56:971][  0]LogTemp:Display: Loaded TP TVOSTargetPlatform
[2016.12.18-22.35.57:061][  0]LogTemp:Display: Loaded TP LinuxClientTargetPlatform
[2016.12.18-22.35.57:163][  0]LogTemp:Display: Loaded TP LinuxNoEditorTargetPlatform
[2016.12.18-22.35.57:260][  0]LogTemp:Display: Loaded TP LinuxServerTargetPlatform
[2016.12.18-22.35.57:374][  0]LogTemp:Display: Loaded TP LinuxTargetPlatform
[2016.12.18-22.35.57:374][  0]LogTargetPlatformManager:Display: Building Assets For Windows
[2016.12.18-22.35.58:097][  0]LogDerivedDataCache:Display: Max Cache Size: 512 MB
[2016.12.18-22.35.58:813][  0]LogDerivedDataCache: Loaded boot cache 0.72s 50MB C:/Users/MariaPC/AppData/Local/UnrealEngine/4.14/DerivedDataCache/Boot.ddc.
[2016.12.18-22.35.58:813][  0]LogDerivedDataCache:Display: Loaded Boot cache: C:/Users/MariaPC/AppData/Local/UnrealEngine/4.14/DerivedDataCache/Boot.ddc
[2016.12.18-22.35.58:813][  0]LogDerivedDataCache: FDerivedDataBackendGraph:  Pak pak cache file ../../../../../../Users/MariaPC/Documents/GitHub/BallSplice/BallSpliceFolder/DerivedDataCache/DDC.ddp not found, will not use a pak cache.
[2016.12.18-22.35.58:813][  0]LogDerivedDataCache: Unable to find inner node Pak for hierarchical cache Hierarchy.
[2016.12.18-22.35.58:813][  0]LogDerivedDataCache: FDerivedDataBackendGraph:  CompressedPak pak cache file ../../../../../../Users/MariaPC/Documents/GitHub/BallSplice/BallSpliceFolder/DerivedDataCache/Compressed.ddp not found, will not use a pak cache.
[2016.12.18-22.35.58:813][  0]LogDerivedDataCache: Unable to find inner node CompressedPak for hierarchical cache Hierarchy.
[2016.12.18-22.35.58:838][  0]LogDerivedDataCache:Display: Pak cache opened for reading ../../../Engine/DerivedDataCache/Compressed.ddp.
[2016.12.18-22.35.58:852][  0]LogDerivedDataCache: Using Local data cache path C:/Users/MariaPC/AppData/Local/UnrealEngine/Common/DerivedDataCache: Writable
[2016.12.18-22.35.59:184][  0]LogInit: Selected Device Profile: [Windows]
[2016.12.18-22.35.59:188][  0]LogContentStreaming: Texture pool size is 0.00 MB
[2016.12.18-22.35.59:537][  0]LogMeshUtilities: Using QuadricMeshReduction for automatic static mesh reduction
[2016.12.18-22.35.59:618][  0]LogSimplygon: Simplygon DLL not present - disabling.
[2016.12.18-22.35.59:694][  0]LogMeshUtilities: Using SimplygonSwarm for distributed automatic mesh merging
[2016.12.18-22.35.59:694][  0]LogMeshUtilities: No automatic skeletal mesh reduction module available
[2016.12.18-22.35.59:694][  0]LogMeshUtilities: No automatic mesh merging module available
[2016.12.18-22.36.00:674][  0]LogNetVersion: GetLocalNetworkVersion: CL: 3195953, ProjectName: ballsplicefolder, ProjectVersion: , EngineNetworkVersion: 2, GameNetworkVersion: 0, NetworkChecksum: 4049906263
[2016.12.18-22.36.00:746][  0]LogAssetRegistry: FAssetRegistry took 0.0225 seconds to start up
[2016.12.18-22.36.00:833][  0]LogPackageLocalizationCache: Processed 3 localized package path(s) for 2 prioritized culture(s) in 0.044878 seconds
[2016.12.18-22.36.00:845][  0]LogUObjectArray: 31946 objects as part of root set at end of initial load.
[2016.12.18-22.36.00:845][  0]LogUObjectAllocator: 6935848 out of 0 bytes used by permanent object pool.
[2016.12.18-22.36.00:845][  0]LogUObjectArray: CloseDisregardForGC: 0/0 objects in disregard for GC pool
[2016.12.18-22.36.00:963][  0]LogInit: WinSock: version 1.1 (2.2), MaxSocks=32767, MaxUdp=65467
[2016.12.18-22.36.02:434][  0]LogSlate: Using Freetype 2.6.0
[2016.12.18-22.36.02:481][  0]LogSlate: SlateFontCache - WITH_FREETYPE: 1, WITH_HARFBUZZ: 1
[2016.12.18-22.36.02:481][  0]LogSlate: SlateFontCache - WITH_FREETYPE: 1, WITH_HARFBUZZ: 1
[2016.12.18-22.36.33:030][  0]LogTcpMessaging: Initializing TcpMessaging bridge
[2016.12.18-22.36.33:096][  0]LogUdpMessaging: Initializing bridge on interface 0.0.0.0:0 to multicast group 230.0.0.1:6666.
[2016.12.18-22.36.33:736][  0]LogMaterial: Uniform references updated for custom material expression Custom.
[2016.12.18-22.36.34:329][  0]SourceControl: Info Source control is disabled
[2016.12.18-22.36.34:330][  0]SourceControl: Info Source control is disabled
[2016.12.18-22.36.34:414][  0]SourceControl: Info Source control is disabled
[2016.12.18-22.36.34:487][  0]SourceControl: Info Source control is disabled
[2016.12.18-22.36.36:852][  0]LogEngine: Initializing Engine...
[2016.12.18-22.36.36:853][  0]LogHMD: Failed to initialize OpenVR with code 110
[2016.12.18-22.36.37:252][  0]LogAIModule: Creating AISystem for world Untitled
[2016.12.18-22.36.37:262][  0]LogInit: XAudio2 using 'Speakers / Headphones (Realtek Audio)' : 2 channels at 48 kHz using 32 bits per sample (channel mask 0x3)
[2016.12.18-22.36.39:082][  0]LogInit: FAudioDevice initialized.
[2016.12.18-22.36.39:134][  0]LogDerivedDataCache: Saved boot cache 0.05s 50MB C:/Users/MariaPC/AppData/Local/UnrealEngine/4.14/DerivedDataCache/Boot.ddc.
[2016.12.18-22.36.39:148][  0]LogInit: Texture streaming: Enabled
[2016.12.18-22.36.39:537][  0]LogInit: Transaction tracking system initialized
[2016.12.18-22.36.40:198][  0]BlueprintLog: New page: Editor Load
[2016.12.18-22.36.41:899][  0]LocalizationService: Info Localization service is disabled
[2016.12.18-22.36.43:258][  0]LogConsoleResponse:Display: 
[2016.12.18-22.36.43:758][  0]LogCook:Display: Max memory allowance for cook 16384mb min free memory 0mb
[2016.12.18-22.36.43:758][  0]LogCook:Display: Mobile HDR setting 0
[2016.12.18-22.36.44:030][  0]LogFileCache: Scanning file cache for directory 'C:/Users/MariaPC/Documents/GitHub/BallSplice/BallSpliceFolder/Content/' took 0.01s
[2016.12.18-22.36.45:903][  0]SourceControl: Info Source control is disabled
[2016.12.18-22.36.45:903][  0]Cmd: MAP LOAD FILE="../../../../../../Users/MariaPC/Documents/GitHub/BallSplice/BallSpliceFolder/Content/Maps/StandardMap.umap" TEMPLATE=0 SHOWPROGRESS=1 FEATURELEVEL=3
[2016.12.18-22.36.45:904][  0]LightingResults: New page: Lighting Build
[2016.12.18-22.36.45:986][  0]MapCheck: New page: Map Check
[2016.12.18-22.36.45:986][  0]LightingResults: New page: Lighting Build
[2016.12.18-22.36.46:121][  0]LogAIModule: Creating AISystem for world StandardMap
[2016.12.18-22.36.46:123][  0]LogEditorServer: Finished looking for orphan Actors (0.000 secs)
[2016.12.18-22.36.46:124][  0]Cmd: MAP CHECKDEP NOCLEARLOG
[2016.12.18-22.36.46:204][  0]MapCheck: Info Map check complete: 0 Error(s), 0 Warning(s), took 80.654ms to complete.
[2016.12.18-22.36.46:205][  0]LogFileHelpers: Loading map 'StandardMap' took 0.302
[2016.12.18-22.36.46:411][  0]LogCollectionManager: Loaded 0 collections in 0.002842 seconds
[2016.12.18-22.36.46:513][  0]LogFileCache: Scanning file cache for directory 'C:/Users/MariaPC/Documents/GitHub/BallSplice/BallSpliceFolder/Saved/Collections/' took 0.01s
[2016.12.18-22.36.46:513][  0]LogFileCache: Scanning file cache for directory 'C:/Users/MariaPC/Documents/GitHub/BallSplice/BallSpliceFolder/Content/Developers/MariaPC/Collections/' took 0.01s
[2016.12.18-22.36.46:513][  0]LogFileCache: Scanning file cache for directory 'C:/Users/MariaPC/Documents/GitHub/BallSplice/BallSpliceFolder/Content/Collections/' took 0.01s
[2016.12.18-22.36.46:513][  0]LogCollectionManager: Rebuilt the GUID cache for 0 collections in 0.000002 seconds
[2016.12.18-22.36.46:528][  0]LogContentBrowser: Native class hierarchy populated in 0.0149 seconds. Added 2190 classes and 428 folders.
[2016.12.18-22.36.46:608][  0]LogStats: UGameplayTagsManager::ConstructGameplayTagTree: Construct from data asset -  0.000 s
[2016.12.18-22.36.46:608][  0]LogStats: UGameplayTagsManager::ConstructGameplayTagTree: GameplayTagTreeChangedEvent.Broadcast -  0.000 s
[2016.12.18-22.36.46:608][  0]LogContentBrowser: Native class hierarchy updated for 'GameplayTags' in 0.0007 seconds. Added 13 classes and 0 folders.
[2016.12.18-22.36.46:740][  0]LogContentBrowser: Native class hierarchy updated for 'WidgetCarousel' in 0.0006 seconds. Added 0 classes and 0 folders.
[2016.12.18-22.36.47:285][  0]LogContentBrowser: Native class hierarchy updated for 'AddContentDialog' in 0.0007 seconds. Added 0 classes and 0 folders.
[2016.12.18-22.36.47:365][  0]LogContentBrowser: Native class hierarchy updated for 'SceneOutliner' in 0.0007 seconds. Added 1 classes and 2 folders.
[2016.12.18-22.36.47:432][  0]LogCrashTracker: Crashtracker disabled due to settings.
[2016.12.18-22.36.47:437][  0]LogUObjectGlobals:Warning: Failed to find object 'Class None.'
[2016.12.18-22.36.47:542][  0]LogContentBrowser: Native class hierarchy updated for 'HierarchicalLODOutliner' in 0.0008 seconds. Added 1 classes and 2 folders.
[2016.12.18-22.36.47:542][  0]LogLoad: (Engine Initialization) Total time: 64.57 seconds
[2016.12.18-22.36.47:542][  0]LogLoad: (Engine Initialization) Total Blueprint compile time: 0.16 seconds
[2016.12.18-22.36.47:542][  0]LogExternalProfiler: No external profilers were discovered.  External profiling features will not be available.
[2016.12.18-22.36.47:882][  0]LogOcInput: OculusInput pre-init called
[2016.12.18-22.36.47:901][  0]LogContentStreaming: Texture pool size now 1000 MB
[2016.12.18-22.36.48:210][  0]LogRenderer: Reallocating scene render targets to support 964x436 NumSamples 1 (Frame:2).
[2016.12.18-22.36.49:270][  2]LogAssetRegistry: Asset discovery search completed in 48.5469 seconds
[2016.12.18-22.36.49:270][  2]LogCollectionManager: Rebuilt the object cache for 0 collections in 0.000001 seconds (found 0 objects)
[2016.12.18-22.36.49:270][  2]LogCollectionManager: Fixed up redirectors for 0 collections in 0.000019 seconds (updated 0 objects)
[2016.12.19-00.56.09:503][234]LogRenderer: Reallocating scene render targets to support 964x460 NumSamples 1 (Frame:3612).
[2016.12.19-00.56.09:682][235]LogHttp:Warning: 0000026D5700CB80: request failed, libcurl error: 6 (Couldn't resolve host name)
[2016.12.19-00.56.09:682][235]LogHttp:Warning: 0000026D5700CB80: libcurl info message cache 0 (Connection 3 seems to be dead!)
[2016.12.19-00.56.09:682][235]LogHttp:Warning: 0000026D5700CB80: libcurl info message cache 1 (Closing connection 3)
[2016.12.19-00.56.09:682][235]LogHttp:Warning: 0000026D5700CB80: libcurl info message cache 2 (Could not resolve host: datarouter.ol.epicgames.com)
[2016.12.19-00.56.09:682][235]LogHttp:Warning: 0000026D5700CB80: libcurl info message cache 3 (Closing connection 4)
[2016.12.19-00.57.06:785][385]LogMaterial: Missing cached shader map for material DivisionTile_Mat, compiling. 
[2016.12.19-00.57.06:893][385]LogMaterial: Missing cached shader map for material DivisionTile_Mat, compiling. 
[2016.12.19-00.57.06:910][385]LogMaterial: Missing cached shader map for material DivisionTile_Mat, compiling. 
[2016.12.19-00.57.06:987][385]LogMaterial: Missing cached shader map for material DivisionTile_Mat, compiling. 
[2016.12.19-00.57.07:016][385]LogMaterial: 0.00 seconds spent updating 1 materials, 1 interfaces, 0 instances, 0 with static permutations.
[2016.12.19-00.57.07:021][385]LogMaterial: Missing cached shader map for material DivisionTile_Mat, compiling. 
[2016.12.19-00.57.07:034][385]LogMaterial: Missing cached shader map for material DivisionTile_Mat, compiling. 
[2016.12.19-00.57.07:051][385]LogMaterial: 0.00 seconds spent updating 1 materials, 1 interfaces, 0 instances, 0 with static permutations.
[2016.12.19-00.57.59:868][748]MaterialEditorStats: Info Mobile texture samplers: 0/8
[2016.12.19-00.58.03:565][759]MaterialEditorStats: Info Base pass shader with only dynamic lighting: 22 instructions
[2016.12.19-00.58.03:565][759]MaterialEditorStats: Info Vertex shader: 29 instructions
[2016.12.19-00.58.03:565][759]MaterialEditorStats: Info Texture samplers: 0/16
[2016.12.19-00.58.03:565][759]MaterialEditorStats: Info Mobile texture samplers: 0/8
[2016.12.19-00.58.31:348][842]LogFileHelpers: Editor autosave (incl. sublevels) for '/Game/Maps/StandardMap' took 0.030
[2016.12.19-00.58.31:350][842]OBJ SavePackage: Generating thumbnails for [1] asset(s) in package [/Game/Objects/DivisionTile/DivisionTile_Mat] ([1] browsable assets)...
[2016.12.19-00.58.31:412][842]OBJ SavePackage:     Rendered thumbnail for [Material /Game/Objects/DivisionTile/DivisionTile_Mat.DivisionTile_Mat]
[2016.12.19-00.58.31:413][842]OBJ SavePackage: Finished generating thumbnails for package [/Game/Objects/DivisionTile/DivisionTile_Mat]
[2016.12.19-00.58.31:429][842]LogSavePackage: Save=14.93ms
[2016.12.19-00.58.31:429][842]LogSavePackage: Moving '../../../../../../Users/MariaPC/Documents/GitHub/BallSplice/BallSpliceFolder/Saved/DivisionTile_Mat_Auto112FA04254EBC371E4341D9ABBF4E3710.tmp' to '../../../../../../Users/MariaPC/Documents/GitHub/BallSplice/BallSpliceFolder/Saved/Autosaves/Game/Objects/DivisionTile/DivisionTile_Mat_Auto1.uasset'
[2016.12.19-00.58.31:448][842]LogSavePackage:Display: Finished SavePackage ../../../../../../Users/MariaPC/Documents/GitHub/BallSplice/BallSpliceFolder/Saved/Autosaves/Game/Objects/DivisionTile/DivisionTile_Mat_Auto1.uasset
[2016.12.19-00.58.31:448][842]LogFileHelpers: Auto-saving content packages took 0.099
[2016.12.19-04.00.07:406][115]LogHttp:Warning: 0000026D65F22680: request failed, libcurl error: 6 (Couldn't resolve host name)
[2016.12.19-04.00.07:406][115]LogHttp:Warning: 0000026D65F22680: libcurl info message cache 0 (Connection 5 seems to be dead!)
[2016.12.19-04.00.07:406][115]LogHttp:Warning: 0000026D65F22680: libcurl info message cache 1 (Closing connection 5)
[2016.12.19-04.00.07:406][115]LogHttp:Warning: 0000026D65F22680: libcurl info message cache 2 (Could not resolve host: datarouter.ol.epicgames.com)
[2016.12.19-04.00.07:406][115]LogHttp:Warning: 0000026D65F22680: libcurl info message cache 3 (Closing connection 6)
[2016.12.19-23.05.40:479][128]LogHttp:Warning: 0000026D65F22980: request failed, libcurl error: 6 (Couldn't resolve host name)
[2016.12.19-23.05.40:479][128]LogHttp:Warning: 0000026D65F22980: libcurl info message cache 0 (Could not resolve host: datarouter.ol.epicgames.com)
[2016.12.19-23.05.40:479][128]LogHttp:Warning: 0000026D65F22980: libcurl info message cache 1 (Closing connection 7)
[2016.12.20-02.06.55:057][347]LogHttp:Warning: 0000026D64D0EE00: request failed, libcurl error: 6 (Couldn't resolve host name)
[2016.12.20-02.06.55:057][347]LogHttp:Warning: 0000026D64D0EE00: libcurl info message cache 0 (Could not resolve host: datarouter.ol.epicgames.com)
[2016.12.20-02.06.55:057][347]LogHttp:Warning: 0000026D64D0EE00: libcurl info message cache 1 (Closing connection 8)
[2016.12.20-21.59.22:075][366]LogHttp:Warning: 0000026D65F22800: request failed, libcurl error: 6 (Couldn't resolve host name)
[2016.12.20-21.59.22:075][366]LogHttp:Warning: 0000026D65F22800: libcurl info message cache 0 (Could not resolve host: datarouter.ol.epicgames.com)
[2016.12.20-21.59.22:075][366]LogHttp:Warning: 0000026D65F22800: libcurl info message cache 1 (Closing connection 9)
[2016.12.20-22.03.20:522][923]LogMaterial: Missing cached shader map for material DivisionTile_Mat, compiling. 
[2016.12.20-22.03.20:533][923]LogMaterial: Missing cached shader map for material DivisionTile_Mat, compiling. 
[2016.12.20-22.03.20:548][923]LogMaterial: 0.00 seconds spent updating 1 materials, 1 interfaces, 0 instances, 0 with static permutations.
[2016.12.20-22.03.20:581][923]LogMaterial: Missing cached shader map for material FMatExpressionPreview MaterialExpressionConstant3Vector_0, compiling. 
[2016.12.20-22.03.40:423][ 94]LogMaterial: Missing cached shader map for material DivisionTile_Mat, compiling. 
[2016.12.20-22.03.40:444][ 94]LogMaterial: Missing cached shader map for material DivisionTile_Mat, compiling. 
[2016.12.20-22.03.40:466][ 94]LogMaterial: 0.00 seconds spent updating 1 materials, 1 interfaces, 0 instances, 0 with static permutations.
[2016.12.20-22.03.40:634][ 94]LogMaterial: Missing cached shader map for material FMatExpressionPreview MaterialExpressionConstant3Vector_0, compiling. 
[2016.12.20-22.03.45:234][167]LogMaterial: Missing cached shader map for material DivisionTile_Mat, compiling. 
[2016.12.20-22.03.45:263][167]LogMaterial: Missing cached shader map for material DivisionTile_Mat, compiling. 
[2016.12.20-22.03.45:282][167]LogMaterial: 0.00 seconds spent updating 1 materials, 1 interfaces, 0 instances, 0 with static permutations.
[2016.12.20-22.03.45:414][167]LogMaterial: Missing cached shader map for material FMatExpressionPreview MaterialExpressionConstant3Vector_0, compiling. 
[2016.12.20-22.03.50:060][228]LogMaterialEditor: Applying material DivisionTile_Mat
[2016.12.20-22.03.53:134][228]LogMaterial: Missing cached shader map for material DivisionTile_Mat, compiling. 
[2016.12.20-22.03.53:179][228]LogMaterial: Missing cached shader map for material DivisionTile_Mat, compiling. 
[2016.12.20-22.03.53:214][228]LogMaterial: 0.00 seconds spent updating 1 materials, 1 interfaces, 0 instances, 0 with static permutations.
[2016.12.20-22.03.54:487][228]LogMaterial: Missing cached shader map for material DivisionTile_Mat, compiling. 
[2016.12.20-22.03.54:522][228]LogMaterial: Missing cached shader map for material DivisionTile_Mat, compiling. 
[2016.12.20-22.03.54:603][228]LogMaterial: Missing cached shader map for material DivisionTile_Mat, compiling. 
[2016.12.20-22.03.54:712][228]LogMaterial: 0.00 seconds spent updating 1 materials, 1 interfaces, 0 instances, 0 with static permutations.
[2016.12.20-22.04.32:858][796]LogMaterial: Missing cached shader map for material DivisionTile_Mat, compiling. 
[2016.12.20-22.04.32:874][796]LogMaterial: Missing cached shader map for material DivisionTile_Mat, compiling. 
[2016.12.20-22.04.32:892][796]LogMaterial: 0.00 seconds spent updating 1 materials, 1 interfaces, 0 instances, 0 with static permutations.
[2016.12.20-22.04.37:325][877]LogMaterial: Missing cached shader map for material DivisionTile_Mat, compiling. 
[2016.12.20-22.04.37:344][877]LogMaterial: Missing cached shader map for material DivisionTile_Mat, compiling. 
[2016.12.20-22.04.37:365][877]LogMaterial: 0.00 seconds spent updating 1 materials, 1 interfaces, 0 instances, 0 with static permutations.
[2016.12.20-22.04.43:287][940]LogMaterial: Missing cached shader map for material DivisionTile_Mat, compiling. 
[2016.12.20-22.04.43:314][940]LogMaterial: Missing cached shader map for material DivisionTile_Mat, compiling. 
[2016.12.20-22.04.43:335][940]LogMaterial: 0.00 seconds spent updating 1 materials, 1 interfaces, 0 instances, 0 with static permutations.
[2016.12.20-22.04.45:708][966]LogMaterialEditor: Applying material DivisionTile_Mat
[2016.12.20-22.04.46:729][966]LogMaterial: Missing cached shader map for material DivisionTile_Mat, compiling. 
[2016.12.20-22.04.46:771][966]LogMaterial: Missing cached shader map for material DivisionTile_Mat, compiling. 
[2016.12.20-22.04.46:810][966]LogMaterial: 0.00 seconds spent updating 1 materials, 1 interfaces, 0 instances, 0 with static permutations.
[2016.12.20-22.04.46:895][966]LogMaterial: Missing cached shader map for material DivisionTile_Mat, compiling. 
[2016.12.20-22.04.46:954][966]LogMaterial: Missing cached shader map for material DivisionTile_Mat, compiling. 
[2016.12.20-22.04.47:040][966]LogMaterial: Missing cached shader map for material DivisionTile_Mat, compiling. 
[2016.12.20-22.04.47:068][966]LogMaterial: 0.00 seconds spent updating 1 materials, 1 interfaces, 0 instances, 0 with static permutations.
[2016.12.20-22.05.55:987][498]MaterialEditorStats: Info Mobile texture samplers: 2/8
[2016.12.20-22.05.58:318][505]MaterialEditorStats: Info Base pass shader with only dynamic lighting: 59 instructions
[2016.12.20-22.05.58:318][505]MaterialEditorStats: Info Vertex shader: 29 instructions
[2016.12.20-22.05.58:318][505]MaterialEditorStats: Info Texture samplers: 3/16
[2016.12.20-22.05.58:319][505]MaterialEditorStats: Info Mobile texture samplers: 2/8
[2016.12.20-22.08.34:339][218]LogMaterial: Missing cached shader map for material DivisionTile_Mat, compiling. 
[2016.12.20-22.08.34:366][218]LogMaterial: Missing cached shader map for material DivisionTile_Mat, compiling. 
[2016.12.20-22.08.34:390][218]LogMaterial: 0.00 seconds spent updating 1 materials, 1 interfaces, 0 instances, 0 with static permutations.
[2016.12.20-22.08.34:411][218]LogMaterial: Missing cached shader map for material DivisionTile_Mat, compiling. 
[2016.12.20-22.08.34:448][218]LogMaterial: Missing cached shader map for material DivisionTile_Mat, compiling. 
[2016.12.20-22.08.34:530][218]LogMaterial: Missing cached shader map for material DivisionTile_Mat, compiling. 
[2016.12.20-22.08.34:568][218]LogMaterial: 0.00 seconds spent updating 1 materials, 1 interfaces, 0 instances, 0 with static permutations.
[2016.12.20-22.09.58:358][589]LogFileHelpers: Editor autosave (incl. sublevels) for '/Game/Maps/StandardMap' took 1.086
[2016.12.20-22.09.58:425][589]OBJ SavePackage: Generating thumbnails for [1] asset(s) in package [/Game/Objects/DivisionTile/DivisionTile] ([1] browsable assets)...
[2016.12.20-22.09.58:677][589]OBJ SavePackage:     Rendered thumbnail for [StaticMesh /Game/Objects/DivisionTile/DivisionTile.DivisionTile]
[2016.12.20-22.09.58:677][589]OBJ SavePackage: Finished generating thumbnails for package [/Game/Objects/DivisionTile/DivisionTile]
[2016.12.20-22.10.00:435][589]LogSavePackage: Save=862.32ms
[2016.12.20-22.10.00:435][589]LogSavePackage: Moving '../../../../../../Users/MariaPC/Documents/GitHub/BallSplice/BallSpliceFolder/Saved/DivisionTile_Auto2142C43874BF34D57978375BB633AD3AC.tmp' to '../../../../../../Users/MariaPC/Documents/GitHub/BallSplice/BallSpliceFolder/Saved/Autosaves/Game/Objects/DivisionTile/DivisionTile_Auto2.uasset'
[2016.12.20-22.10.00:439][589]LogSavePackage:Display: Finished SavePackage ../../../../../../Users/MariaPC/Documents/GitHub/BallSplice/BallSpliceFolder/Saved/Autosaves/Game/Objects/DivisionTile/DivisionTile_Auto2.uasset
[2016.12.20-22.10.00:440][589]OBJ SavePackage: Generating thumbnails for [1] asset(s) in package [/Game/Objects/DivisionTile/DivisionTile_Mat] ([1] browsable assets)...
[2016.12.20-22.10.02:070][589]OBJ SavePackage:     Rendered thumbnail for [Material /Game/Objects/DivisionTile/DivisionTile_Mat.DivisionTile_Mat]
[2016.12.20-22.10.02:070][589]OBJ SavePackage: Finished generating thumbnails for package [/Game/Objects/DivisionTile/DivisionTile_Mat]
[2016.12.20-22.10.02:888][589]LogSavePackage: Save=577.43ms
[2016.12.20-22.10.02:888][589]LogSavePackage: Moving '../../../../../../Users/MariaPC/Documents/GitHub/BallSplice/BallSpliceFolder/Saved/DivisionTile_Mat_Auto277BD3E7045B92E899E063F82A46956C1.tmp' to '../../../../../../Users/MariaPC/Documents/GitHub/BallSplice/BallSpliceFolder/Saved/Autosaves/Game/Objects/DivisionTile/DivisionTile_Mat_Auto2.uasset'
[2016.12.20-22.10.02:890][589]LogSavePackage:Display: Finished SavePackage ../../../../../../Users/MariaPC/Documents/GitHub/BallSplice/BallSpliceFolder/Saved/Autosaves/Game/Objects/DivisionTile/DivisionTile_Mat_Auto2.uasset
[2016.12.20-22.10.02:890][589]LogFileHelpers: Auto-saving content packages took 4.471
[2016.12.20-22.23.27:560][129]LogMetaData: Removing '/Game/BluePrints/BP_Divison.BP_Divison:UserConstructionScript.K2Node_FunctionEntry_0' ref from Metadata '/Game/BluePrints/Divison.PackageMetaData'
[2016.12.20-22.23.27:560][129]LogMetaData: Removing '/Game/BluePrints/BP_Divison.SKEL_BP_Divison_C' ref from Metadata '/Game/BluePrints/Divison.PackageMetaData'
[2016.12.20-22.23.27:560][129]LogMetaData: Removing '/Game/BluePrints/BP_Divison.BP_Divison_C' ref from Metadata '/Game/BluePrints/Divison.PackageMetaData'
[2016.12.20-22.23.27:560][129]LogMetaData: Removing '/Game/BluePrints/BP_Divison.BP_Divison:EventGraph.K2Node_Event_0' ref from Metadata '/Game/BluePrints/Divison.PackageMetaData'
[2016.12.20-22.23.27:560][129]LogMetaData: Removing '/Game/BluePrints/BP_Divison.BP_Divison:EventGraph.K2Node_Event_1' ref from Metadata '/Game/BluePrints/Divison.PackageMetaData'
[2016.12.20-22.23.27:560][129]LogMetaData: Removing '/Game/BluePrints/BP_Divison.BP_Divison:EventGraph.K2Node_Event_2' ref from Metadata '/Game/BluePrints/Divison.PackageMetaData'
[2016.12.20-22.23.27:751][129]Cmd: OBJ SAVEPACKAGE PACKAGE="/Game/BluePrints/BP_Divison" FILE="../../../../../../Users/MariaPC/Documents/GitHub/BallSplice/BallSpliceFolder/Content/BluePrints/BP_Divison.uasset" SILENT=true
[2016.12.20-22.23.27:809][129]LogSavePackage: Save=54.91ms
[2016.12.20-22.23.27:809][129]LogSavePackage: Moving '../../../../../../Users/MariaPC/Documents/GitHub/BallSplice/BallSpliceFolder/Saved/BP_DivisonB1DC5F434F55BCED95D02E88BB47B3C9.tmp' to '../../../../../../Users/MariaPC/Documents/GitHub/BallSplice/BallSpliceFolder/Content/BluePrints/BP_Divison.uasset'
[2016.12.20-22.23.27:820][129]LogSavePackage:Display: Finished SavePackage ../../../../../../Users/MariaPC/Documents/GitHub/BallSplice/BallSpliceFolder/Content/BluePrints/BP_Divison.uasset
[2016.12.20-22.25.24:951][992]LogContentBrowser: Native class hierarchy updated for 'BlueprintGraph' in 0.0017 seconds. Added 111 classes and 0 folders.
[2016.12.20-22.25.26:015][992]LogTexture:Display: Building textures: TilePatine_N (BC5)
[2016.12.20-22.25.26:168][992]LogTexture:Display: Building textures: TilePatine_D (AutoDXT)
[2016.12.20-22.26.00:462][259]LogEditorViewport: Clicking Background
[2016.12.20-22.26.57:565][924]LogRenderer: Reallocating scene render targets to support 964x684 NumSamples 1 (Frame:16964).
[2016.12.20-22.31.41:900][902]LogEditorTransaction: Undo Edit Mobility
[2016.12.20-22.31.42:680][932]LogEditorTransaction: Undo Edit Mobility
[2016.12.20-22.31.43:232][950]LogEditorTransaction: Undo Modify Component(s)
[2016.12.20-22.31.43:889][963]LogEditorTransaction: Undo Modify Component(s)
[2016.12.20-22.31.44:529][976]LogEditorTransaction: Undo Modify Component(s)
[2016.12.20-22.31.44:986][985]LogEditorTransaction: Undo Modify Component(s)
[2016.12.20-22.31.45:717][  0]LogEditorTransaction: Undo Modify Component(s)
[2016.12.20-22.31.52:051][128]LogEditorTransaction: Redo Modify Component(s)
[2016.12.20-22.31.52:667][147]LogEditorTransaction: Redo Modify Component(s)
[2016.12.20-22.32.00:876][305]Cmd: OBJ SAVEPACKAGE PACKAGE="/Game/BluePrints/BP_Divison" FILE="../../../../../../Users/MariaPC/Documents/GitHub/BallSplice/BallSpliceFolder/Content/BluePrints/BP_Divison.uasset" SILENT=true
[2016.12.20-22.32.01:005][305]LogSavePackage: Save=20.16ms
[2016.12.20-22.32.01:006][305]LogSavePackage: Moving '../../../../../../Users/MariaPC/Documents/GitHub/BallSplice/BallSpliceFolder/Saved/BP_DivisonFE7BE9E94F003CEC1EEE0186C1124E75.tmp' to '../../../../../../Users/MariaPC/Documents/GitHub/BallSplice/BallSpliceFolder/Content/BluePrints/BP_Divison.uasset'
[2016.12.20-22.32.01:011][305]LogSavePackage:Display: Finished SavePackage ../../../../../../Users/MariaPC/Documents/GitHub/BallSplice/BallSpliceFolder/Content/BluePrints/BP_Divison.uasset
[2016.12.20-22.32.06:410][420]BlueprintLog: New page: Compile BP_Divison
[2016.12.20-22.33.37:823][641]BlueprintLog: New page: Compile BP_Floor
[2016.12.20-22.33.39:633][667]Cmd: OBJ SAVEPACKAGE PACKAGE="/Game/BluePrints/BP_Floor" FILE="../../../../../../Users/MariaPC/Documents/GitHub/BallSplice/BallSpliceFolder/Content/BluePrints/BP_Floor.uasset" SILENT=true
[2016.12.20-22.33.39:653][667]LogSavePackage: Save=18.31ms
[2016.12.20-22.33.39:653][667]LogSavePackage: Moving '../../../../../../Users/MariaPC/Documents/GitHub/BallSplice/BallSpliceFolder/Saved/BP_Floor4002FAD24ADBE193B1D7D2A46163F743.tmp' to '../../../../../../Users/MariaPC/Documents/GitHub/BallSplice/BallSpliceFolder/Content/BluePrints/BP_Floor.uasset'
[2016.12.20-22.33.39:656][667]LogSavePackage:Display: Finished SavePackage ../../../../../../Users/MariaPC/Documents/GitHub/BallSplice/BallSpliceFolder/Content/BluePrints/BP_Floor.uasset
[2016.12.20-22.34.11:940][837]LogFileHelpers: Editor autosave (incl. sublevels) for '/Game/Maps/StandardMap' took 0.050
[2016.12.20-22.34.11:961][837]LogSavePackage: Save=2.60ms
[2016.12.20-22.34.11:961][837]LogSavePackage: Moving '../../../../../../Users/MariaPC/Documents/GitHub/BallSplice/BallSpliceFolder/Saved/Divison_Auto35BDEBE7C4FA30A19CBCE45B957310D87.tmp' to '../../../../../../Users/MariaPC/Documents/GitHub/BallSplice/BallSpliceFolder/Saved/Autosaves/Game/BluePrints/Divison_Auto3.uasset'
[2016.12.20-22.34.11:962][837]LogSavePackage:Display: Finished SavePackage ../../../../../../Users/MariaPC/Documents/GitHub/BallSplice/BallSpliceFolder/Saved/Autosaves/Game/BluePrints/Divison_Auto3.uasset
[2016.12.20-22.34.11:962][837]LogFileHelpers: Auto-saving content packages took 0.022
[2016.12.20-22.36.32:164][486]LogEditorViewport: Clicking on Actor (LMB): BP_Divison_C (BP_Divison)
[2016.12.20-22.37.09:689][179]LogEditorViewport: Clicking on Actor (LMB): StaticMeshActor (Ball)
[2016.12.20-22.37.15:286][412]LogEditorActor: Deleted Actor: StaticMeshActor
[2016.12.20-22.37.15:320][412]LogEditorActor: Deleted 1 Actors (0.034 secs)
[2016.12.20-22.37.21:011][671]LogEditorViewport: Clicking on Actor (LMB): BP_Floor_C (BP_Floor)
[2016.12.20-22.37.52:674][753]LogSavePackage: Save=77.77ms
[2016.12.20-22.37.52:674][753]LogSavePackage: Moving '../../../../../../Users/MariaPC/Documents/GitHub/BallSplice/BallSpliceFolder/Saved/StandardMapDC926FFE4035257F4D1DA6AD7A830E39.tmp' to '../../../../../../Users/MariaPC/Documents/GitHub/BallSplice/BallSpliceFolder/Content/Maps/StandardMap.umap'
[2016.12.20-22.37.52:690][753]LogSavePackage:Display: Finished SavePackage ../../../../../../Users/MariaPC/Documents/GitHub/BallSplice/BallSpliceFolder/Content/Maps/StandardMap.umap
[2016.12.20-22.37.56:703][825]Cmd: OBJ SAVEPACKAGE PACKAGE="/Game/BluePrints/Divison" FILE="../../../../../../Users/MariaPC/Documents/GitHub/BallSplice/BallSpliceFolder/Content/BluePrints/Divison.uasset" SILENT=true
[2016.12.20-22.37.56:708][825]LogSavePackage: Save=2.66ms
[2016.12.20-22.37.56:708][825]LogSavePackage: Moving '../../../../../../Users/MariaPC/Documents/GitHub/BallSplice/BallSpliceFolder/Saved/Divison9D4F3C6F4BECF9623ABB859F2AFC31BF.tmp' to '../../../../../../Users/MariaPC/Documents/GitHub/BallSplice/BallSpliceFolder/Content/BluePrints/Divison.uasset'
[2016.12.20-22.37.56:714][825]LogSavePackage:Display: Finished SavePackage ../../../../../../Users/MariaPC/Documents/GitHub/BallSplice/BallSpliceFolder/Content/BluePrints/Divison.uasset
[2016.12.20-22.37.56:737][825]LogSavePackage: Save=4.92ms
[2016.12.20-22.37.56:737][825]LogSavePackage: Moving '../../../../../../Users/MariaPC/Documents/GitHub/BallSplice/BallSpliceFolder/Saved/DivisionTile711B58D5481DA5190BF147840225BD51.tmp' to '../../../../../../Users/MariaPC/Documents/GitHub/BallSplice/BallSpliceFolder/Content/Objects/DivisionTile/DivisionTile.uasset'
[2016.12.20-22.37.56:741][825]LogSavePackage:Display: Finished SavePackage ../../../../../../Users/MariaPC/Documents/GitHub/BallSplice/BallSpliceFolder/Content/Objects/DivisionTile/DivisionTile.uasset
[2016.12.20-22.37.56:813][825]LogSavePackage: Save=12.88ms
[2016.12.20-22.37.56:813][825]LogSavePackage: Moving '../../../../../../Users/MariaPC/Documents/GitHub/BallSplice/BallSpliceFolder/Saved/DivisionTile_MatAD8F844248E0EF0768DFF2B265E454FC.tmp' to '../../../../../../Users/MariaPC/Documents/GitHub/BallSplice/BallSpliceFolder/Content/Objects/DivisionTile/DivisionTile_Mat.uasset'
[2016.12.20-22.37.56:818][825]LogSavePackage:Display: Finished SavePackage ../../../../../../Users/MariaPC/Documents/GitHub/BallSplice/BallSpliceFolder/Content/Objects/DivisionTile/DivisionTile_Mat.uasset
[2016.12.20-22.37.57:329][826]Cmd: QUIT_EDITOR
[2016.12.20-22.37.57:755][826]LogWindowsTextInputMethodSystem:Display: IME system now deactivated.
[2016.12.20-22.37.57:756][826]LogWindowsTextInputMethodSystem:Display: IME system now deactivated.
[2016.12.20-22.37.57:898][826]LogExit: Preparing to exit.
[2016.12.20-22.37.58:827][826]LogDirectoryWatcher: A directory notification for 'C:/Users/MariaPC/Documents/GitHub/BallSplice/BallSpliceFolder/Content/' was aborted.
[2016.12.20-22.37.59:125][826]LogExit: Editor shut down
[2016.12.20-22.37.59:184][826]LogExit: Transaction tracking system shut down
[2016.12.20-22.38.00:673][826]LogObj: Freed 0b from 0 cluster array pools.
[2016.12.20-22.38.00:674][826]LogExit: Object subsystem successfully closed.
[2016.12.20-22.38.00:946][826]LogD3D11RHI: Shutdown
[2016.12.20-22.38.00:954][826]LogD3D11RHI: CleanupD3DDevice
[2016.12.20-22.38.01:356][826]LogD3D11RHI: ~FD3D11DynamicRHI
[2016.12.20-22.38.02:335][826]LogHttp:Display: Http module shutting down, but needs to wait on 1 outstanding Http requests:
[2016.12.20-22.38.02:335][826]LogHttp:Display: 	verb=[POST] url=[https://datarouter.ol.epicgames.com/datarouter/api/v1/public/data?SessionID=%7B2ADAEA91-4E7C-8E97-234E-6AA0E5411F8A%7D&AppID=UEEditor.Rocket.Release&AppVersion=4.14.1-3224400%2B%2B%2BUE4%2BRelease-4.14&UserID=13b5e8704099e51168d29b8fa531162b%7Cef0286c654004e44a01b8f856353083c%7C8a454f99-d210-4882-8dd1-e5c57fa0705c&AppEnvironment=datacollector-binary&UploadType=eteventstream] status=Processing
[2016.12.20-22.38.02:377][826]LogModuleManager: Shutting down and abandoning module BlueprintGraph (245)
[2016.12.20-22.38.02:377][826]LogModuleManager: Shutting down and abandoning module BlueprintProfiler (244)
[2016.12.20-22.38.02:377][826]LogModuleManager: Shutting down and abandoning module MaterialEditor (243)
[2016.12.20-22.38.02:377][826]LogModuleManager: Shutting down and abandoning module StaticMeshEditor (242)
[2016.12.20-22.38.02:377][826]LogModuleManager: Shutting down and abandoning module HierarchicalLODOutliner (241)
[2016.12.20-22.38.02:390][826]LogModuleManager: Shutting down and abandoning module CrashTracker (240)
[2016.12.20-22.38.02:424][826]LogModuleManager: Shutting down and abandoning module SceneOutliner (239)
[2016.12.20-22.38.02:424][826]LogModuleManager: Shutting down and abandoning module WidgetCarousel (238)
[2016.12.20-22.38.02:424][826]LogModuleManager: Shutting down and abandoning module AddContentDialog (237)
[2016.12.20-22.38.02:424][826]LogDirectoryWatcher: A directory notification for 'C:/Program Files (x86)/Epic Games/4.14/FeaturePacks/' was aborted.
[2016.12.20-22.38.02:439][826]LogModuleManager: Shutting down and abandoning module GameplayTags (236)
[2016.12.20-22.38.02:440][826]LogModuleManager: Shutting down and abandoning module EditorWidgets (235)
[2016.12.20-22.38.02:440][826]LogModuleManager: Shutting down and abandoning module CollectionManager (234)
[2016.12.20-22.38.02:453][826]LogDirectoryWatcher: A directory notification for 'C:/Users/MariaPC/Documents/GitHub/BallSplice/BallSpliceFolder/Content/Collections/' was aborted.
[2016.12.20-22.38.02:453][826]LogDirectoryWatcher: A directory notification for 'C:/Users/MariaPC/Documents/GitHub/BallSplice/BallSpliceFolder/Content/Developers/MariaPC/Collections/' was aborted.
[2016.12.20-22.38.02:453][826]LogDirectoryWatcher: A directory notification for 'C:/Users/MariaPC/Documents/GitHub/BallSplice/BallSpliceFolder/Saved/Collections/' was aborted.
[2016.12.20-22.38.02:454][826]LogModuleManager: Shutting down and abandoning module StatsViewer (233)
[2016.12.20-22.38.02:454][826]LogModuleManager: Shutting down and abandoning module FoliageEdit (232)
[2016.12.20-22.38.02:460][826]LogModuleManager: Shutting down and abandoning module LandscapeEditor (231)
[2016.12.20-22.38.02:469][826]LogModuleManager: Shutting down and abandoning module SceneDepthPickerMode (230)
[2016.12.20-22.38.02:469][826]LogModuleManager: Shutting down and abandoning module ActorPickerMode (229)
[2016.12.20-22.38.02:469][826]LogModuleManager: Shutting down and abandoning module GeometryMode (228)
[2016.12.20-22.38.02:469][826]LogModuleManager: Shutting down and abandoning module TextureAlignMode (227)
[2016.12.20-22.38.02:469][826]LogModuleManager: Shutting down and abandoning module BspMode (226)
[2016.12.20-22.38.02:475][826]LogModuleManager: Shutting down and abandoning module HardwareSurvey (225)
[2016.12.20-22.38.02:489][826]LogModuleManager: Shutting down and abandoning module SequenceRecorderSections (224)
[2016.12.20-22.38.02:494][826]LogModuleManager: Shutting down and abandoning module AutomationWorker (223)
[2016.12.20-22.38.02:505][826]LogModuleManager: Shutting down and abandoning module MatineeToLevelSequence (222)
[2016.12.20-22.38.02:514][826]LogModuleManager: Shutting down and abandoning module PlacementMode (221)
[2016.12.20-22.38.02:528][826]LogModuleManager: Shutting down and abandoning module LevelSequenceEditor (220)
[2016.12.20-22.38.02:549][826]LogModuleManager: Shutting down and abandoning module WmfMediaFactory (219)
[2016.12.20-22.38.02:549][826]LogModuleManager: Shutting down and abandoning module WmfMediaEditor (218)
[2016.12.20-22.38.02:549][826]LogModuleManager: Shutting down and abandoning module AvfMediaFactory (217)
[2016.12.20-22.38.02:550][826]LogModuleManager: Shutting down and abandoning module AvfMediaEditor (216)
[2016.12.20-22.38.02:550][826]LogModuleManager: Shutting down and abandoning module Media (215)
[2016.12.20-22.38.02:550][826]LogModuleManager: Shutting down and abandoning module AndroidMediaFactory (214)
[2016.12.20-22.38.02:550][826]LogModuleManager: Shutting down and abandoning module AndroidMediaEditor (213)
[2016.12.20-22.38.02:550][826]LogModuleManager: Shutting down and abandoning module CharacterAI (212)
[2016.12.20-22.38.02:550][826]LogModuleManager: Shutting down and abandoning module SequenceRecorder (211)
[2016.12.20-22.38.02:558][826]LogModuleManager: Shutting down and abandoning module AudioCapture (210)
[2016.12.20-22.38.02:558][826]LogModuleManager: Shutting down and abandoning module SmartSnapping (209)
[2016.12.20-22.38.02:558][826]LogModuleManager: Shutting down and abandoning module SessionServices (208)
[2016.12.20-22.38.02:558][826]LogModuleManager: Shutting down and abandoning module ViewportSnapping (207)
[2016.12.20-22.38.02:558][826]LogModuleManager: Shutting down and abandoning module ViewportInteraction (206)
[2016.12.20-22.38.02:558][826]LogModuleManager: Shutting down and abandoning module LogVisualizer (205)
[2016.12.20-22.38.02:586][826]LogModuleManager: Shutting down and abandoning module GameProjectGeneration (204)
[2016.12.20-22.38.02:586][826]LogModuleManager: Shutting down and abandoning module IntroTutorials (203)
[2016.12.20-22.38.02:603][826]LogModuleManager: Shutting down and abandoning module EditorLiveStreaming (202)
[2016.12.20-22.38.02:603][826]LogModuleManager: Shutting down and abandoning module IOSPlatformEditor (201)
[2016.12.20-22.38.02:614][826]LogModuleManager: Shutting down and abandoning module HTML5PlatformEditor (200)
[2016.12.20-22.38.02:614][826]LogModuleManager: Shutting down and abandoning module AndroidDeviceDetection (199)
[2016.12.20-22.38.02:834][826]LogModuleManager: Shutting down and abandoning module AndroidPlatformEditor (198)
[2016.12.20-22.38.02:859][826]LogModuleManager: Shutting down and abandoning module IOSRuntimeSettings (197)
[2016.12.20-22.38.02:859][826]LogModuleManager: Shutting down and abandoning module AndroidRuntimeSettings (196)
[2016.12.20-22.38.02:859][826]LogModuleManager: Shutting down and abandoning module InputBindingEditor (195)
[2016.12.20-22.38.02:875][826]LogModuleManager: Shutting down and abandoning module NiagaraEditor (194)
[2016.12.20-22.38.02:970][826]LogModuleManager: Shutting down and abandoning module MergeActors (193)
[2016.12.20-22.38.03:006][826]LogModuleManager: Shutting down and abandoning module SizeMap (192)
[2016.12.20-22.38.03:030][826]LogModuleManager: Shutting down and abandoning module TreeMap (191)
[2016.12.20-22.38.03:096][826]LogModuleManager: Shutting down and abandoning module ReferenceViewer (190)
[2016.12.20-22.38.03:096][826]LogModuleManager: Shutting down and abandoning module LocalizationService (189)
[2016.12.20-22.38.03:113][826]LogModuleManager: Shutting down and abandoning module LocalizationDashboard (188)
[2016.12.20-22.38.03:165][826]LogModuleManager: Shutting down and abandoning module HardwareTargeting (187)
[2016.12.20-22.38.03:165][826]LogModuleManager: Shutting down and abandoning module DeviceProfileEditor (186)
[2016.12.20-22.38.03:212][826]LogModuleManager: Shutting down and abandoning module UndoHistory (185)
[2016.12.20-22.38.03:233][826]LogModuleManager: Shutting down and abandoning module UserFeedback (184)
[2016.12.20-22.38.03:233][826]LogModuleManager: Shutting down and abandoning module XmlParser (183)
[2016.12.20-22.38.03:250][826]LogModuleManager: Shutting down and abandoning module Blutility (182)
[2016.12.20-22.38.03:275][826]LogModuleManager: Shutting down and abandoning module ProjectTargetPlatformEditor (181)
[2016.12.20-22.38.03:276][826]LogModuleManager: Shutting down and abandoning module ProjectSettingsViewer (180)
[2016.12.20-22.38.03:277][826]LogModuleManager: Shutting down and abandoning module EditorSettingsViewer (179)
[2016.12.20-22.38.03:277][826]LogModuleManager: Shutting down and abandoning module SettingsEditor (178)
[2016.12.20-22.38.03:370][826]LogModuleManager: Shutting down and abandoning module ProjectLauncher (177)
[2016.12.20-22.38.03:425][826]LogModuleManager: Shutting down and abandoning module SessionFrontend (176)
[2016.12.20-22.38.03:451][826]LogModuleManager: Shutting down and abandoning module ProfilerClient (175)
[2016.12.20-22.38.03:473][826]LogModuleManager: Shutting down and abandoning module TargetDeviceServices (174)
[2016.12.20-22.38.03:473][826]LogModuleManager: Shutting down and abandoning module DeviceManager (173)
[2016.12.20-22.38.03:554][826]LogModuleManager: Shutting down and abandoning module AutomationController (172)
[2016.12.20-22.38.03:572][826]LogModuleManager: Shutting down and abandoning module AutomationWindow (171)
[2016.12.20-22.38.03:597][826]LogModuleManager: Shutting down and abandoning module Layers (170)
[2016.12.20-22.38.03:660][826]LogModuleManager: Shutting down and abandoning module ComponentVisualizers (169)
[2016.12.20-22.38.03:660][826]LogModuleManager: Shutting down and abandoning module DetailCustomizations (168)
[2016.12.20-22.38.03:660][826]LogModuleManager: Shutting down and abandoning module PackagesDialog (167)
[2016.12.20-22.38.03:660][826]LogModuleManager: Shutting down and abandoning module AnimGraph (166)
[2016.12.20-22.38.03:660][826]LogModuleManager: Shutting down and abandoning module Persona (165)
[2016.12.20-22.38.03:741][826]LogModuleManager: Shutting down and abandoning module Kismet (164)
[2016.12.20-22.38.03:763][826]LogModuleManager: Shutting down and abandoning module GraphEditor (163)
[2016.12.20-22.38.03:763][826]LogModuleManager: Shutting down and abandoning module ClassViewer (162)
[2016.12.20-22.38.03:766][826]LogModuleManager: Shutting down and abandoning module Toolbox (161)
[2016.12.20-22.38.03:804][826]LogModuleManager: Shutting down and abandoning module ModuleUI (160)
[2016.12.20-22.38.03:875][826]LogModuleManager: Shutting down and abandoning module MovieSceneTools (159)
[2016.12.20-22.38.03:875][826]LogModuleManager: Shutting down and abandoning module OutputLog (158)
[2016.12.20-22.38.04:003][826]LogModuleManager: Shutting down and abandoning module GammaUI (157)
[2016.12.20-22.38.04:030][826]LogModuleManager: Shutting down and abandoning module Documentation (156)
[2016.12.20-22.38.04:031][826]LogModuleManager: Shutting down and abandoning module Niagara (155)
[2016.12.20-22.38.04:031][826]LogModuleManager: Shutting down and abandoning module StreamingPauseRendering (154)
[2016.12.20-22.38.04:031][826]LogModuleManager: Shutting down and abandoning module AnalyticsET (153)
[2016.12.20-22.38.04:031][826]LogModuleManager: Shutting down and abandoning module PortalServices (152)
[2016.12.20-22.38.04:031][826]LogModuleManager: Shutting down and abandoning module PortalRpc (151)
[2016.12.20-22.38.04:031][826]LogModuleManager: Shutting down and abandoning module MessagingRpc (150)
[2016.12.20-22.38.04:031][826]LogModuleManager: Shutting down and abandoning module GameplayDebugger (149)
[2016.12.20-22.38.04:031][826]LogModuleManager: Shutting down and abandoning module AITestSuite (148)
[2016.12.20-22.38.04:059][826]LogModuleManager: Shutting down and abandoning module AIModule (147)
[2016.12.20-22.38.04:060][826]LogModuleManager: Shutting down and abandoning module ProfilerService (146)
[2016.12.20-22.38.04:132][826]LogModuleManager: Shutting down and abandoning module TaskGraph (145)
[2016.12.20-22.38.04:211][826]LogModuleManager: Shutting down and abandoning module SlateRemote (144)
[2016.12.20-22.38.04:211][826]LogModuleManager: Shutting down and abandoning module SteamVRController (143)
[2016.12.20-22.38.04:211][826]LogModuleManager: Shutting down and abandoning module SteamVR (142)
[2016.12.20-22.38.04:211][826]LogModuleManager: Shutting down and abandoning module ProceduralMeshComponentEditor (141)
[2016.12.20-22.38.04:232][826]LogModuleManager: Shutting down and abandoning module ProceduralMeshComponent (140)
[2016.12.20-22.38.04:276][826]LogModuleManager: Shutting down and abandoning module OculusLibrary (139)
[2016.12.20-22.38.04:276][826]LogModuleManager: Shutting down and abandoning module OculusInput (138)
[2016.12.20-22.38.04:276][826]LogModuleManager: Shutting down and abandoning module MobilePatchingUtils (137)
[2016.12.20-22.38.04:276][826]LogModuleManager: Shutting down and abandoning module CustomMeshComponent (136)
[2016.12.20-22.38.04:276][826]LogModuleManager: Shutting down and abandoning module CableComponent (135)
[2016.12.20-22.38.04:287][826]LogModuleManager: Shutting down and abandoning module ArchVisCharacter (134)
[2016.12.20-22.38.04:287][826]LogModuleManager: Shutting down and abandoning module MediaPlayerEditor (132)
[2016.12.20-22.38.04:357][826]LogModuleManager: Shutting down and abandoning module HTML5Networking (131)
[2016.12.20-22.38.04:357][826]LogModuleManager: Shutting down and abandoning module GeometryCacheEd (130)
[2016.12.20-22.38.04:357][826]LogModuleManager: Shutting down and abandoning module GeometryCache (129)
[2016.12.20-22.38.04:358][826]LogModuleManager: Shutting down and abandoning module AlembicLibrary (128)
[2016.12.20-22.38.04:370][826]LogModuleManager: Shutting down and abandoning module AlembicImporter (127)
[2016.12.20-22.38.04:380][826]LogModuleManager: Shutting down and abandoning module SuperSearch (126)
[2016.12.20-22.38.04:380][826]LogModuleManager: Shutting down and abandoning module SuperSearchEditor (125)
[2016.12.20-22.38.04:380][826]LogModuleManager: Shutting down and abandoning module SpeedTreeImporter (124)
[2016.12.20-22.38.04:380][826]LogModuleManager: Shutting down and abandoning module PluginBrowser (123)
[2016.12.20-22.38.04:412][826]LogModuleManager: Shutting down and abandoning module MobileLauncherProfileWizard (122)
[2016.12.20-22.38.04:448][826]LogModuleManager: Shutting down and abandoning module EpicSurvey (121)
[2016.12.20-22.38.04:471][826]LogModuleManager: Shutting down and abandoning module DesktopPlatform (120)
[2016.12.20-22.38.04:471][826]LogModuleManager: Shutting down and abandoning module VisualStudioSourceCodeAccess (119)
[2016.12.20-22.38.04:480][826]LogModuleManager: Shutting down and abandoning module UObjectPlugin (118)
[2016.12.20-22.38.04:480][826]LogModuleManager: Shutting down and abandoning module SubversionSourceControl (117)
[2016.12.20-22.38.04:587][826]LogModuleManager: Shutting down and abandoning module PerforceSourceControl (116)
[2016.12.20-22.38.04:616][826]LogModuleManager: Shutting down and abandoning module SourceControl (115)
[2016.12.20-22.38.04:616][826]LogModuleManager: Shutting down and abandoning module GitSourceControl (114)
[2016.12.20-22.38.04:629][826]LogModuleManager: Shutting down and abandoning module LightPropagationVolumeEditor (113)
[2016.12.20-22.38.04:630][826]LogModuleManager: Shutting down and abandoning module PaperTiledImporter (112)
[2016.12.20-22.38.04:818][826]LogModuleManager: Shutting down and abandoning module PaperSpriteSheetImporter (111)
[2016.12.20-22.38.04:818][826]LogModuleManager: Shutting down and abandoning module MeshPaint (110)
[2016.12.20-22.38.04:818][826]LogModuleManager: Shutting down and abandoning module PixelInspectorModule (109)
[2016.12.20-22.38.04:830][826]LogModuleManager: Shutting down and abandoning module HotReload (108)
[2016.12.20-22.38.04:867][826]LogModuleManager: Shutting down and abandoning module MainFrame (107)
[2016.12.20-22.38.04:867][826]LogModuleManager: Shutting down and abandoning module LevelEditor (106)
[2016.12.20-22.38.04:868][826]LogModuleManager: Shutting down and abandoning module ContentBrowser (105)
[2016.12.20-22.38.04:873][826]LogModuleManager: Shutting down and abandoning module Paper2DEditor (104)
[2016.12.20-22.38.04:910][826]LogModuleManager: Shutting down and abandoning module UdpMessaging (103)
[2016.12.20-22.38.05:011][826]LogModuleManager: Shutting down and abandoning module TcpMessaging (102)
[2016.12.20-22.38.05:142][826]LogModuleManager: Shutting down and abandoning module LightPropagationVolumeRuntime (101)
[2016.12.20-22.38.05:142][826]LogModuleManager: Shutting down and abandoning module Paper2D (100)
[2016.12.20-22.38.05:158][826]LogModuleManager: Shutting down and abandoning module WindowsMoviePlayer (99)
[2016.12.20-22.38.05:164][826]LogModuleManager: Shutting down and abandoning module WmfMedia (98)
[2016.12.20-22.38.05:180][826]LogModuleManager: Shutting down and abandoning module MediaAssets (97)
[2016.12.20-22.38.05:180][826]LogModuleManager: Shutting down and abandoning module GameLiveStreaming (96)
[2016.12.20-22.38.05:204][826]LogModuleManager: Shutting down and abandoning module GameplayTagsEditor (95)
[2016.12.20-22.38.05:205][826]LogModuleManager: Shutting down and abandoning module VREditor (94)
[2016.12.20-22.38.05:205][826]LogModuleManager: Shutting down and abandoning module GameplayTasksEditor (93)
[2016.12.20-22.38.05:205][826]LogModuleManager: Shutting down and abandoning module BehaviorTreeEditor (92)
[2016.12.20-22.38.05:256][826]LogModuleManager: Shutting down and abandoning module FunctionalTesting (91)
[2016.12.20-22.38.05:284][826]LogModuleManager: Shutting down and abandoning module CollisionAnalyzer (90)
[2016.12.20-22.38.05:307][826]LogModuleManager: Shutting down and abandoning module Sequencer (89)
[2016.12.20-22.38.05:308][826]LogModuleManager: Shutting down and abandoning module WorkspaceMenuStructure (88)
[2016.12.20-22.38.05:308][826]LogModuleManager: Shutting down and abandoning module MessageLog (87)
[2016.12.20-22.38.05:308][826]LogModuleManager: Shutting down and abandoning module AssetTools (86)
[2016.12.20-22.38.05:354][826]LogModuleManager: Shutting down and abandoning module UMGEditor (85)
[2016.12.20-22.38.05:355][826]LogModuleManager: Shutting down and abandoning module UMG (84)
[2016.12.20-22.38.05:355][826]LogModuleManager: Shutting down and abandoning module SlateReflector (83)
[2016.12.20-22.38.05:453][826]LogModuleManager: Shutting down and abandoning module Slate (82)
[2016.12.20-22.38.05:453][826]LogModuleManager: Shutting down and abandoning module EditorStyle (81)
[2016.12.20-22.38.05:489][826]LogModuleManager: Shutting down and abandoning module SourceCodeAccess (80)
[2016.12.20-22.38.05:489][826]LogModuleManager: Shutting down and abandoning module HeadMountedDisplay (79)
[2016.12.20-22.38.05:489][826]LogModuleManager: Shutting down and abandoning module XAudio2 (78)
[2016.12.20-22.38.05:489][826]LogModuleManager: Shutting down and abandoning module Networking (76)
[2016.12.20-22.38.05:489][826]LogModuleManager: Shutting down and abandoning module Core (75)
[2016.12.20-22.38.05:489][826]LogModuleManager: Shutting down and abandoning module DirectoryWatcher (74)
[2016.12.20-22.38.05:489][826]LogDirectoryWatcher: A directory notification for '../../../Engine/Content/' was aborted.
[2016.12.20-22.38.05:491][826]LogDirectoryWatcher: A directory notification for '../../../../../../Users/MariaPC/Documents/GitHub/BallSplice/BallSpliceFolder/Content/' was aborted.
[2016.12.20-22.38.05:493][826]LogDirectoryWatcher: A directory notification for '../../../Engine/Plugins/2D/Paper2D/Content/' was aborted.
[2016.12.20-22.38.05:504][826]LogModuleManager: Shutting down and abandoning module AssetRegistry (73)
[2016.12.20-22.38.05:756][826]LogModuleManager: Shutting down and abandoning module KismetCompiler (72)
[2016.12.20-22.38.05:756][826]LogModuleManager: Shutting down and abandoning module PhysXFormats (71)
[2016.12.20-22.38.05:756][826]LogModuleManager: Shutting down and abandoning module SimplygonSwarm (70)
[2016.12.20-22.38.05:786][826]LogModuleManager: Shutting down and abandoning module SimplygonMeshReduction (69)
[2016.12.20-22.38.05:796][826]LogModuleManager: Shutting down and abandoning module QuadricMeshReduction (68)
[2016.12.20-22.38.05:835][826]LogModuleManager: Shutting down and abandoning module PropertyEditor (67)
[2016.12.20-22.38.05:835][826]LogModuleManager: Shutting down and abandoning module MeshUtilities (66)
[2016.12.20-22.38.05:853][826]LogModuleManager: Shutting down and abandoning module DerivedDataCache (65)
[2016.12.20-22.38.05:903][826]LogDerivedDataCache: Shutdown
[2016.12.20-22.38.05:903][826]LogModuleManager: Shutting down and abandoning module VulkanShaderFormat (64)
[2016.12.20-22.38.05:915][826]LogModuleManager: Shutting down and abandoning module ShaderFormatOpenGL (63)
[2016.12.20-22.38.05:964][826]LogModuleManager: Shutting down and abandoning module ShaderFormatD3D (62)
[2016.12.20-22.38.05:982][826]LogModuleManager: Shutting down and abandoning module MetalShaderFormat (61)
[2016.12.20-22.38.05:994][826]LogModuleManager: Shutting down and abandoning module TextureFormatUncompressed (60)
[2016.12.20-22.38.05:994][826]LogModuleManager: Shutting down and abandoning module TextureFormatPVR (59)
[2016.12.20-22.38.06:031][826]LogModuleManager: Shutting down and abandoning module TextureFormatDXT (58)
[2016.12.20-22.38.06:031][826]LogModuleManager: Shutting down and abandoning module TextureFormatIntelISPCTexComp (57)
[2016.12.20-22.38.06:078][826]LogModuleManager: Shutting down and abandoning module ImageWrapper (56)
[2016.12.20-22.38.06:079][826]LogModuleManager: Shutting down and abandoning module TextureFormatASTC (55)
[2016.12.20-22.38.06:079][826]LogModuleManager: Shutting down and abandoning module TextureFormatAndroid (54)
[2016.12.20-22.38.06:079][826]LogModuleManager: Shutting down and abandoning module AudioFormatOpus (53)
[2016.12.20-22.38.06:096][826]LogModuleManager: Shutting down and abandoning module AudioFormatOgg (52)
[2016.12.20-22.38.06:103][826]LogModuleManager: Shutting down and abandoning module AudioFormatADPCM (51)
[2016.12.20-22.38.06:103][826]LogModuleManager: Shutting down and abandoning module LinuxTargetPlatform (50)
[2016.12.20-22.38.06:103][826]LogModuleManager: Shutting down and abandoning module LinuxServerTargetPlatform (49)
[2016.12.20-22.38.06:119][826]LogModuleManager: Shutting down and abandoning module LinuxNoEditorTargetPlatform (48)
[2016.12.20-22.38.06:150][826]LogModuleManager: Shutting down and abandoning module LinuxClientTargetPlatform (47)
[2016.12.20-22.38.06:166][826]LogModuleManager: Shutting down and abandoning module TVOSTargetPlatform (46)
[2016.12.20-22.38.06:166][826]LogModuleManager: Shutting down and abandoning module Messaging (45)
[2016.12.20-22.38.06:166][826]LogModuleManager: Shutting down and abandoning module IOSTargetPlatform (44)
[2016.12.20-22.38.06:166][826]LogModuleManager: Shutting down and abandoning module HTML5TargetPlatform (43)
[2016.12.20-22.38.06:166][826]LogModuleManager: Shutting down and abandoning module Android_PVRTCTargetPlatform (42)
[2016.12.20-22.38.06:166][826]LogModuleManager: Shutting down and abandoning module Android_MultiTargetPlatform (41)
[2016.12.20-22.38.06:166][826]LogModuleManager: Shutting down and abandoning module Android_ETC2TargetPlatform (40)
[2016.12.20-22.38.06:167][826]LogModuleManager: Shutting down and abandoning module Android_ETC1TargetPlatform (39)
[2016.12.20-22.38.06:167][826]LogModuleManager: Shutting down and abandoning module Android_DXTTargetPlatform (38)
[2016.12.20-22.38.06:167][826]LogModuleManager: Shutting down and abandoning module Android_ATCTargetPlatform (37)
[2016.12.20-22.38.06:167][826]LogModuleManager: Shutting down and abandoning module Android_ASTCTargetPlatform (36)
[2016.12.20-22.38.06:167][826]LogModuleManager: Shutting down and abandoning module AndroidTargetPlatform (35)
[2016.12.20-22.38.06:167][826]LogModuleManager: Shutting down and abandoning module WindowsTargetPlatform (34)
[2016.12.20-22.38.06:167][826]LogModuleManager: Shutting down and abandoning module WindowsServerTargetPlatform (33)
[2016.12.20-22.38.06:183][826]LogModuleManager: Shutting down and abandoning module WindowsNoEditorTargetPlatform (32)
[2016.12.20-22.38.06:205][826]LogModuleManager: Shutting down and abandoning module WindowsClientTargetPlatform (31)
[2016.12.20-22.38.06:244][826]LogModuleManager: Shutting down and abandoning module MacTargetPlatform (30)
[2016.12.20-22.38.06:244][826]LogModuleManager: Shutting down and abandoning module MacServerTargetPlatform (29)
[2016.12.20-22.38.06:245][826]LogModuleManager: Shutting down and abandoning module MacNoEditorTargetPlatform (28)
[2016.12.20-22.38.06:245][826]LogModuleManager: Shutting down and abandoning module MacClientTargetPlatform (27)
[2016.12.20-22.38.06:245][826]LogModuleManager: Shutting down and abandoning module AllDesktopTargetPlatform (26)
[2016.12.20-22.38.06:245][826]LogModuleManager: Shutting down and abandoning module TargetPlatform (25)
[2016.12.20-22.38.06:246][826]LogModuleManager: Shutting down and abandoning module InputCore (24)
[2016.12.20-22.38.06:246][826]LogModuleManager: Shutting down and abandoning module Settings (23)
[2016.12.20-22.38.06:246][826]LogModuleManager: Shutting down and abandoning module OculusRift (22)
[2016.12.20-22.38.06:264][826]LogModuleManager: Shutting down and abandoning module ExampleDeviceProfileSelector (21)
[2016.12.20-22.38.06:264][826]LogModuleManager: Shutting down and abandoning module OnlineBlueprintSupport (20)
[2016.12.20-22.38.06:264][826]LogModuleManager: Shutting down and abandoning module OnlineSubsystem (18)
[2016.12.20-22.38.06:264][826]LogOnline:Display: Unloading online subsystem: NULL
[2016.12.20-22.38.06:321][826]LogModuleManager: Shutting down and abandoning module SSL (17)
[2016.12.20-22.38.06:328][826]LogModuleManager: Shutting down and abandoning module HTTP (16)
[2016.12.20-22.38.06:328][826]LogModuleManager: Shutting down and abandoning module XMPP (15)
[2016.12.20-22.38.06:377][826]LogModuleManager: Shutting down and abandoning module TextureCompressor (14)
[2016.12.20-22.38.06:377][826]LogModuleManager: Shutting down and abandoning module ShaderCore (13)
[2016.12.20-22.38.06:377][826]LogModuleManager: Shutting down and abandoning module Landscape (12)
[2016.12.20-22.38.06:377][826]LogModuleManager: Shutting down and abandoning module SlateRHIRenderer (11)
[2016.12.20-22.38.06:404][826]LogModuleManager: Shutting down and abandoning module OpenGLDrv (10)
[2016.12.20-22.38.06:412][826]LogModuleManager: Shutting down and abandoning module D3D11RHI (9)
[2016.12.20-22.38.06:412][826]LogModuleManager: Shutting down and abandoning module AnimGraphRuntime (8)
[2016.12.20-22.38.06:412][826]LogModuleManager: Shutting down and abandoning module Renderer (7)
[2016.12.20-22.38.06:412][826]LogModuleManager: Shutting down and abandoning module Engine (6)
[2016.12.20-22.38.06:412][826]LogModuleManager: Shutting down and abandoning module CoreUObject (5)
[2016.12.20-22.38.06:412][826]LogModuleManager: Shutting down and abandoning module NetworkFile (4)
[2016.12.20-22.38.06:425][826]LogModuleManager: Shutting down and abandoning module StreamingFile (3)
[2016.12.20-22.38.06:432][826]LogModuleManager: Shutting down and abandoning module SandboxFile (2)
[2016.12.20-22.38.06:432][826]LogModuleManager: Shutting down and abandoning module PakFile (1)
[2016.12.20-22.38.06:438][826]LogExit: Exiting.
[2016.12.20-22.38.06:484][826]Log file closed, 12/20/16 16:38:06
