Log file open, 12/15/16 12:25:47
LogInit:Display: Running engine for game: BallSpliceFolder
LogPlatformFile: Not using cached read wrapper
LogInit:Display: RandInit(1044222830) SRandInit(1044222830).
LogTaskGraph: Started task graph with 5 named threads and 9 total threads with 1 sets of task threads.
LogStats: Stats thread started at 0.092176
LogPluginManager: Loaded Plugin Paper2D, From C:/Program Files (x86)/Epic Games/4.14/Engine/Plugins/2D/Paper2D/Paper2D.uplugin
LogPluginManager: Loaded Plugin LightPropagationVolume, From C:/Program Files (x86)/Epic Games/4.14/Engine/Plugins/Blendables/LightPropagationVolume/LightPropagationVolume.uplugin
LogPluginManager: Loaded Plugin BlankPlugin, From C:/Program Files (x86)/Epic Games/4.14/Engine/Plugins/Developer/BlankPlugin/BlankPlugin.uplugin
LogPluginManager: Loaded Plugin CodeLiteSourceCodeAccess, From C:/Program Files (x86)/Epic Games/4.14/Engine/Plugins/Developer/CodeLiteSourceCodeAccess/CodeLiteSourceCodeAccess.uplugin
LogPluginManager: Loaded Plugin GitSourceControl, From C:/Program Files (x86)/Epic Games/4.14/Engine/Plugins/Developer/GitSourceControl/GitSourceControl.uplugin
LogPluginManager: Loaded Plugin KDevelopSourceCodeAccess, From C:/Program Files (x86)/Epic Games/4.14/Engine/Plugins/Developer/KDevelopSourceCodeAccess/KDevelopSourceCodeAccess.uplugin
LogPluginManager: Loaded Plugin NullSourceCodeAccess, From C:/Program Files (x86)/Epic Games/4.14/Engine/Plugins/Developer/NullSourceCodeAccess/NullSourceCodeAccess.uplugin
LogPluginManager: Loaded Plugin OneSkyLocalizationService, From C:/Program Files (x86)/Epic Games/4.14/Engine/Plugins/Developer/OneSkyLocalizationService/OneSkyLocalizationService.uplugin
LogPluginManager: Loaded Plugin PerforceSourceControl, From C:/Program Files (x86)/Epic Games/4.14/Engine/Plugins/Developer/PerforceSourceControl/PerforceSourceControl.uplugin
LogPluginManager: Loaded Plugin SubversionSourceControl, From C:/Program Files (x86)/Epic Games/4.14/Engine/Plugins/Developer/SubversionSourceControl/SubversionSourceControl.uplugin
LogPluginManager: Loaded Plugin UObjectPlugin, From C:/Program Files (x86)/Epic Games/4.14/Engine/Plugins/Developer/UObjectPlugin/UObjectPlugin.uplugin
LogPluginManager: Loaded Plugin VisualStudioSourceCodeAccess, From C:/Program Files (x86)/Epic Games/4.14/Engine/Plugins/Developer/VisualStudioSourceCodeAccess/VisualStudioSourceCodeAccess.uplugin
LogPluginManager: Loaded Plugin XCodeSourceCodeAccess, From C:/Program Files (x86)/Epic Games/4.14/Engine/Plugins/Developer/XCodeSourceCodeAccess/XCodeSourceCodeAccess.uplugin
LogPluginManager: Loaded Plugin AudioCapture, From C:/Program Files (x86)/Epic Games/4.14/Engine/Plugins/Editor/AudioCapture/AudioCapture.uplugin
LogPluginManager: Loaded Plugin EpicSurvey, From C:/Program Files (x86)/Epic Games/4.14/Engine/Plugins/Editor/EpicSurvey/EpicSurvey.uplugin
LogPluginManager: Loaded Plugin MacGraphicsSwitching, From C:/Program Files (x86)/Epic Games/4.14/Engine/Plugins/Editor/MacGraphicsSwitching/MacGraphicsSwitching.uplugin
LogPluginManager: Loaded Plugin MobileLauncherProfileWizard, From C:/Program Files (x86)/Epic Games/4.14/Engine/Plugins/Editor/MobileLauncherProfileWizard/MobileLauncherProfileWizard.uplugin
LogPluginManager: Loaded Plugin PluginBrowser, From C:/Program Files (x86)/Epic Games/4.14/Engine/Plugins/Editor/PluginBrowser/PluginBrowser.uplugin
LogPluginManager: Loaded Plugin SpeedTreeImporter, From C:/Program Files (x86)/Epic Games/4.14/Engine/Plugins/Editor/SpeedTreeImporter/SpeedTreeImporter.uplugin
LogPluginManager: Loaded Plugin SuperSearchEditor, From C:/Program Files (x86)/Epic Games/4.14/Engine/Plugins/Editor/SuperSearchEditor/SuperSearchEditor.uplugin
LogPluginManager: Loaded Plugin AlembicImporter, From C:/Program Files (x86)/Epic Games/4.14/Engine/Plugins/Experimental/AlembicImporter/AlembicImporter.uplugin
LogPluginManager: Loaded Plugin BlueprintStats, From C:/Program Files (x86)/Epic Games/4.14/Engine/Plugins/Experimental/BlueprintStats/BlueprintStats.uplugin
LogPluginManager: Loaded Plugin CharacterAI, From C:/Program Files (x86)/Epic Games/4.14/Engine/Plugins/Experimental/CharacterAI/CharacterAI.uplugin
LogPluginManager: Loaded Plugin CodeEditor, From C:/Program Files (x86)/Epic Games/4.14/Engine/Plugins/Experimental/CodeEditor/CodeEditor.uplugin
LogPluginManager: Loaded Plugin CodeView, From C:/Program Files (x86)/Epic Games/4.14/Engine/Plugins/Experimental/CodeView/CodeView.uplugin
LogPluginManager: Loaded Plugin HTML5Networking, From C:/Program Files (x86)/Epic Games/4.14/Engine/Plugins/Experimental/HTML5Networking/HTML5Networking.uplugin
LogPluginManager: Loaded Plugin OSVR, From C:/Program Files (x86)/Epic Games/4.14/Engine/Plugins/Experimental/OSVR/OSVR.uplugin
LogPluginManager: Loaded Plugin Phya, From C:/Program Files (x86)/Epic Games/4.14/Engine/Plugins/Experimental/Phya/Phya.uplugin
LogPluginManager: Loaded Plugin SignificanceManager, From C:/Program Files (x86)/Epic Games/4.14/Engine/Plugins/Experimental/SignificanceManager/SignificanceManager.uplugin
LogPluginManager: Loaded Plugin SimpleHMD, From C:/Program Files (x86)/Epic Games/4.14/Engine/Plugins/Experimental/SimpleHMD/SimpleHMD.uplugin
LogPluginManager: Loaded Plugin StereoPanorama, From C:/Program Files (x86)/Epic Games/4.14/Engine/Plugins/Experimental/StereoPanorama/StereoPanorama.uplugin
LogPluginManager: Loaded Plugin StructBox, From C:/Program Files (x86)/Epic Games/4.14/Engine/Plugins/Experimental/StructBox/StructBox.uplugin
LogPluginManager: Loaded Plugin AndroidMedia, From C:/Program Files (x86)/Epic Games/4.14/Engine/Plugins/Media/AndroidMedia/AndroidMedia.uplugin
LogPluginManager: Loaded Plugin AvfMedia, From C:/Program Files (x86)/Epic Games/4.14/Engine/Plugins/Media/AvfMedia/AvfMedia.uplugin
LogPluginManager: Loaded Plugin MediaPlayerEditor, From C:/Program Files (x86)/Epic Games/4.14/Engine/Plugins/Media/MediaPlayerEditor/MediaPlayerEditor.uplugin
LogPluginManager: Loaded Plugin WmfMedia, From C:/Program Files (x86)/Epic Games/4.14/Engine/Plugins/Media/WmfMedia/WmfMedia.uplugin
LogPluginManager: Loaded Plugin MessagingDebugger, From C:/Program Files (x86)/Epic Games/4.14/Engine/Plugins/Messaging/MessagingDebugger/MessagingDebugger.uplugin
LogPluginManager: Loaded Plugin TcpMessaging, From C:/Program Files (x86)/Epic Games/4.14/Engine/Plugins/Messaging/TcpMessaging/TcpMessaging.uplugin
LogPluginManager: Loaded Plugin UdpMessaging, From C:/Program Files (x86)/Epic Games/4.14/Engine/Plugins/Messaging/UdpMessaging/UdpMessaging.uplugin
LogPluginManager: Loaded Plugin LevelSequenceEditor, From C:/Program Files (x86)/Epic Games/4.14/Engine/Plugins/MovieScene/LevelSequenceEditor/LevelSequenceEditor.uplugin
LogPluginManager: Loaded Plugin MatineeToLevelSequence, From C:/Program Files (x86)/Epic Games/4.14/Engine/Plugins/MovieScene/MatineeToLevelSequence/MatineeToLevelSequence.uplugin
LogPluginManager: Loaded Plugin NetcodeUnitTest, From C:/Program Files (x86)/Epic Games/4.14/Engine/Plugins/NetcodeUnitTest/NetcodeUnitTest/NetcodeUnitTest.uplugin
LogPluginManager: Loaded Plugin NUTUnrealEngine4, From C:/Program Files (x86)/Epic Games/4.14/Engine/Plugins/NetcodeUnitTest/NUTUnrealEngine4/NUTUnrealEngine4.uplugin
LogPluginManager: Loaded Plugin OnlineSubsystemGameCircle, From C:/Program Files (x86)/Epic Games/4.14/Engine/Plugins/Online/Android/OnlineSubsystemGameCircle/OnlineSubsystemGameCircle.uplugin
LogPluginManager: Loaded Plugin OnlineSubsystemGooglePlay, From C:/Program Files (x86)/Epic Games/4.14/Engine/Plugins/Online/Android/OnlineSubsystemGooglePlay/OnlineSubsystemGooglePlay.uplugin
LogPluginManager: Loaded Plugin OnlineSubsystemIOS, From C:/Program Files (x86)/Epic Games/4.14/Engine/Plugins/Online/IOS/OnlineSubsystemIOS/OnlineSubsystemIOS.uplugin
LogPluginManager: Loaded Plugin OnlineFramework, From C:/Program Files (x86)/Epic Games/4.14/Engine/Plugins/Online/OnlineFramework/OnlineFramework.uplugin
LogPluginManager: Loaded Plugin OnlineSubsystem, From C:/Program Files (x86)/Epic Games/4.14/Engine/Plugins/Online/OnlineSubsystem/OnlineSubsystem.uplugin
LogPluginManager: Loaded Plugin OnlineSubsystemAmazon, From C:/Program Files (x86)/Epic Games/4.14/Engine/Plugins/Online/OnlineSubsystemAmazon/OnlineSubsystemAmazon.uplugin
LogPluginManager: Loaded Plugin OnlineSubsystemFacebook, From C:/Program Files (x86)/Epic Games/4.14/Engine/Plugins/Online/OnlineSubsystemFacebook/OnlineSubsystemFacebook.uplugin
LogPluginManager: Loaded Plugin OnlineSubsystemNull, From C:/Program Files (x86)/Epic Games/4.14/Engine/Plugins/Online/OnlineSubsystemNull/OnlineSubsystemNull.uplugin
LogPluginManager: Loaded Plugin OnlineSubsystemOculus, From C:/Program Files (x86)/Epic Games/4.14/Engine/Plugins/Online/OnlineSubsystemOculus/OnlineSubsystemOculus.uplugin
LogPluginManager: Loaded Plugin OnlineSubsystemSteam, From C:/Program Files (x86)/Epic Games/4.14/Engine/Plugins/Online/OnlineSubsystemSteam/OnlineSubsystemSteam.uplugin
LogPluginManager: Loaded Plugin OnlineSubsystemUtils, From C:/Program Files (x86)/Epic Games/4.14/Engine/Plugins/Online/OnlineSubsystemUtils/OnlineSubsystemUtils.uplugin
LogPluginManager: Loaded Plugin IOSTapJoy, From C:/Program Files (x86)/Epic Games/4.14/Engine/Plugins/Runtime/Advertising/IOSTapJoy/IOSTapJoy.uplugin
LogPluginManager: Loaded Plugin AnalyticsBlueprintLibrary, From C:/Program Files (x86)/Epic Games/4.14/Engine/Plugins/Runtime/Analytics/AnalyticsBlueprintLibrary/AnalyticsBlueprintLibrary.uplugin
LogPluginManager: Loaded Plugin AnalyticsMulticast, From C:/Program Files (x86)/Epic Games/4.14/Engine/Plugins/Runtime/Analytics/AnalyticsMulticast/AnalyticsMulticast.uplugin
LogPluginManager: Loaded Plugin Apsalar, From C:/Program Files (x86)/Epic Games/4.14/Engine/Plugins/Runtime/Analytics/Apsalar/Apsalar.uplugin
LogPluginManager: Loaded Plugin FileLogging, From C:/Program Files (x86)/Epic Games/4.14/Engine/Plugins/Runtime/Analytics/FileLogging/FileLogging.uplugin
LogPluginManager: Loaded Plugin Flurry, From C:/Program Files (x86)/Epic Games/4.14/Engine/Plugins/Runtime/Analytics/Flurry/Flurry.uplugin
LogPluginManager: Loaded Plugin AndroidDeviceProfileSelector, From C:/Program Files (x86)/Epic Games/4.14/Engine/Plugins/Runtime/AndroidDeviceProfileSelector/AndroidDeviceProfileSelector.uplugin
LogPluginManager: Loaded Plugin AndroidMoviePlayer, From C:/Program Files (x86)/Epic Games/4.14/Engine/Plugins/Runtime/AndroidMoviePlayer/AndroidMoviePlayer.uplugin
LogPluginManager: Loaded Plugin AppleMoviePlayer, From C:/Program Files (x86)/Epic Games/4.14/Engine/Plugins/Runtime/AppleMoviePlayer/AppleMoviePlayer.uplugin
LogPluginManager: Loaded Plugin ArchVisCharacter, From C:/Program Files (x86)/Epic Games/4.14/Engine/Plugins/Runtime/ArchVisCharacter/ArchVisCharacter.uplugin
LogPluginManager: Loaded Plugin CableComponent, From C:/Program Files (x86)/Epic Games/4.14/Engine/Plugins/Runtime/CableComponent/CableComponent.uplugin
LogPluginManager: Loaded Plugin CustomMeshComponent, From C:/Program Files (x86)/Epic Games/4.14/Engine/Plugins/Runtime/CustomMeshComponent/CustomMeshComponent.uplugin
LogPluginManager: Loaded Plugin ExampleDeviceProfileSelector, From C:/Program Files (x86)/Epic Games/4.14/Engine/Plugins/Runtime/ExampleDeviceProfileSelector/ExampleDeviceProfileSelector.uplugin
LogPluginManager: Loaded Plugin GearVR, From C:/Program Files (x86)/Epic Games/4.14/Engine/Plugins/Runtime/GearVR/GearVR.uplugin
LogPluginManager: Loaded Plugin GoogleVRController, From C:/Program Files (x86)/Epic Games/4.14/Engine/Plugins/Runtime/GoogleVR/GoogleVRController/GoogleVRController.uplugin
LogPluginManager: Loaded Plugin GoogleVRHMD, From C:/Program Files (x86)/Epic Games/4.14/Engine/Plugins/Runtime/GoogleVR/GoogleVRHMD/GoogleVRHMD.uplugin
LogPluginManager: Loaded Plugin IOSDeviceProfileSelector, From C:/Program Files (x86)/Epic Games/4.14/Engine/Plugins/Runtime/IOSDeviceProfileSelector/IOSDeviceProfileSelector.uplugin
LogPluginManager: Loaded Plugin LeapMotion, From C:/Program Files (x86)/Epic Games/4.14/Engine/Plugins/Runtime/LeapMotion/LeapMotion.uplugin
LogPluginManager: Loaded Plugin LinuxDeviceProfileSelector, From C:/Program Files (x86)/Epic Games/4.14/Engine/Plugins/Runtime/LinuxDeviceProfileSelector/LinuxDeviceProfileSelector.uplugin
LogPluginManager: Loaded Plugin MIDIDevice, From C:/Program Files (x86)/Epic Games/4.14/Engine/Plugins/Runtime/MIDIDevice/MIDIDevice.uplugin
LogPluginManager: Loaded Plugin MobilePatchingUtils, From C:/Program Files (x86)/Epic Games/4.14/Engine/Plugins/Runtime/MobilePatchingUtils/MobilePatchingUtils.uplugin
LogPluginManager: Loaded Plugin Ansel, From C:/Program Files (x86)/Epic Games/4.14/Engine/Plugins/Runtime/Nvidia/Ansel/Ansel.uplugin
LogPluginManager: Loaded Plugin OculusAudio, From C:/Program Files (x86)/Epic Games/4.14/Engine/Plugins/Runtime/OculusAudio/OculusAudio.uplugin
LogPluginManager: Loaded Plugin OculusInput, From C:/Program Files (x86)/Epic Games/4.14/Engine/Plugins/Runtime/OculusInput/OculusInput.uplugin
LogPluginManager: Loaded Plugin OculusLibrary, From C:/Program Files (x86)/Epic Games/4.14/Engine/Plugins/Runtime/OculusLibrary/OculusLibrary.uplugin
LogPluginManager: Loaded Plugin OculusRift, From C:/Program Files (x86)/Epic Games/4.14/Engine/Plugins/Runtime/OculusRift/OculusRift.uplugin
LogPluginManager: Loaded Plugin Oodle, From C:/Program Files (x86)/Epic Games/4.14/Engine/Plugins/Runtime/PacketHandlers/CompressionComponents/Oodle/Oodle.uplugin
LogPluginManager: Loaded Plugin ProceduralMeshComponent, From C:/Program Files (x86)/Epic Games/4.14/Engine/Plugins/Runtime/ProceduralMeshComponent/ProceduralMeshComponent.uplugin
LogPluginManager: Loaded Plugin SoundMod, From C:/Program Files (x86)/Epic Games/4.14/Engine/Plugins/Runtime/SoundMod/SoundMod.uplugin
LogPluginManager: Loaded Plugin SoundVisualizations, From C:/Program Files (x86)/Epic Games/4.14/Engine/Plugins/Runtime/SoundVisualizations/SoundVisualizations.uplugin
LogPluginManager: Loaded Plugin SteamController, From C:/Program Files (x86)/Epic Games/4.14/Engine/Plugins/Runtime/Steam/SteamController/SteamController.uplugin
LogPluginManager: Loaded Plugin SteamVR, From C:/Program Files (x86)/Epic Games/4.14/Engine/Plugins/Runtime/Steam/SteamVR/SteamVR.uplugin
LogPluginManager: Loaded Plugin WebBrowserWidget, From C:/Program Files (x86)/Epic Games/4.14/Engine/Plugins/Runtime/WebBrowserWidget/WebBrowserWidget.uplugin
LogPluginManager: Loaded Plugin WindowsDeviceProfileSelector, From C:/Program Files (x86)/Epic Games/4.14/Engine/Plugins/Runtime/WindowsDeviceProfileSelector/WindowsDeviceProfileSelector.uplugin
LogPluginManager: Loaded Plugin WindowsMoviePlayer, From C:/Program Files (x86)/Epic Games/4.14/Engine/Plugins/Runtime/WindowsMoviePlayer/WindowsMoviePlayer.uplugin
LogPluginManager: Loaded Plugin ScriptPlugin, From C:/Program Files (x86)/Epic Games/4.14/Engine/Plugins/ScriptPlugin/ScriptPlugin.uplugin
LogPluginManager: Loaded Plugin SlateRemote, From C:/Program Files (x86)/Epic Games/4.14/Engine/Plugins/Slate/SlateRemote/SlateRemote.uplugin
LogPluginManager: Loaded Plugin EditorTests, From C:/Program Files (x86)/Epic Games/4.14/Engine/Plugins/Tests/EditorTests/EditorTests.uplugin
LogPluginManager: Loaded Plugin FbxAutomationTestBuilder, From C:/Program Files (x86)/Epic Games/4.14/Engine/Plugins/Tests/FbxAutomationTestBuilder/FbxAutomationTestBuilder.uplugin
LogPluginManager: Loaded Plugin FunctionalTestingEditor, From C:/Program Files (x86)/Epic Games/4.14/Engine/Plugins/Tests/FunctionalTestingEditor/FunctionalTestingEditor.uplugin
LogPluginManager: Loaded Plugin RuntimeTests, From C:/Program Files (x86)/Epic Games/4.14/Engine/Plugins/Tests/RuntimeTests/RuntimeTests.uplugin
LogPluginManager: Loaded Plugin ScreenshotTools, From C:/Program Files (x86)/Epic Games/4.14/Engine/Plugins/Tests/ScreenshotTools/ScreenshotTools.uplugin
LogInit: Using libcurl 7.47.1
LogInit:  - built for x86_64-pc-win32
LogInit:  - supports SSL with OpenSSL/1.0.2g
LogInit:  - supports HTTP deflate (compression) using libz 1.2.8
LogInit:  - other features:
LogInit:      CURL_VERSION_SSL
LogInit:      CURL_VERSION_LIBZ
LogInit:      CURL_VERSION_IPV6
LogInit:      CURL_VERSION_ASYNCHDNS
LogInit:      CURL_VERSION_LARGEFILE
LogInit:      CURL_VERSION_IDN
LogInit:  CurlRequestOptions (configurable via config and command line):
LogInit:  - bVerifyPeer = false  - Libcurl will NOT verify peer certificate
LogInit:  - bUseHttpProxy = false  - Libcurl will NOT use HTTP proxy
LogInit:  - bDontReuseConnections = false  - Libcurl will reuse connections
LogInit:  - CertBundlePath = nullptr  - Libcurl will use whatever was configured at build time.
OCULUS: Info: [CAPI] LibOVR module is located at C:\Program Files\Oculus\Support\oculus-runtime\LibOVRRT64_1.dll
OCULUS: Info: [HMDState] Requested to SetForegroundWindow(2c11ccll)
OCULUS: Debug: Connected to the server running version (prod = 1).1.10.2(build = 321138) feature version = 0. Client runs version (prod = 1).1.10.2(build = 321138) feature version = 0
LogInit: Build: ++UE4+Release-4.14-CL-3224400
LogInit: Engine Version: 4.14.1-3224400+++UE4+Release-4.14
LogInit: Compatible Engine Version: 4.14.0-3195953+++UE4+Release-4.14
LogInit: Net CL: 3195953
LogDevObjectVersion: Number of dev versions registered: 13
LogDevObjectVersion:   Dev-Blueprints (B0D832E4-1F89-4F0D-ACCF-7EB736FD4AA2): 7
LogDevObjectVersion:   Dev-Build (E1C64328-A22C-4D53-A36C-8E866417BD8C): 0
LogDevObjectVersion:   Dev-Core (375EC13C-06E4-48FB-B500-84F0262A717E): 1
LogDevObjectVersion:   Dev-Editor (E4B068ED-F494-42E9-A231-DA0B2E46BB41): 8
LogDevObjectVersion:   Dev-Framework (CFFC743F-43B0-4480-9391-14DF171D2073): 17
LogDevObjectVersion:   Dev-Mobile (B02B49B5-BB20-44E9-A304-32B752E40360): 0
LogDevObjectVersion:   Dev-Networking (A4E4105C-59A1-49B5-A7C5-40C4547EDFEE): 0
LogDevObjectVersion:   Dev-Online (39C831C9-5AE6-47DC-9A44-9C173E1C8E7C): 0
LogDevObjectVersion:   Dev-Physics (78F01B33-EBEA-4F98-B9B4-84EACCB95AA2): 0
LogDevObjectVersion:   Dev-Platform (6631380F-2D4D-43E0-8009-CF276956A95A): 0
LogDevObjectVersion:   Dev-Rendering (12F88B9F-8875-4AFC-A67C-D90C383ABD29): 12
LogDevObjectVersion:   Dev-Sequencer (7B5AE74C-D270-4C10-A958-57980B212A5A): 1
LogDevObjectVersion:   Dev-VR (D7296918-1DD6-4BDD-9DE2-64A83CC13884): 0
LogInit: Compiled (64-bit): Dec  7 2016 02:14:32
LogInit: Compiled with Visual C++: 19.00.23026.00
LogInit: Build Configuration: Development
LogInit: Branch Name: ++UE4+Release-4.14
LogInit: Command line:  /Temp/Autosaves/Temp/UEDPCUntitled_1 -game -PIEVIACONSOLE -ResX=1280 -ResY=720  -Multiprocess -messaging -SessionName="Play in Standalone Game" -featureleveles2 -faketouches -windowed 
LogInit: Base directory: C:/Program Files (x86)/Epic Games/4.14/Engine/Binaries/Win64/
LogInit: Installed Engine Build: 1
LogInit: Presizing for max 8388607 objects, including 0 objects not considered by GC, pre-allocating 0 bytes for permanent pool.
LogInit: Object subsystem initialized
[2016.12.15-20.25.49:003][  0]LogInit: Selected Device Profile: [Windows]
[2016.12.15-20.25.49:003][  0]LogInit: Applying CVar settings loaded from the selected device profile: [Windows]
[2016.12.15-20.25.49:007][  0]LogInit: Computer: DESKTOP-CR63C8J
[2016.12.15-20.25.49:007][  0]LogInit: User: USCVRIlab
[2016.12.15-20.25.49:007][  0]LogInit: CPU Page size=65536, Cores=6
[2016.12.15-20.25.49:007][  0]LogInit: High frequency timer resolution =3.320305 MHz
[2016.12.15-20.25.49:007][  0]LogMemory: Memory total: Physical=31.9GB (32GB approx)
[2016.12.15-20.25.49:007][  0]LogMemory: Platform Memory Stats for Windows
[2016.12.15-20.25.49:007][  0]LogMemory: Process Physical Memory: 273.58 MB used, 273.58 MB peak
[2016.12.15-20.25.49:007][  0]LogMemory: Process Virtual Memory: 273.45 MB used, 273.45 MB peak
[2016.12.15-20.25.49:007][  0]LogMemory: Physical Memory: 9651.39 MB used,  23016.72 MB free, 32668.11 MB total
[2016.12.15-20.25.49:007][  0]LogMemory: Virtual Memory: 728.66 MB used,  23016.72 MB free, 134217728.00 MB total
[2016.12.15-20.25.49:033][  0]LogTextLocalizationManager: No specific translations for ('en-US') exist, so ('en') translations will be used.
[2016.12.15-20.25.49:424][  0]LogD3D11RHI: D3D11 adapters:
[2016.12.15-20.25.49:448][  0]LogD3D11RHI:    0. 'NVIDIA GeForce GTX 1080' (Feature Level 11_0)
[2016.12.15-20.25.49:448][  0]LogD3D11RHI:       8144/0/16334 MB DedicatedVideo/DedicatedSystem/SharedSystem, Outputs:1, VendorId:0x10de
[2016.12.15-20.25.49:450][  0]LogD3D11RHI:    1. 'Microsoft Basic Render Driver' (Feature Level 11_0)
[2016.12.15-20.25.49:450][  0]LogD3D11RHI:       0/0/16334 MB DedicatedVideo/DedicatedSystem/SharedSystem, Outputs:0, VendorId:0x1414
[2016.12.15-20.25.49:450][  0]LogD3D11RHI: Chosen D3D11 Adapter: 0
[2016.12.15-20.25.49:455][  0]LogD3D11RHI: Creating new Direct3DDevice
[2016.12.15-20.25.49:456][  0]LogD3D11RHI:     GPU DeviceId: 0x1b80 (for the marketing name, search the web for "GPU Device Id")
[2016.12.15-20.25.49:456][  0]LogWindows: EnumDisplayDevices:
[2016.12.15-20.25.49:456][  0]LogWindows:    0. 'NVIDIA GeForce GTX 1080' (P:1 D:1)
[2016.12.15-20.25.49:456][  0]LogWindows:    1. 'NVIDIA GeForce GTX 1080' (P:0 D:0)
[2016.12.15-20.25.49:456][  0]LogWindows:    2. 'NVIDIA GeForce GTX 1080' (P:0 D:0)
[2016.12.15-20.25.49:456][  0]LogWindows:    3. 'NVIDIA GeForce GTX 1080' (P:0 D:0)
[2016.12.15-20.25.49:456][  0]LogWindows: DebugString: FoundDriverCount:4 
[2016.12.15-20.25.49:456][  0]LogD3D11RHI:     Adapter Name: NVIDIA GeForce GTX 1080
[2016.12.15-20.25.49:456][  0]LogD3D11RHI:   Driver Version: 375.95 (internal:21.21.13.7595, unified:375.95)
[2016.12.15-20.25.49:456][  0]LogD3D11RHI:      Driver Date: 11-16-2016
[2016.12.15-20.25.49:456][  0]LogRHI: Texture pool is 1361 MB (70% of 1945 MB)
[2016.12.15-20.25.49:470][  0]LogD3D11RHI: Async texture creation enabled
[2016.12.15-20.25.49:479][  0]LogD3D11RHI: GPU Timing Frequency: 1000.000000 (Debug: 2 1)
[2016.12.15-20.25.49:479][  0]LogShaderCompilers: Guid format shader working directory is -29 characters bigger than the processId version (../../../../../../Users/USC-VR-Ilab/Documents/GitHub/BallSplice/BallSpliceFolder/Intermediate/Shaders/WorkingDirectory/15776/).
[2016.12.15-20.25.49:480][  0]LogShaderCompilers: Cleaned the shader compiler working directory 'C:/Users/USC-VR-Ilab/AppData/Local/Temp/UnrealShaderWorkingDir/6BA5F46847F488D0D1A37F8CF446D847/'.
[2016.12.15-20.25.49:480][  0]LogShaderCompilers:Display: Using Local Shader Compiler.
[2016.12.15-20.25.50:429][  0]LogTemp:Display: Loaded TP WindowsClientTargetPlatform
[2016.12.15-20.25.50:488][  0]LogTemp:Display: Loaded TP WindowsNoEditorTargetPlatform
[2016.12.15-20.25.50:549][  0]LogTemp:Display: Loaded TP WindowsServerTargetPlatform
[2016.12.15-20.25.50:599][  0]LogTemp:Display: Loaded TP WindowsTargetPlatform
[2016.12.15-20.25.50:599][  0]LogTargetPlatformManager:Display: Building Assets For Windows
[2016.12.15-20.25.51:031][  0]LogDerivedDataCache:Display: Max Cache Size: 512 MB
[2016.12.15-20.25.51:101][  0]LogDerivedDataCache: Loaded boot cache 0.07s 64MB C:/Users/USC-VR-Ilab/AppData/Local/UnrealEngine/4.14/DerivedDataCache/Boot.ddc.
[2016.12.15-20.25.51:101][  0]LogDerivedDataCache:Display: Loaded Boot cache: C:/Users/USC-VR-Ilab/AppData/Local/UnrealEngine/4.14/DerivedDataCache/Boot.ddc
[2016.12.15-20.25.51:101][  0]LogDerivedDataCache: FDerivedDataBackendGraph:  Pak pak cache file ../../../../../../Users/USC-VR-Ilab/Documents/GitHub/BallSplice/BallSpliceFolder/DerivedDataCache/DDC.ddp not found, will not use a pak cache.
[2016.12.15-20.25.51:101][  0]LogDerivedDataCache: Unable to find inner node Pak for hierarchical cache Hierarchy.
[2016.12.15-20.25.51:101][  0]LogDerivedDataCache: FDerivedDataBackendGraph:  CompressedPak pak cache file ../../../../../../Users/USC-VR-Ilab/Documents/GitHub/BallSplice/BallSpliceFolder/DerivedDataCache/Compressed.ddp not found, will not use a pak cache.
[2016.12.15-20.25.51:101][  0]LogDerivedDataCache: Unable to find inner node CompressedPak for hierarchical cache Hierarchy.
[2016.12.15-20.25.51:117][  0]LogDerivedDataCache:Display: Pak cache opened for reading ../../../Engine/DerivedDataCache/Compressed.ddp.
[2016.12.15-20.25.51:130][  0]LogDerivedDataCache: Using Local data cache path C:/Users/USC-VR-Ilab/AppData/Local/UnrealEngine/Common/DerivedDataCache: Writable
[2016.12.15-20.25.51:746][  0]LogAssetRegistry: FAssetRegistry took 0.0001 seconds to start up
[2016.12.15-20.25.51:751][  0]LogPackageLocalizationCache: Processed 3 localized package path(s) for 2 prioritized culture(s) in 0.004334 seconds
[2016.12.15-20.25.51:769][  0]LogInit: Selected Device Profile: [Windows]
[2016.12.15-20.25.51:770][  0]LogContentStreaming: Texture pool size is 1000.00 MB
[2016.12.15-20.25.51:792][  0]LogMaterial: Missing cached shader map for material WorldGridMaterial, compiling. Is special engine material.
[2016.12.15-20.26.16:362][  0]LogMaterial: Missing cached shader map for material DefaultDeferredDecalMaterial, compiling. 
[2016.12.15-20.26.20:348][  0]LogMaterial: Missing cached shader map for material DefaultLightFunctionMaterial, compiling. 
[2016.12.15-20.26.20:472][  0]LogMaterial: Missing cached shader map for material DefaultPostProcessMaterial, compiling. 
[2016.12.15-20.26.20:809][  0]LogMaterial: Missing cached shader map for material Widget3DPassThrough, compiling. 
[2016.12.15-20.26.20:815][  0]LogMaterial: Missing cached shader map for material Widget3DPassThrough, compiling. 
[2016.12.15-20.26.20:829][  0]LogMaterial: Missing cached shader map for material Widget3DPassThrough, compiling. 
[2016.12.15-20.26.20:836][  0]LogMaterial: Missing cached shader map for material Widget3DPassThrough, compiling. 
[2016.12.15-20.26.20:849][  0]LogMaterial: Missing cached shader map for material Widget3DPassThrough, compiling. 
[2016.12.15-20.26.20:858][  0]LogMaterial: Missing cached shader map for material Widget3DPassThrough, compiling. 
[2016.12.15-20.26.21:085][  0]LogMeshUtilities: Using QuadricMeshReduction for automatic static mesh reduction
[2016.12.15-20.26.21:175][  0]LogSimplygon: Simplygon DLL not present - disabling.
[2016.12.15-20.26.21:263][  0]LogMeshUtilities: Using SimplygonSwarm for distributed automatic mesh merging
[2016.12.15-20.26.21:263][  0]LogMeshUtilities: No automatic skeletal mesh reduction module available
[2016.12.15-20.26.21:263][  0]LogMeshUtilities: No automatic mesh merging module available
[2016.12.15-20.26.21:357][  0]LogMaterial: Missing cached shader map for material M_ContentWindow, compiling. 
[2016.12.15-20.26.21:396][  0]LogMaterial: Missing cached shader map for material TransformGizmoMaterial, compiling. 
[2016.12.15-20.26.21:403][  0]LogMaterial: Missing cached shader map for material TranslucentTransformGizmoMaterial, compiling. 
[2016.12.15-20.26.21:420][  0]LogMaterial: Missing cached shader map for material LineMaterial, compiling. 
[2016.12.15-20.26.21:436][  0]LogMaterial: Missing cached shader map for material VRTextMaterial, compiling. 
[2016.12.15-20.26.21:448][  0]LogMaterial: Missing cached shader map for material VRTextMaterial, compiling. 
[2016.12.15-20.26.21:462][  0]LogMaterial: Missing cached shader map for material DefaultTextMaterialOpaque, compiling. 
[2016.12.15-20.26.21:536][  0]LogMaterial: Missing cached shader map for material GenericHMDMaterial, compiling. 
[2016.12.15-20.26.21:585][  0]LogMaterial: Missing cached shader map for material FlattenHeightMat, compiling. 
[2016.12.15-20.26.21:604][  0]LogMaterial: Missing cached shader map for material GridMaterial, compiling. 
[2016.12.15-20.26.21:622][  0]LogMaterial: Missing cached shader map for material LaserPointerMaterial, compiling. 
[2016.12.15-20.26.21:629][  0]LogMaterial: Missing cached shader map for material LaserPointerMaterial, compiling. 
[2016.12.15-20.26.21:650][  0]LogMaterial: Missing cached shader map for material GridPostProcess, compiling. 
[2016.12.15-20.26.21:686][  0]LogMaterial: Missing cached shader map for material CineMat, compiling. 
[2016.12.15-20.26.21:777][  0]LogMaterial: Missing cached shader map for material MatineeCam_mat, compiling. 
[2016.12.15-20.26.21:826][  0]LogMaterial: Missing cached shader map for material M_SimpleOpaque, compiling. 
[2016.12.15-20.26.21:870][  0]LogMaterial: Missing cached shader map for material M_SimpleTranslucent, compiling. 
[2016.12.15-20.26.22:052][  0]LogMaterial: Missing cached shader map for material SkySphereMaterial, compiling. 
[2016.12.15-20.26.22:070][  0]LogMaterial: Missing cached shader map for material FloorPlaneMaterial, compiling. 
[2016.12.15-20.26.22:224][  0]LogMaterial: Missing cached shader map for material LandscapeGizmo_Mat, compiling. 
[2016.12.15-20.26.22:250][  0]LogMaterial: Missing cached shader map for material LandscapeGizmoHeight_Mat, compiling. 
[2016.12.15-20.26.22:326][  0]LogMaterial: Missing cached shader map for material SplineEditorMeshMat, compiling. 
[2016.12.15-20.26.22:354][  0]LogMaterial: Missing cached shader map for material HelpActorMaterial, compiling. 
[2016.12.15-20.26.22:554][  0]LogNetVersion: GetLocalNetworkVersion: CL: 3195953, ProjectName: ballsplicefolder, ProjectVersion: , EngineNetworkVersion: 2, GameNetworkVersion: 0, NetworkChecksum: 4049906263
[2016.12.15-20.26.22:569][  0]LogMaterial: Missing cached shader map for material DefaultMaterial, compiling. 
[2016.12.15-20.26.22:909][  0]LogInit: WinSock: version 1.1 (2.2), MaxSocks=32767, MaxUdp=65467
[2016.12.15-20.26.24:631][  0]LogSlate: Using Freetype 2.6.0
[2016.12.15-20.26.24:634][  0]LogSlate: SlateFontCache - WITH_FREETYPE: 1, WITH_HARFBUZZ: 1
[2016.12.15-20.26.24:634][  0]LogSlate: SlateFontCache - WITH_FREETYPE: 1, WITH_HARFBUZZ: 1
[2016.12.15-20.26.24:907][  0]LogMoviePlayer: Initializing movie player
[2016.12.15-20.26.25:051][  0]LogWindowsTextInputMethodSystem:Display: IME system now deactivated.
[2016.12.15-20.26.25:132][  0]LogWindowsMoviePlayer: Unable to load movie: ../../../../../../Users/USC-VR-Ilab/Documents/GitHub/BallSplice/BallSpliceFolder/Content/Movies/Default_Startup.mp4
[2016.12.15-20.26.25:280][  0]LogMaterial: Missing cached shader map for material DefaultSpriteMaterial, compiling. 
[2016.12.15-20.26.25:294][  0]LogMaterial: Missing cached shader map for material DefaultSpriteMaterial, compiling. 
[2016.12.15-20.26.25:463][  0]LogTcpMessaging: Initializing TcpMessaging bridge
[2016.12.15-20.26.25:544][  0]LogUdpMessaging: Initializing bridge on interface 0.0.0.0:0 to multicast group 230.0.0.1:6666.
[2016.12.15-20.26.25:795][  0]SourceControl: Info Source control is disabled
[2016.12.15-20.26.25:795][  0]SourceControl: Info Source control is disabled
[2016.12.15-20.26.25:893][  0]SourceControl: Info Source control is disabled
[2016.12.15-20.26.27:356][  0]LogUObjectArray: 33496 objects as part of root set at end of initial load.
[2016.12.15-20.26.27:356][  0]LogUObjectAllocator: 7417784 out of 0 bytes used by permanent object pool.
[2016.12.15-20.26.27:356][  0]LogUObjectArray: CloseDisregardForGC: 0/0 objects in disregard for GC pool
[2016.12.15-20.26.27:520][  0]LogMaterial: Missing cached shader map for material HighResScreenshot, compiling. 
[2016.12.15-20.26.27:532][  0]LogMaterial: Missing cached shader map for material HighResScreenshotMask, compiling. 
[2016.12.15-20.26.27:548][  0]LogMaterial: Missing cached shader map for material HighResScreenshotCaptureRegion, compiling. 
[2016.12.15-20.26.27:572][  0]LogEngine: Initializing Engine...
[2016.12.15-20.26.27:572][  0]LogHMD: Oculus plugin initialized. Version: 4.14.1-3224400+++UE4+Release-4.14, LibOVR: 1.10.2, SDK: 1.8.0, built Dec  7 2016, 02:15:12
[2016.12.15-20.26.27:588][  0]LogMaterial: Missing cached shader map for material WireframeMaterial, compiling. Is special engine material.
[2016.12.15-20.26.27:677][  0]LogMaterial: Missing cached shader map for material LevelColorationLitMaterial, compiling. Is special engine material.
[2016.12.15-20.26.28:122][  0]LogMaterial: Missing cached shader map for material LevelColorationUnlitMaterial, compiling. Is special engine material.
[2016.12.15-20.26.28:194][  0]LogMaterial: Missing cached shader map for material MAT_LevelColorationLitLightmapUV, compiling. Is special engine material.
[2016.12.15-20.26.28:673][  0]LogMaterial: Missing cached shader map for material ShadedLevelColorationLitMaterial, compiling. Is special engine material.
[2016.12.15-20.26.29:154][  0]LogMaterial: Missing cached shader map for material ShadedLevelColorationUnlitMateri, compiling. Is special engine material.
[2016.12.15-20.26.29:222][  0]LogMaterial: Missing cached shader map for material VertexColorMaterial, compiling. 
[2016.12.15-20.26.29:298][  0]LogMaterial: Missing cached shader map for material VertexColorViewMode_ColorOnly, compiling. 
[2016.12.15-20.26.29:310][  0]LogMaterial: Missing cached shader map for material VertexColorViewMode_AlphaAsColor, compiling. 
[2016.12.15-20.26.29:322][  0]LogMaterial: Missing cached shader map for material VertexColorViewMode_RedOnly, compiling. 
[2016.12.15-20.26.29:333][  0]LogMaterial: Missing cached shader map for material VertexColorViewMode_GreenOnly, compiling. 
[2016.12.15-20.26.29:344][  0]LogMaterial: Missing cached shader map for material VertexColorViewMode_BlueOnly, compiling. 
[2016.12.15-20.26.29:354][  0]LogMaterial: Missing cached shader map for material RemoveSurfaceMaterial, compiling. 
[2016.12.15-20.26.29:362][  0]LogMaterial: Missing cached shader map for material DebugMeshMaterial, compiling. 
[2016.12.15-20.26.29:379][  0]LogMaterial: Missing cached shader map for material M_InvalidLightmapSettings, compiling. 
[2016.12.15-20.26.29:448][  0]LogMaterial: Missing cached shader map for material GizmoMaterial, compiling. 
[2016.12.15-20.26.29:457][  0]LogMaterial: Missing cached shader map for material PhAT_JointLimitMaterial, compiling. 
[2016.12.15-20.26.29:491][  0]LogInit: XAudio2 using 'Realtek Digital Output (Realtek High Definition Audio)' : 2 channels at 48 kHz using 16 bits per sample (channel mask 0x3)
[2016.12.15-20.26.29:512][  0]LogInit: FAudioDevice initialized.
[2016.12.15-20.26.29:534][  0]LogInit: Texture streaming: Enabled
[2016.12.15-20.26.29:537][  0]LogMaterial: Missing cached shader map for material BaseColor, compiling. 
[2016.12.15-20.26.29:538][  0]LogMaterial:Warning: Failed to compile Material /Engine/BufferVisualization/BaseColor.BaseColor for platform PCD3D_ES2, Default Material will be used in game.
[2016.12.15-20.26.29:538][  0]LogMaterial:Warning: 	(Node FeatureLevelSwitch) Feature Level switch missing default input
[2016.12.15-20.26.29:541][  0]LogMaterial: Missing cached shader map for material CustomDepth, compiling. 
[2016.12.15-20.26.29:559][  0]LogMaterial: Uniform references updated for custom material expression Custom.
[2016.12.15-20.26.29:562][  0]LogMaterial: Missing cached shader map for material CustomStencil, compiling. 
[2016.12.15-20.26.29:570][  0]LogMaterial: Missing cached shader map for material FinalImage, compiling. 
[2016.12.15-20.26.29:577][  0]LogMaterial: Missing cached shader map for material LightingModel, compiling. 
[2016.12.15-20.26.29:584][  0]LogMaterial: Missing cached shader map for material MaterialAO, compiling. 
[2016.12.15-20.26.29:590][  0]LogMaterial: Missing cached shader map for material Metallic, compiling. 
[2016.12.15-20.26.29:599][  0]LogMaterial: Missing cached shader map for material Opacity, compiling. 
[2016.12.15-20.26.29:606][  0]LogMaterial: Missing cached shader map for material Roughness, compiling. 
[2016.12.15-20.26.29:614][  0]LogMaterial: Missing cached shader map for material SceneColor, compiling. 
[2016.12.15-20.26.29:622][  0]LogMaterial: Missing cached shader map for material SceneDepth, compiling. 
[2016.12.15-20.26.29:630][  0]LogMaterial: Missing cached shader map for material SeparateTranslucencyRGB, compiling. 
[2016.12.15-20.26.29:638][  0]LogMaterial: Missing cached shader map for material SeparateTranslucencyA, compiling. 
[2016.12.15-20.26.29:645][  0]LogMaterial: Missing cached shader map for material Specular, compiling. 
[2016.12.15-20.26.29:646][  0]LogMaterial:Warning: Failed to compile Material /Engine/BufferVisualization/Specular.Specular for platform PCD3D_ES2, Default Material will be used in game.
[2016.12.15-20.26.29:646][  0]LogMaterial:Warning: 	(Node FeatureLevelSwitch) Feature Level switch missing default input
[2016.12.15-20.26.29:649][  0]LogMaterial: Missing cached shader map for material SubsurfaceColor, compiling. 
[2016.12.15-20.26.29:656][  0]LogMaterial: Missing cached shader map for material WorldNormal, compiling. 
[2016.12.15-20.26.29:664][  0]LogMaterial: Missing cached shader map for material AmbientOcclusion, compiling. 
[2016.12.15-20.26.29:678][  0]LogMaterial: Missing cached shader map for material CustomDepthWorldUnits, compiling. 
[2016.12.15-20.26.29:685][  0]LogMaterial: Missing cached shader map for material SceneDepthWorldUnits, compiling. 
[2016.12.15-20.26.29:693][  0]LogMaterial: Missing cached shader map for material PreTonemapHDRColor, compiling. 
[2016.12.15-20.26.29:700][  0]LogMaterial: Missing cached shader map for material PostTonemapHDRColor, compiling. 
[2016.12.15-20.26.30:317][  0]LogInit:Display: Game Engine Initialized.
[2016.12.15-20.26.30:663][  0]LogInit:Display: Starting Game.
[2016.12.15-20.26.30:663][  0]LogNet: Browse: /Temp/Autosaves/Temp/UEDPCUntitled_1?Name=Player
[2016.12.15-20.26.30:663][  0]LogLoadingSplash: Loading begins
[2016.12.15-20.26.30:664][  0]LogHMD: FOculusRiftSplash::PushBlackFrame
[2016.12.15-20.26.30:664][  0]LogHMD: FOculusRiftSplash::Show
[2016.12.15-20.26.30:664][  0]LogLoad: LoadMap: /Temp/Autosaves/Temp/UEDPCUntitled_1?Name=Player
[2016.12.15-20.26.30:692][  0]LogMemory: Platform Memory Stats for Windows
[2016.12.15-20.26.30:692][  0]LogMemory: Process Physical Memory: 1120.98 MB used, 1146.42 MB peak
[2016.12.15-20.26.30:692][  0]LogMemory: Process Virtual Memory: 1174.77 MB used, 1174.79 MB peak
[2016.12.15-20.26.30:692][  0]LogMemory: Physical Memory: 10927.08 MB used,  21741.03 MB free, 32668.11 MB total
[2016.12.15-20.26.30:692][  0]LogMemory: Virtual Memory: 1824.95 MB used,  21741.03 MB free, 134217728.00 MB total
[2016.12.15-20.26.30:692][  0]LogMemory: 
[2016.12.15-20.26.30:692][  0]Allocator Stats for TBB: (not implemented)
[2016.12.15-20.26.30:888][  0]LogMaterial: Missing cached shader map for material M_Sky_Panning_Clouds2, compiling. 
[2016.12.15-20.26.31:148][  0]LogAIModule: Creating AISystem for world Untitled_1
[2016.12.15-20.26.31:149][  0]LogLoad: Game class is 'GameModeBase'
[2016.12.15-20.26.31:293][  0]LogWorld: Bringing World /Temp/Autosaves/Temp/UEDPCUntitled_1.Untitled_1 up for play (max tick rate 0) at 2016.12.15-12.26.31
[2016.12.15-20.26.31:293][  0]LogWorld: Bringing up level for play took: 0.002415
[2016.12.15-20.26.31:302][  0]LogTexture:Display: Building textures: VirtualJoystick_Thumb (BGRA8)
[2016.12.15-20.26.31:304][  0]LogTexture:Display: Building textures: VirtualJoystick_Background (BGRA8)
[2016.12.15-20.26.31:317][  0]LogLoadingSplash: Loading ends
[2016.12.15-20.26.31:317][  0]LogHMD: FOculusRiftSplash::Hide
[2016.12.15-20.26.31:317][  0]LogHMD: FOculusRiftSplash::PushBlackFrame
[2016.12.15-20.26.31:317][  0]LogLoad: Took 0.653293 seconds to LoadMap(/Temp/Autosaves/Temp/UEDPCUntitled_1)
[2016.12.15-20.26.31:841][  0]LogLoad: (Engine Initialization) Total time: 45.18 seconds
[2016.12.15-20.26.31:841][  0]LogLoad: (Engine Initialization) Total Blueprint compile time: 0.17 seconds
[2016.12.15-20.26.31:841][  0]LogExternalProfiler: Found external profiler: VSPerf
[2016.12.15-20.26.31:841][  0]LogExternalProfiler: Using external profiler: VSPerf
[2016.12.15-20.26.31:864][  0]LogOcInput: OculusInput pre-init called
[2016.12.15-20.26.31:881][  0]LogOcInput: OculusInput is initialized. Init status 0. Runtime version: 1.10.2
[2016.12.15-20.26.31:928][  1]LogRenderer: Reallocating scene render targets to support 1280x720 NumSamples 1 (Frame:2).
[2016.12.15-20.26.47:581][904]LogEngine: All Windows Closed
[2016.12.15-20.26.47:581][904]LogWindows: FPlatformMisc::RequestExit(0)
[2016.12.15-20.26.47:581][905]LogMoviePlayer: Shutting down movie player
[2016.12.15-20.26.48:590][905]LogExit: Preparing to exit.
[2016.12.15-20.26.49:693][905]LogExit: Game engine shut down
[2016.12.15-20.26.49:764][905]LogObj: Freed 0b from 0 cluster array pools.
[2016.12.15-20.26.49:764][905]LogExit: Object subsystem successfully closed.
[2016.12.15-20.26.49:777][905]LogD3D11RHI: Shutdown
[2016.12.15-20.26.49:777][905]LogD3D11RHI: CleanupD3DDevice
[2016.12.15-20.26.49:809][905]LogD3D11RHI: ~FD3D11DynamicRHI
[2016.12.15-20.26.49:839][905]LogModuleManager: Shutting down and abandoning module SequenceRecorderSections (125)
[2016.12.15-20.26.49:839][905]LogModuleManager: Shutting down and abandoning module SequenceRecorder (124)
[2016.12.15-20.26.49:839][905]LogModuleManager: Shutting down and abandoning module AutomationController (123)
[2016.12.15-20.26.49:839][905]LogModuleManager: Shutting down and abandoning module AutomationWorker (122)
[2016.12.15-20.26.49:839][905]LogModuleManager: Shutting down and abandoning module GameplayDebugger (121)
[2016.12.15-20.26.49:839][905]LogModuleManager: Shutting down and abandoning module AITestSuite (120)
[2016.12.15-20.26.49:839][905]LogModuleManager: Shutting down and abandoning module AIModule (119)
[2016.12.15-20.26.49:839][905]LogModuleManager: Shutting down and abandoning module WmfMediaFactory (118)
[2016.12.15-20.26.49:839][905]LogModuleManager: Shutting down and abandoning module AvfMediaFactory (117)
[2016.12.15-20.26.49:839][905]LogModuleManager: Shutting down and abandoning module Media (116)
[2016.12.15-20.26.49:839][905]LogModuleManager: Shutting down and abandoning module AndroidMediaFactory (115)
[2016.12.15-20.26.49:839][905]LogModuleManager: Shutting down and abandoning module CharacterAI (114)
[2016.12.15-20.26.49:839][905]LogModuleManager: Shutting down and abandoning module SessionServices (113)
[2016.12.15-20.26.49:839][905]LogModuleManager: Shutting down and abandoning module MovieSceneCapture (112)
[2016.12.15-20.26.49:839][905]LogModuleManager: Shutting down and abandoning module GeometryCacheEd (111)
[2016.12.15-20.26.49:839][905]LogModuleManager: Shutting down and abandoning module GeometryCache (110)
[2016.12.15-20.26.49:839][905]LogModuleManager: Shutting down and abandoning module Niagara (109)
[2016.12.15-20.26.49:839][905]LogModuleManager: Shutting down and abandoning module StreamingPauseRendering (108)
[2016.12.15-20.26.49:839][905]LogModuleManager: Shutting down and abandoning module PortalServices (107)
[2016.12.15-20.26.49:839][905]LogModuleManager: Shutting down and abandoning module PortalRpc (106)
[2016.12.15-20.26.49:839][905]LogModuleManager: Shutting down and abandoning module MessagingRpc (105)
[2016.12.15-20.26.49:839][905]LogModuleManager: Shutting down and abandoning module ProfilerService (104)
[2016.12.15-20.26.50:039][905]LogModuleManager: Shutting down and abandoning module TaskGraph (103)
[2016.12.15-20.26.50:039][905]LogModuleManager: Shutting down and abandoning module SlateRemote (102)
[2016.12.15-20.26.50:039][905]LogModuleManager: Shutting down and abandoning module SteamVRController (101)
[2016.12.15-20.26.50:039][905]LogModuleManager: Shutting down and abandoning module SteamVR (100)
[2016.12.15-20.26.50:039][905]LogModuleManager: Shutting down and abandoning module ProceduralMeshComponent (99)
[2016.12.15-20.26.50:039][905]LogModuleManager: Shutting down and abandoning module OculusLibrary (98)
[2016.12.15-20.26.50:039][905]LogModuleManager: Shutting down and abandoning module OculusInput (97)
[2016.12.15-20.26.50:039][905]LogModuleManager: Shutting down and abandoning module MobilePatchingUtils (96)
[2016.12.15-20.26.50:039][905]LogModuleManager: Shutting down and abandoning module CustomMeshComponent (95)
[2016.12.15-20.26.50:039][905]LogModuleManager: Shutting down and abandoning module CableComponent (94)
[2016.12.15-20.26.50:039][905]LogModuleManager: Shutting down and abandoning module ArchVisCharacter (93)
[2016.12.15-20.26.50:039][905]LogModuleManager: Shutting down and abandoning module HTML5Networking (91)
[2016.12.15-20.26.50:039][905]LogModuleManager: Shutting down and abandoning module DesktopPlatform (90)
[2016.12.15-20.26.50:039][905]LogModuleManager: Shutting down and abandoning module DirectoryWatcher (89)
[2016.12.15-20.26.50:039][905]LogModuleManager: Shutting down and abandoning module HotReload (88)
[2016.12.15-20.26.50:039][905]LogModuleManager: Shutting down and abandoning module VisualStudioSourceCodeAccess (87)
[2016.12.15-20.26.50:039][905]LogModuleManager: Shutting down and abandoning module UObjectPlugin (86)
[2016.12.15-20.26.50:039][905]LogModuleManager: Shutting down and abandoning module SubversionSourceControl (85)
[2016.12.15-20.26.50:039][905]LogModuleManager: Shutting down and abandoning module SourceControl (84)
[2016.12.15-20.26.50:039][905]LogModuleManager: Shutting down and abandoning module PerforceSourceControl (83)
[2016.12.15-20.26.50:039][905]LogModuleManager: Shutting down and abandoning module UdpMessaging (82)
[2016.12.15-20.26.50:139][905]LogModuleManager: Shutting down and abandoning module TcpMessaging (81)
[2016.12.15-20.26.50:481][905]LogModuleManager: Shutting down and abandoning module LightPropagationVolumeRuntime (80)
[2016.12.15-20.26.50:481][905]LogModuleManager: Shutting down and abandoning module Paper2D (79)
[2016.12.15-20.26.50:481][905]LogModuleManager: Shutting down and abandoning module WindowsMoviePlayer (78)
[2016.12.15-20.26.50:481][905]LogModuleManager: Shutting down and abandoning module WmfMedia (77)
[2016.12.15-20.26.50:481][905]LogModuleManager: Shutting down and abandoning module MediaAssets (76)
[2016.12.15-20.26.50:481][905]LogModuleManager: Shutting down and abandoning module GameLiveStreaming (75)
[2016.12.15-20.26.50:481][905]LogModuleManager: Shutting down and abandoning module GameplayTagsEditor (74)
[2016.12.15-20.26.50:481][905]LogModuleManager: Shutting down and abandoning module VREditor (73)
[2016.12.15-20.26.50:481][905]LogModuleManager: Shutting down and abandoning module GameplayTasksEditor (72)
[2016.12.15-20.26.50:481][905]LogModuleManager: Shutting down and abandoning module BehaviorTreeEditor (71)
[2016.12.15-20.26.50:481][905]LogModuleManager: Shutting down and abandoning module FunctionalTesting (70)
[2016.12.15-20.26.50:481][905]LogModuleManager: Shutting down and abandoning module CollisionAnalyzer (69)
[2016.12.15-20.26.50:481][905]LogModuleManager: Shutting down and abandoning module Sequencer (68)
[2016.12.15-20.26.50:481][905]LogModuleManager: Shutting down and abandoning module WorkspaceMenuStructure (67)
[2016.12.15-20.26.50:481][905]LogModuleManager: Shutting down and abandoning module MessageLog (66)
[2016.12.15-20.26.50:481][905]LogModuleManager: Shutting down and abandoning module AssetTools (65)
[2016.12.15-20.26.50:481][905]LogModuleManager: Shutting down and abandoning module UMGEditor (64)
[2016.12.15-20.26.50:481][905]LogModuleManager: Shutting down and abandoning module UMG (63)
[2016.12.15-20.26.50:481][905]LogModuleManager: Shutting down and abandoning module SlateReflector (62)
[2016.12.15-20.26.50:481][905]LogModuleManager: Shutting down and abandoning module Slate (61)
[2016.12.15-20.26.50:481][905]LogModuleManager: Shutting down and abandoning module EditorStyle (60)
[2016.12.15-20.26.50:483][905]LogModuleManager: Shutting down and abandoning module Messaging (59)
[2016.12.15-20.26.50:483][905]LogModuleManager: Shutting down and abandoning module SourceCodeAccess (58)
[2016.12.15-20.26.50:483][905]LogModuleManager: Shutting down and abandoning module HeadMountedDisplay (57)
[2016.12.15-20.26.50:483][905]LogModuleManager: Shutting down and abandoning module XAudio2 (56)
[2016.12.15-20.26.50:483][905]LogModuleManager: Shutting down and abandoning module Networking (54)
[2016.12.15-20.26.50:483][905]LogModuleManager: Shutting down and abandoning module Core (53)
[2016.12.15-20.26.50:483][905]LogModuleManager: Shutting down and abandoning module KismetCompiler (52)
[2016.12.15-20.26.50:483][905]LogModuleManager: Shutting down and abandoning module PhysXFormats (51)
[2016.12.15-20.26.50:483][905]LogModuleManager: Shutting down and abandoning module SimplygonSwarm (50)
[2016.12.15-20.26.50:483][905]LogModuleManager: Shutting down and abandoning module SimplygonMeshReduction (49)
[2016.12.15-20.26.50:483][905]LogModuleManager: Shutting down and abandoning module QuadricMeshReduction (48)
[2016.12.15-20.26.50:483][905]LogModuleManager: Shutting down and abandoning module PropertyEditor (47)
[2016.12.15-20.26.50:483][905]LogModuleManager: Shutting down and abandoning module MeshUtilities (46)
[2016.12.15-20.26.50:483][905]LogModuleManager: Shutting down and abandoning module AssetRegistry (45)
[2016.12.15-20.26.50:483][905]LogModuleManager: Shutting down and abandoning module DerivedDataCache (44)
[2016.12.15-20.26.50:699][905]LogDerivedDataCache: Shutdown
[2016.12.15-20.26.50:699][905]LogModuleManager: Shutting down and abandoning module VulkanShaderFormat (43)
[2016.12.15-20.26.50:699][905]LogModuleManager: Shutting down and abandoning module ShaderFormatOpenGL (42)
[2016.12.15-20.26.50:699][905]LogModuleManager: Shutting down and abandoning module ShaderFormatD3D (41)
[2016.12.15-20.26.50:699][905]LogModuleManager: Shutting down and abandoning module MetalShaderFormat (40)
[2016.12.15-20.26.50:699][905]LogModuleManager: Shutting down and abandoning module TextureFormatUncompressed (39)
[2016.12.15-20.26.50:699][905]LogModuleManager: Shutting down and abandoning module TextureFormatPVR (38)
[2016.12.15-20.26.50:699][905]LogModuleManager: Shutting down and abandoning module TextureFormatDXT (37)
[2016.12.15-20.26.50:699][905]LogModuleManager: Shutting down and abandoning module TextureFormatIntelISPCTexComp (36)
[2016.12.15-20.26.50:699][905]LogModuleManager: Shutting down and abandoning module ImageWrapper (35)
[2016.12.15-20.26.50:699][905]LogModuleManager: Shutting down and abandoning module TextureFormatASTC (34)
[2016.12.15-20.26.50:699][905]LogModuleManager: Shutting down and abandoning module TextureFormatAndroid (33)
[2016.12.15-20.26.50:699][905]LogModuleManager: Shutting down and abandoning module AudioFormatOpus (32)
[2016.12.15-20.26.50:699][905]LogModuleManager: Shutting down and abandoning module AudioFormatOgg (31)
[2016.12.15-20.26.50:699][905]LogModuleManager: Shutting down and abandoning module AudioFormatADPCM (30)
[2016.12.15-20.26.50:699][905]LogModuleManager: Shutting down and abandoning module WindowsTargetPlatform (29)
[2016.12.15-20.26.50:699][905]LogModuleManager: Shutting down and abandoning module WindowsServerTargetPlatform (28)
[2016.12.15-20.26.50:699][905]LogModuleManager: Shutting down and abandoning module WindowsNoEditorTargetPlatform (27)
[2016.12.15-20.26.50:699][905]LogModuleManager: Shutting down and abandoning module WindowsClientTargetPlatform (26)
[2016.12.15-20.26.50:699][905]LogModuleManager: Shutting down and abandoning module TargetPlatform (25)
[2016.12.15-20.26.50:699][905]LogModuleManager: Shutting down and abandoning module InputCore (24)
[2016.12.15-20.26.50:699][905]LogModuleManager: Shutting down and abandoning module Settings (23)
[2016.12.15-20.26.50:699][905]LogModuleManager: Shutting down and abandoning module OculusRift (22)
[2016.12.15-20.26.50:700][905]LogHMD: Oculus shutdown.
[2016.12.15-20.26.50:700][905]LogModuleManager: Shutting down and abandoning module ExampleDeviceProfileSelector (21)
[2016.12.15-20.26.50:700][905]LogModuleManager: Shutting down and abandoning module OnlineBlueprintSupport (20)
[2016.12.15-20.26.50:700][905]LogModuleManager: Shutting down and abandoning module OnlineSubsystem (18)
[2016.12.15-20.26.50:700][905]LogOnline:Display: Unloading online subsystem: NULL
[2016.12.15-20.26.50:700][905]LogModuleManager: Shutting down and abandoning module SSL (17)
[2016.12.15-20.26.50:701][905]LogModuleManager: Shutting down and abandoning module HTTP (16)
[2016.12.15-20.26.50:701][905]LogModuleManager: Shutting down and abandoning module XMPP (15)
[2016.12.15-20.26.50:701][905]LogModuleManager: Shutting down and abandoning module TextureCompressor (14)
[2016.12.15-20.26.50:701][905]LogModuleManager: Shutting down and abandoning module ShaderCore (13)
[2016.12.15-20.26.50:701][905]LogModuleManager: Shutting down and abandoning module Landscape (12)
[2016.12.15-20.26.50:701][905]LogModuleManager: Shutting down and abandoning module SlateRHIRenderer (11)
[2016.12.15-20.26.50:701][905]LogModuleManager: Shutting down and abandoning module OpenGLDrv (10)
[2016.12.15-20.26.50:701][905]LogModuleManager: Shutting down and abandoning module D3D11RHI (9)
[2016.12.15-20.26.50:701][905]LogModuleManager: Shutting down and abandoning module AnimGraphRuntime (8)
[2016.12.15-20.26.50:701][905]LogModuleManager: Shutting down and abandoning module Renderer (7)
[2016.12.15-20.26.50:701][905]LogModuleManager: Shutting down and abandoning module Engine (6)
[2016.12.15-20.26.50:701][905]LogModuleManager: Shutting down and abandoning module CoreUObject (5)
[2016.12.15-20.26.50:701][905]LogModuleManager: Shutting down and abandoning module NetworkFile (4)
[2016.12.15-20.26.50:701][905]LogModuleManager: Shutting down and abandoning module StreamingFile (3)
[2016.12.15-20.26.50:701][905]LogModuleManager: Shutting down and abandoning module SandboxFile (2)
[2016.12.15-20.26.50:701][905]LogModuleManager: Shutting down and abandoning module PakFile (1)
[2016.12.15-20.26.50:703][905]LogExit: Exiting.
[2016.12.15-20.26.50:704][905]Log file closed, 12/15/16 12:26:50
